 HQ AFSPC Sgp4Prop DLL - Version: v8.0 - Build: Nov 05 2020 - Platform: Windows 64-bit                                         


EPHEMERIS GENERATED BY SGP4 USING THE WGS-72 EARTH MODEL
COORDINATE FRAME=TRUE EQUATOR AND MEAN EQUINOX OF EPOCH
USING THE FK5 MEAN OF J2000 TIME AND REFERENCE FRAME

INPUT FILE = input\rel14_type4.inp
Start Time =         0.0000 min from epoch
Stop Time  =     43200.0000 min from epoch
Step size  =      2700.0000 min


     TSINCE (MIN)           X (KM)           Y (KM)           Z (KM)      XDOT (KM/S)       YDOT(KM/S)    ZDOT (KM/SEC)


 1 90021U RELEAS14 00051.47568104 +.00000184  00000 0  00000 0 4 0814                                                                                                                                                                                                                                                                                                                                                                                                                                                           
 2 90021   0.0222 182.4923 0000720  45.6036 131.8822  1.0027132801199                                                                                                                                                                                                                                                                                                                                                                                                                                                           

         0.0000000    42165.3311654      -11.5960380        0.7149141        0.0010104        3.0746042       -0.0011902
      2700.0000000    30777.5907810   -28820.2759257       12.8067490        2.1015762        2.2442246       -0.0009759
      5400.0000000     2786.7047070   -42071.4036711       18.7557187        3.0679363        0.2028907       -0.0001279
      8100.0000000   -26702.7932927   -32624.9652418       15.4427192        2.3793675       -1.9478462        0.0007180
     10800.0000000   -41785.8024877    -5585.1179277        7.5326102        0.4072812       -3.0479986        0.0012500
     13500.0000000   -34332.9991447    24462.1797878       -3.3097266       -1.7843853       -2.5045497        0.0014815
     16200.0000000    -8370.7835348    41319.2549350      -17.4874527       -3.0136934       -0.6109854        0.0011829
     18900.0000000    22099.2782896    35908.3054671      -27.7781131       -2.6185940        1.6111783        0.0000168
     21600.0000000    40662.6160187    11155.9602892      -22.2459910       -0.8134514        2.9649724       -0.0015333
     24300.0000000    37331.3865980   -19601.6697238       -1.4447560        1.4293768        2.7220771       -0.0023020
     27000.0000000    13905.1611790   -39802.1896330       19.6077947        2.9028303        1.0136788       -0.0017916
     29700.0000000   -17004.3500999   -38574.0970734       30.5448153        2.8137872       -1.2406900       -0.0005445
     32400.0000000   -38755.8081945   -16584.7477666       31.2424991        1.2098690       -2.8271657        0.0009829
     35100.0000000   -39647.3580573    14324.7099818       17.5422137       -1.0448298       -2.8922183        0.0024932
     37800.0000000   -19210.8066484    37527.1339709      -11.6397548       -2.7369422       -1.4015654        0.0029461
     40500.0000000    11552.5777907    40547.7833623      -38.7807432       -2.9570204        0.8423380        0.0015838
     43200.0000000    36104.9294094    21770.2109558      -43.4818091       -1.5877644        2.6331374       -0.0007982


 1 90022U RELEAS14 00051.59174492 +.00000136  00000 0  00000 0 4 0733                                                                                                                                                                                                                                                                                                                                                                                                                                                           
 2 90022   4.5701  71.6069 0014162  60.8451 299.2453  0.9654587100306                                                                                                                                                                                                                                                                                                                                                                                                                                                           

         0.0000000    13671.2911426    40991.6532265       -3.0849123       -2.8742278        0.9546532        0.2420907
      2700.0000000    43089.3583072     2482.1293970    -3205.6299302       -0.1713760        3.0274218        0.0893897
      5400.0000000    18275.4034315   -39189.4306804    -2377.2614482        2.7393168        1.2869003       -0.1752761
      8100.0000000   -29492.3493217   -31604.0603323     1437.2005772        2.2053787       -2.0742230       -0.2199611
     10800.0000000   -40054.4894091    15773.7249662     3443.1701642       -1.1151133       -2.8281734        0.0128918
     13500.0000000       37.7698326    43178.0514182     1094.6847833       -3.0309632       -0.0061864        0.2303057
     16200.0000000    40116.1198000    15984.1733479    -2646.5841262       -1.1168341        2.8172537        0.1565623
     18900.0000000    29676.6185001   -31393.6235226    -3056.3721077        2.1956924        2.0872018       -0.1141566
     21600.0000000   -18058.9359564   -39320.6328870      376.5697834        2.7458198       -1.2680884       -0.2412355
     24300.0000000   -43009.0650549     2254.5115636     3331.1638580       -0.1672105       -3.0341156       -0.0644126
     27000.0000000   -13588.1636447    40939.2551678     2078.5935755       -2.8759087       -0.9662301        0.1943437
     29700.0000000    33040.0659375    27841.5057343    -1805.1484983       -1.9485727        2.3189328        0.2077926
     32400.0000000    38044.3107504   -20394.5341166    -3425.0811071        1.4282646        2.6742050       -0.0404309
     35100.0000000    -4782.2281819   -43014.4521413     -737.4049550        3.0053347       -0.3331776       -0.2380689
     37800.0000000   -41554.9636650   -11514.2512253     2880.5136911        0.7976437       -2.9282360       -0.1359556
     40500.0000000   -25825.1475523    34488.9066807     2857.1465065       -2.4255019       -1.8281726        0.1385036
     43200.0000000    22590.0150994    36840.6696545     -780.0505943       -2.5814494        1.5831550        0.2379039


 1 90023U RELEAS14 00051.45013393 +.00000064  00000 0  00000 0 4 0221                                                                                                                                                                                                                                                                                                                                                                                                                                                           
 2 90023  54.9132 182.6983 0017768 176.8444 183.1487  2.0055852401395                                                                                                                                                                                                                                                                                                                                                                                                                                                           

         0.0000000   -26578.8435899    -1247.7845787       -6.8132507        0.1038007       -2.2204055        3.1644658
      2700.0000000    -2549.1270055    15132.0594350   -21686.2297984       -3.8530100       -0.3281842        0.2155079
      5400.0000000    26162.7599245     3194.1326220    -2884.4566247       -0.6126505        2.1857303       -3.1476867
      8100.0000000     5805.5124957   -14732.6042137    21309.6988606        3.7777391        0.6008576       -0.6221319
     10800.0000000   -25489.5629074    -5074.0361709     5695.2477739        1.1028395       -2.1008723        3.0539558
     13500.0000000    -9335.4716455    14057.5857617   -20534.0403650       -3.6245858       -0.8775151        1.0386629
     16200.0000000    24166.0765085     6898.3388130    -8461.0086927       -1.5898598        1.9933960       -2.9249989
     18900.0000000    12345.7501215   -13190.9801244    19437.5853135        3.4271219        1.1280116       -1.4196184
     21600.0000000   -22654.1285195    -8565.0290912    11004.0117405        2.0274818       -1.8434608        2.7298985
     24300.0000000   -15475.1875288    12060.1538805   -17946.8223247       -3.1480706       -1.3673173        1.7872141
     27000.0000000    20506.3828398    10135.3760051   -13426.5283627       -2.4545429        1.6702885       -2.4969418
     29700.0000000    18021.7416368   -10791.0536400    16200.8003877        2.8408788        1.5801938       -2.1159800
     32400.0000000   -18271.5923331   -11492.6012891    15533.9179238        2.8131118       -1.4670831        2.2144764
     35100.0000000   -20558.8778583     9281.1590641   -14095.5417918       -2.4560873       -1.7674662        2.4100347
     37800.0000000    15424.1080106    12707.1910464   -17453.6706895       -3.1506596        1.2376280       -1.8920340
     40500.0000000    22464.0313062    -7678.4921036    11818.8054202        2.0571099        1.9286528       -2.6651688
     43200.0000000   -12641.9964436   -13663.1760698    18978.6989814        3.4067998       -0.9945607        1.5444567


 1 90024U RELEAS14 00051.03935584 +.00001327  00000 0  00000 0 4 0882                                                                                                                                                                                                                                                                                                                                                                                                                                                           
 2 90024  64.7717 195.4038 6033327 269.3020  18.6110  2.0061535803847                                                                                                                                                                                                                                                                                                                                                                                                                                                           

         0.0000000   -13947.8971712    -2058.3444734    -3645.6379550       -3.5979387       -3.0382724        4.1906802
      2700.0000000    22189.0450649    -3404.2102236    19382.4466463        0.1771501        1.5486651       -3.0724449
      5400.0000000    10019.7791181   -15614.0204666    37553.4737415        1.7420076        0.7748422       -0.6222824
      8100.0000000    -8960.5363674   -18647.7380667    33319.9200700        1.7556406       -0.2483495        1.4736895
     10800.0000000   -18347.6389612    -7252.7991915     4897.5229123       -1.0746511       -2.3305248        4.1979167
     13500.0000000    21721.1719535     -445.1770058    12647.1310861       -0.6632394        1.6233239       -3.6914754
     16200.0000000    13200.6061704   -14031.6953339    35895.0990436        1.6199989        0.9265594       -1.0368471
     18900.0000000    -5555.8642939   -18862.4844968    35843.3963809        1.8439077       -0.0317037        1.0428489
     21600.0000000   -19222.4086721   -11142.8961086    12838.1463920        0.1854035       -1.7107652        3.6187305
     24300.0000000    18991.0450900     2630.2494039     4481.8841563       -2.1512560        1.5422257       -4.2981405
     27000.0000000    16157.3752002   -12127.0203174    33333.8913235        1.4426451        1.0799754       -1.4810531
     29700.0000000    -1961.7798239   -18693.8696996    37545.2954004        1.8867706        0.1657826        0.6224444
     32400.0000000   -18207.1440959   -13996.7366429    19667.7505000        0.8836083       -1.2401550        3.0059025
     35100.0000000    11822.7858430     5105.1442884    -4608.2282979       -5.0634039        0.7694073       -4.1289526
     37800.0000000    18761.3504876    -9887.7447267    29745.7154512        1.1857078        1.2375333       -1.9679121
     40500.0000000     1768.5162015   -18154.2729824    38406.4190596        1.8901830        0.3510845        0.2033728
     43200.0000000   -16051.5575054   -16041.4469263    25381.4668931        1.3069694       -0.8701713        2.4365953


 1 90025U RELEAS14 00051.03935584 +.00001327  00000 0  00000 0 4 0882                                                                                                                                                                                                                                                                                                                                                                                                                                                           
 2 90025  64.7717 195.4038 6833327 269.3020  18.6110  2.0061535803847                                                                                                                                                                                                                                                                                                                                                                                                                                                           

         0.0000000   -13773.6309826    -3797.0075832       13.7650727       -2.8952551       -3.1226438        4.7603389
      2700.0000000    20585.9839720    -5564.8968084    22874.9734087        0.2870882        1.4774550       -2.8664119
      5400.0000000     9442.9383667   -16759.8640706    39562.8908123        1.5241248        0.6847053       -0.5652381
      8100.0000000    -7241.3431336   -19316.2491844    35713.3033718        1.5672284       -0.2398698        1.3435402
     10800.0000000   -16982.9077729    -8811.0695374     8999.8465973       -0.5937220       -2.1929144        4.1872987
     13500.0000000    20452.9927586    -2759.4736769    16518.0647846       -0.3750582        1.6156627       -3.5207839
     16200.0000000    12127.7095019   -15406.2672797    38049.5569385        1.4302688        0.8222739       -0.9441512
     18900.0000000    -4334.2343542   -19538.8813979    38019.0337096        1.6263182       -0.0520895        0.9463764
     21600.0000000   -17238.1352314   -12381.0921116    16766.3206558        0.3986457       -1.5698421        3.4409102
     24300.0000000    18490.2707684      400.2158973     8477.5839458       -1.6279652        1.6950272       -4.3186232
     27000.0000000    14675.4208256   -13748.7155044    35685.5255902        1.2945043        0.9670867       -1.3561441
     29700.0000000    -1265.8296941   -19437.9687123    39575.3761637        1.6536253        0.1206592        0.5585121
     32400.0000000   -16032.7333620   -14972.1721563    23269.3065743        0.9234308       -1.1330046        2.7892515
     35100.0000000    12353.2113420     3515.9261907    -1410.1531022       -4.6645981        1.2619354       -4.8314558
     37800.0000000    16987.4841784   -11758.1356721    32326.9031807        1.0964222        1.1239899       -1.8169093
     40500.0000000     1933.4278995   -19014.7706071    40349.4652519        1.6529071        0.2848830        0.1706175
     43200.0000000   -13957.4668518   -16836.1558667    28637.7566710        1.2357799       -0.8004638        2.2232770


 1 90026U RELEAS14 00051.03935584 +.00001327  00000 0  00000 0 4 0882                                                                                                                                                                                                                                                                                                                                                                                                                                                           
 2 90026  64.7717 195.4038 7233327 269.3020  18.6110  2.0061535803847                                                                                                                                                                                                                                                                                                                                                                                                                                                           

         0.0000000   -13454.5268767    -4674.4716374     1992.0110246       -2.4631030       -3.1062899        4.9710030
      2700.0000000    19628.1195862    -6666.6269052    24570.0521222        0.3179737        1.4344827       -2.7623014
      5400.0000000     9121.1999626   -17340.9503416    40563.1297695        1.4097228        0.6388857       -0.5395973
      8100.0000000    -6368.1506698   -19627.3695450    36887.4537834        1.4639466       -0.2417986        1.2841786
     10800.0000000   -16068.1444341    -9514.8909859    11066.5839900       -0.3815441       -2.1100108        4.1374132
     13500.0000000    19594.1505963    -3978.9911386    18415.6015911       -0.2559171        1.5969570       -3.4206588
     16200.0000000    11514.2781694   -16114.8712575    39114.1660692        1.3291204        0.7687188       -0.9024493
     18900.0000000    -3758.3390477   -19865.0363815    39095.9863762        1.5105796       -0.0684016        0.9023829
     21600.0000000   -16101.1789976   -12908.4540091    18700.9164742        0.4702234       -1.5023548        3.3369778
     24300.0000000    17963.0030644     -828.1052835    10478.4208022       -1.3722583        1.7476030       -4.2843935
     27000.0000000    13815.7922336   -14593.8992077    36832.5466289        1.2127690        0.9086306       -1.3004045
     29700.0000000     -994.6430428   -19810.3657915    40588.8860834        1.5317105        0.0922670        0.5283342
     32400.0000000   -14885.3531438   -15375.4523584    25041.8687083        0.9146405       -1.0875696        2.6775124
     35100.0000000    12407.8498605     2585.5543019      254.3245317       -4.3581930        1.5298146       -5.1524622
     37800.0000000    15941.1473962   -12739.2149474    33560.5609071        1.0420091        1.0646734       -1.7504118
     40500.0000000     1903.0570513   -19457.9834880    41321.9200903        1.5300970        0.2464406        0.1527844
     43200.0000000   -12921.2731560   -17165.1607510    30256.3208455        1.1782373       -0.7750583        2.1166154


 1 90027U RELEAS14 00051.03935584 +.00000209  00000 0  99999-4 4 1844                                                                                                                                                                                                                                                                                                                                                                                                                                                           
 2 90027  64.3871 233.3669 6991935 271.4388  16.5332  1.9699794003847                                                                                                                                                                                                                                                                                                                                                                                                                                                           

         0.0000000    -8063.5115922   -10861.5890124       30.6809349       -0.3387875       -4.4236493        4.9423649
      2700.0000000    21666.8354883     4232.9421767    30882.0457591       -0.1152359        1.4539420       -2.0110571
      5400.0000000    13312.5657893   -14604.9208088    40532.2829514        1.1481511        1.1433436        0.4738340
      8100.0000000    -5466.3009390   -19418.9142111    15473.1968031        1.3192789       -1.1657113        3.6643812
     10800.0000000    20174.2123156     8830.1081218    22214.3010390       -0.8166662        1.2284312       -2.9121660
     13500.0000000    16860.2095566   -10398.1880379    41111.3695757        0.9343437        1.3214929       -0.1421630
     16200.0000000     -553.5888113   -21311.7461917    26403.6936928        1.5001828       -0.0474618        2.5315486
     18900.0000000    15192.0674578    11846.7286062     9716.4161489       -2.2187644        0.3760202       -4.1296906
     21600.0000000    19638.5632760    -5655.7276613    39484.3243455        0.6656318        1.4375804       -0.7689263
     24300.0000000     4525.5276172   -20384.3754991    33891.9662955        1.4509229        0.5344312        1.6749646
     27000.0000000     1338.3563703     6430.4530481    -6213.6922957       -6.0609318       -5.2134192       -3.0685481
     29700.0000000    21366.3391743     -640.0072125    35546.4076901        0.3147250        1.4883482       -1.4408048
     32400.0000000     9257.8476336   -17896.4551680    38569.0126506        1.3251867        0.8956656        0.9656592
     35100.0000000    -8685.3324179   -13695.7426502     4109.0330970        0.3019045       -3.2098273        4.7361891
     37800.0000000    21663.4008243     4338.7344559    29107.3248912       -0.1821318        1.4413758       -2.2081930
     40500.0000000    13460.4027182   -14419.3808000    40848.9634193        1.1551371        1.1410305        0.3301357
     43200.0000000    -5368.4109312   -20091.9293597    18370.5237718        1.3569726       -0.8848595        3.3580382


 1 90028U RELEAS14 00051.15714066 -.00000031  00000 0 -13568-4 4 0377                                                                                                                                                                                                                                                                                                                                                                                                                                                           
 2 90028  72.5158 115.6069 0011430 124.7615 235.4297 12.4439648802428                                                                                                                                                                                                                                                                                                                                                                                                                                                           

         0.0000000    -3406.9071048     7100.5643737       10.9472621       -1.9189418       -0.9386133        6.7850708
      2700.0000000     -735.4932868    -3797.7705082     6841.4337488        3.3363145       -5.6472729       -2.7758363
      5400.0000000     3468.8094967    -4309.3722513    -5599.7807325       -0.4967091        5.4672800       -4.5233280
      8100.0000000    -1557.9572098     7363.2297316    -2326.1820681       -2.5988187        1.4835767        6.4506949
     10800.0000000    -2062.6007509    -1389.4693019     7455.3836593        2.0301061       -6.7891462       -0.7070721
     13500.0000000     2593.9296072    -6405.2837412    -3765.3621853        1.0577477        3.8739571       -5.8757007
     16200.0000000      331.4611643     6505.0784055    -4432.5419665       -2.3900850        3.8510620        5.4757523
     18900.0000000    -2489.6581805     1380.0890562     7326.8375418        0.3739545       -6.9651337        1.4316284
     21600.0000000     1037.9896672    -7642.0171967    -1556.3128624        1.9824016        1.6143982       -6.6454871
     24300.0000000     1809.4274058     4649.0601592    -6098.5024963       -1.3870510        5.7349565        3.9595371
     27000.0000000    -1948.7932809     4022.0656869     6468.9222820       -1.2174040       -6.1210421        3.4270158
     29700.0000000     -796.7965054    -7782.8413673      807.0497664        2.0674701       -0.9208716       -6.7537450
     32400.0000000     2519.2236149     2111.5539159    -7160.4303826        0.1444527        6.7994147        2.0533746
     35100.0000000     -585.5232915     6071.5095830     4966.3993730       -2.3468644       -4.3985026        5.0821986
     37800.0000000    -2448.3178297    -6802.1273943     3090.4072701        1.2907104       -3.2860349       -6.1881229
     40500.0000000     2275.1511063     -660.3115641    -7513.6908279        1.8243689        6.8655881       -0.0546563
     43200.0000000     1272.2507581     7175.7249473     2969.3068297       -2.7186096       -2.1093141        6.2310352


 1 90029U RELEAS14 00051.38558242 +.00000961  00000 0  44365-3 4 5319                                                                                                                                                                                                                                                                                                                                                                                                                                                           
 2 90029  98.7064 100.2836 0014146 119.4841 240.7749 14.2193618701011                                                                                                                                                                                                                                                                                                                                                                                                                                                           

         0.0000000    -1284.5062090     7092.3061552       14.6514744        1.1111321        0.1767219        7.3500027
      2700.0000000      239.5937410    -4936.6148127    -5242.0681821       -1.8938495        5.1848223       -4.9791325
      5400.0000000     1179.4754706     -242.1759221     7088.0924355        1.7141439       -7.2251911       -0.5358581
      8100.0000000    -2190.5370217     5212.5243148    -4476.2455775       -0.4301680        4.7244975        5.7157741
     10800.0000000     2012.1425560    -6835.4992675    -1032.5682974       -1.3863773        0.6806251       -7.2814675
     13500.0000000     -538.1038457     4188.1725211     5824.3324870        2.6472138       -5.5378587        4.2108620
     16200.0000000    -1546.6696861     1022.1890409    -6969.4266582       -2.4251698        6.8442036        1.5393958
     18900.0000000     2948.5217259    -5459.3455799     3638.8793668        0.6179901       -3.8934687       -6.3195737
     21600.0000000    -2664.6491667     6401.4750008     1946.8851845        1.8479005       -1.3975113        7.0708649
     24300.0000000      604.1527894    -3342.5634146    -6359.9039215       -3.4507776        5.6768138       -3.3177466
     27000.0000000     2081.9175320    -1668.5348024     6674.0429924        3.0291157       -6.3204643       -2.5203739
     29700.0000000    -3743.8297350     5484.7134610    -2805.1256754       -0.5957567        3.0375720        6.7578204
     32400.0000000     3151.0561140    -5787.3792213    -2916.8512485       -2.4950140        2.0103629       -6.7096952
     35100.0000000     -477.8115932     2525.0644714     6712.9829927        4.2707830       -5.6072079        2.4055443
     37800.0000000    -2765.7491538     2148.9183720    -6304.4351354       -3.4483545        5.6095470        3.4287952
     40500.0000000     4503.8141873    -5310.1242348     1829.9045508        0.3302989       -2.1887081       -7.1069362
     43200.0000000    -3481.5163758     5065.8872233     3738.5409335        3.2501418       -2.4018237        6.2546906


 1 90030U RELEAS14 00051.38558242 +.01672663  94000-5  22520-2 4 0035                                                                                                                                                                                                                                                                                                                                                                                                                                                           
 2 90030  28.5475 124.9280 0081002 156.8669 205.7976 16.0204499601011                                                                                                                                                                                                                                                                                                                                                                                                                                                           

         0.0000000    -4017.2739323     5347.1429798      126.1540746       -5.3470077       -4.1376720        3.6764865
      2700.0000000    -5766.1263405     2226.0641921     2506.4547663       -1.7309194       -7.1719239        2.2587883
      5400.0000000    -5363.6205961    -2463.2274146     3046.0730753        2.7569389       -7.1612443       -1.0601468
      8100.0000000    -2334.5488010    -6135.2110160      795.4482934        6.2965798       -2.8116294       -3.6069317
     10800.0000000     2461.6867936    -5623.7078349    -2397.2234477        6.3566626        3.8348262       -2.4111641
     13500.0000000     5965.2374906     -478.2518275    -2758.0309918        1.4478571        7.4580364        1.7889921
     16200.0000000     4193.3524702     5067.3908112      704.1724389       -5.5079682        4.1168262        3.6296021
     18900.0000000    -2623.5365316     5222.9728642     3175.4572615       -6.9494284       -3.3809823       -0.0938470
     21600.0000000    -6620.1577659     -761.4580549      235.0213833        0.6509073       -6.7465309       -3.6772944
     24300.0000000     -885.5500360    -5764.8349132    -3160.3158490        7.6795344       -0.9925220       -0.2384326
     27000.0000000     6344.9005645    -1740.3274716      200.2529925        1.6794254        6.6539042        3.7251834
     29700.0000000     1183.8910496     5757.9135320     2975.5109344       -7.3895133        2.1820162       -1.1945998
     32400.0000000    -6210.7728560     1145.4982088    -2066.8463939       -0.4213325       -7.1872707       -2.8140656
     35100.0000000     1092.2478058    -6443.5334430    -1122.5315865        6.8982578        0.6052637        3.4693720
     37800.0000000     4877.7496367     3229.9660391     2988.2561534       -3.7802903        6.7425565       -1.1427724
     40500.0000000    -5237.4564775     2823.9421279    -2873.9190588       -2.9758993       -7.0038714       -1.5511008
     43200.0000000     1398.4284545    -6259.4916232     1647.4466180        6.6756592        2.3500678        3.1557771


 1 90031U RELEAS14 00051.38558242 +.00168784  00000 0  70845-3 4 0046                                                                                                                                                                                                                                                                                                                                                                                                                                                           
 2 90031  63.9976   6.4832 7509563 239.3244 315.9903  2.0525984300303                                                                                                                                                                                                                                                                                                                                                                                                                                                           

         0.0000000    -6699.8211789    10048.5048784    22023.6608690       -1.7594566       -1.7731232       -3.2027387
      2700.0000000     5726.9147677    17505.1377702    34415.7372524       -1.9174942       -0.7016177       -1.0061183
      5400.0000000    16984.2891937    19773.9520941    36768.4839882       -1.5505236       -0.0658841        0.1906802
      8100.0000000    25224.6125123    18388.1942607    32524.6412006       -0.9777535        0.4583588        1.1285966
     10800.0000000    28883.8325820    13692.9125212    22573.3494429       -0.0675590        0.9909184        2.0346957
     13500.0000000    24123.8720888     5323.8915733     6671.9322107        1.9693170        1.6597546        3.0453718
     16200.0000000    -8872.3030590      -40.8047689     1373.9878301        3.0867811       -3.3178425       -7.2822603
     18900.0000000    -2290.2724203    13309.6123919    27529.9512610       -2.0043339       -1.2604425       -2.2673404
     21600.0000000    10030.1916096    18249.3704056    35867.0898944       -1.8518196       -0.4226278       -0.6012459
     24300.0000000    20314.9523892    18979.7879980    36153.5105500       -1.4137598        0.1334397        0.4568498
     27000.0000000    27258.0975300    16550.1105075    30611.0252919       -0.7790313        0.6105566        1.3406586
     29700.0000000    29273.2242512    11235.4068477    19861.9449786        0.2378958        1.1002695        2.2244099
     32400.0000000    22131.6821366     2853.7912284     3756.7191295        2.6531284        1.6769979        3.1795872
     35100.0000000    -9834.5980958     2097.9257188     5116.1339474        0.9629461       -3.2102024       -6.6449082
     37800.0000000    -1547.4781236    13465.4826985    27643.5476745       -2.0602955       -1.1673829       -2.2370211
     40500.0000000     9947.9827946    17643.5639515    35471.5829511       -1.8965807       -0.3942697       -0.6901139
     43200.0000000    19489.0048219    18276.7973994    36410.0299414       -1.5018389        0.1068536        0.2930543


 1 90032U RELEAS14 00051.38558242 +.00332394  00000 0  96401-4 4 0062                                                                                                                                                                                                                                                                                                                                                                                                                                                           
 2 90032  63.8221 352.9474 7190794 239.0801 307.3271  2.4861841700210                                                                                                                                                                                                                                                                                                                                                                                                                                                           

         0.0000000    -3094.5193819    10917.8944414    21271.6753451       -2.3552487       -1.1797087       -2.9679355
      2700.0000000    21168.8133354    12540.9591587    30877.8686834       -1.4724315        0.5144478        0.6493656
      5400.0000000    25795.1150030     2123.1657167    11469.2488836        1.1666613        1.2337783        2.8111708
      8100.0000000    -5853.4858551     9146.1173187    16699.6462063       -2.1674438       -1.6260148       -3.9038151
     10800.0000000    15496.2389122    13316.7277085    31510.7396453       -1.9081853        0.2532547       -0.0758386
     13500.0000000    26462.9497638     8091.4247339    24752.7069083       -0.6440763        0.9113404        1.6219312
     16200.0000000    23897.2298142       -2.7357388     8044.5933559        1.7655242        1.2267392        3.0538853
     18900.0000000    -7253.6298578      543.0964129    -1449.2312538        4.2884884       -4.3616568       -7.2363168
     21600.0000000    -1316.2055244    11271.9878159    22059.3590408       -2.4940415       -0.8940962       -2.6961777
     24300.0000000     5977.0715271    12690.1490564    27602.5053470       -2.4108577       -0.2233844       -1.3603761
     27000.0000000     3913.6979842    12187.4455362    25831.3398011       -2.5082979       -0.3476707       -1.6828399
     29700.0000000    -4594.9659981    -1262.2440125    -4399.0548938        7.4418001       -4.2961114       -5.4829783
     32400.0000000    19920.3273862     8872.8221682    26150.6565335       -1.5199921        0.7812392        0.8976702
     35100.0000000    23900.4499991     2445.4873454    15548.7143226        0.0821827        1.2202563        2.4520282
     37800.0000000    22156.3458247     4844.5408867    19915.7422929       -0.8077054        1.1259954        1.8460310
     40500.0000000    -4385.6871426     8498.8372260    14601.0252315       -2.7280820       -1.2617530       -3.8129028
     43200.0000000    -7480.4475006     5780.6150078     7530.2293938       -1.7077119       -2.4902793       -5.7600432


 1 90033U RELEAS14 00051.92409179 +.00000011  00000 0  00000 0 4 0041                                                                                                                                                                                                                                                                                                                                                                                                                                                           
 2 90033  52.6683  23.9378 0137366 276.7208  81.7737  6.4729361700921                                                                                                                                                                                                                                                                                                                                                                                                                                                           

         0.0000000    11093.3921550     4932.4514787        9.5178331       -1.3447339        3.2078756        4.5607550
      2700.0000000     5102.7249993     8306.6676141     7455.0217188       -4.8309765        0.4093492        2.9455151
      5400.0000000    -4467.0280034     6179.8120218     9686.9914759       -4.9971858       -2.5377183       -0.6858978
      8100.0000000   -11111.8890414      107.0427631     5205.5796752       -1.7712024       -3.7822711       -3.8407794
     10800.0000000   -10200.9234011    -5901.0274563    -2907.8282950        2.7886219       -2.5254735       -4.3307777
     13500.0000000    -2110.5234579    -7813.9869141    -8885.9678476        5.5281978        0.4640932       -1.6633551
     16200.0000000     7550.3427878    -4310.4487197    -8274.4339932        4.3222615        3.1238803        2.2805977
     18900.0000000    11816.4718655     2117.2663356    -1504.0541322        0.0088189        3.5742502        4.5112780
     21600.0000000     7711.4579453     7026.5036588     6396.2840511       -4.2268764        1.6229478        3.4455217
     24300.0000000    -1764.6991159     7262.0968410     9798.1357657       -5.4973428       -1.2992501       -0.0029972
     27000.0000000   -10114.1522188     2827.5476674     6402.4130313       -3.0444029       -3.3227708       -3.4252567
     29700.0000000   -11619.2226810    -3361.1116277    -1444.8985689        1.5601985       -3.1819376       -4.4853627
     32400.0000000    -5032.7247465    -7225.3056901    -8222.7118923        5.2167713       -0.8987157       -2.3171517
     35100.0000000     5168.6093266    -6113.1571255    -8931.6523126        5.1941601        2.0242473        1.6146902
     37800.0000000    11657.6906874     -794.0031497    -2987.5261268        1.4196445        3.5244759        4.3469107
     40500.0000000     9827.5664859     5035.0537108     5179.7986990       -3.2839451        2.6129659        3.8702457
     43200.0000000     1138.8163516     7511.8404963     9682.2299524       -5.6146663        0.0329829        0.6825554


 1 90034U RELEAS14 00051.38558242 +.00711372  97635-5  13083-2 4 0021                                                                                                                                                                                                                                                                                                                                                                                                                                                           
 2 90034  62.8218  97.3466 0233042 119.4400 242.9881 17.6709972501011                                                                                                                                                                                                                                                                                                                                                                                                                                                           

         0.0000000     -809.7246444     6245.9353064        7.9152591       -3.5598941       -0.6343298        7.0402823
Warning: Decay condition. Distance from the Geoid (Km) =    -79.927

