 HQ AFSPC Sgp4Prop DLL - Version: v8.0 - Build: Nov 05 2020 - Platform: Windows 64-bit                                         


EPHEMERIS GENERATED BY SGP4 USING THE WGS-72 EARTH MODEL
COORDINATE FRAME=TRUE EQUATOR AND MEAN EQUINOX OF EPOCH
USING THE FK5 MEAN OF J2000 TIME AND REFERENCE FRAME

INPUT FILE = input\rel14.inp
Start Time =         0.0000 min from epoch
Stop Time  =     43200.0000 min from epoch
Step size  =      2700.0000 min


     TSINCE (MIN)         LAT(DEG)        LON (DEG)          HT (KM)           X (KM)           Y (KM)           Z (KM)


 1 90021U RELEAS14 00051.47568104 +.00000184  00000 0  00000 0 0 0814                                                                                                                                                                                                                                                                                                                                                                                                                                                           
 2 90021   0.0222 182.4923 0000720  45.6036 131.8822  1.0027132801199                                                                                                                                                                                                                                                                                                                                                                                                                                                           

         0.0000000       -0.0130306       39.0580045    35788.2422597    42166.3730064       16.3347584       -9.5800353
      2700.0000000        0.0168288       39.0574326    35785.9017173    30771.3542500   -28825.8494532       12.3717871
      5400.0000000        0.0365973       39.0568665    35783.5889299     2733.4490157   -42073.0138771       26.9032341
      8100.0000000        0.0334449       39.0591250    35782.4227748   -26779.0164289   -32563.7268435       24.5851869
     10800.0000000        0.0131046       39.0680521    35782.8986842   -41807.5450284    -5448.1049117        9.6332247
     13500.0000000       -0.0135280       39.0867684    35784.6176402   -34235.9840995    24608.8399551       -9.9448855
     16200.0000000       -0.0360818       39.1162888    35786.5098727    -8167.4501389    41366.0407958      -26.5261442
     18900.0000000       -0.0412058       39.1551421    35787.4175487    22309.4005443    35780.2117160      -30.2937968
     21600.0000000       -0.0192925       39.2003469    35786.7143289    40737.7652091    10876.9850293      -14.1833037
     24300.0000000        0.0189453       39.2493163    35784.6386100    37174.2865029   -19894.0118458       13.9273563
     27000.0000000        0.0453576       39.3015532    35782.1717346    13549.6357298   -39923.6486651       33.3419520
     29700.0000000        0.0434154       39.3588613    35780.5137634   -17381.0481129   -38408.9808844       31.9130222
     32400.0000000        0.0200611       39.4236841    35780.4253822   -38931.1175217   -16177.5178672       14.7461222
     35100.0000000       -0.0131872       39.4971798    35781.8121316   -39486.5755544    14774.0109334       -9.6937335
     37800.0000000       -0.0442410       39.5788405    35783.7878661   -18757.3950133    37759.5923349      -32.5224381
     40500.0000000       -0.0521975       39.6673285    35785.1546231    12078.8020532    40396.0896480      -38.3726209
     43200.0000000       -0.0263227       39.7611084    35785.0369310    36405.4511715    21269.1282720      -19.3508594


 1 90022U RELEAS14 00051.59174492 +.00000136  00000 0  00000 0 0 0733                                                                                                                                                                                                                                                                                                                                                                                                                                                           
 2 90022   4.5701  71.6069 0014162  60.8451 299.2453  0.9654587100306                                                                                                                                                                                                                                                                                                                                                                                                                                                           

         0.0000000       -0.0247333       68.7248574    36834.2296566    13649.6413014    40999.9439504      -18.6354011
      2700.0000000       -4.2686808       43.6493204    36903.5162173    43087.5534401     2528.9284159    -3218.4410877
      5400.0000000       -3.1450071       18.5212191    36922.6867035    18326.1828124   -39159.5985710    -2373.2812780
      8100.0000000        1.9266258      353.6496206    36867.7987058   -29446.3811354   -31638.7364508     1452.4775148
     10800.0000000        4.5878384      328.3310528    36807.8656504   -40075.7555729    15717.6260599     3450.9292344
     13500.0000000        1.4431309      302.9559077    36818.4093829      -43.6667088    43182.8345265     1086.8180252
     16200.0000000       -3.5278130      277.9083469    36886.5171224    40078.1847031    16077.5887500    -2659.5839161
     18900.0000000       -4.0558033      252.7366432    36926.0347057    29753.0984029   -31315.0538495    -3059.8057717
     21600.0000000        0.5126929      227.8320750    36887.1971903   -17955.9830428   -39361.4267071      386.7587393
     24300.0000000        4.4419306      202.6692655    36819.1846541   -43014.9369976     2131.1367158     3342.2782891
     27000.0000000        2.7607952      177.2078889    36807.4363119   -13723.0453947    40894.3649848     2078.0359656
     29700.0000000       -2.4068793      152.1454237    36866.7522629    32934.8793704    27966.3913076    -1814.3040629
     32400.0000000       -4.5505032      127.0044569    36922.3157692    38126.8674840   -20235.6335005    -3431.9853573
     35100.0000000       -0.9761038      102.0298951    36904.0769740    -4586.1831905   -43032.2399825     -736.6026144
     37800.0000000        3.8345271       77.0237412    36835.2911493   -41496.2211275   -11709.8459928     2887.0564222
     40500.0000000        3.8051903       51.5333620    36802.7350488   -25999.4439753    34357.1314883     2862.8403565
     43200.0000000       -1.0360435       26.3691879    36847.4970075    22388.2620122    36967.6983798     -780.8074155


 1 90023U RELEAS14 00051.45013393 +.00000064  00000 0  00000 0 0 0221                                                                                                                                                                                                                                                                                                                                                                                                                                                           
 2 90023  54.9132 182.6983 0017768 176.8444 183.1487  2.0055852401395                                                                                                                                                                                                                                                                                                                                                                                                                                                           

         0.0000000        0.0214370      230.9638709    20230.0797161   -26578.5447195    -1256.1656033        9.9393807
      2700.0000000      -54.7679932      191.0885790    20208.6553640    -2579.9965255    15127.4303285   -21693.4151352
      5400.0000000       -6.3401088      141.5726092    20137.6594220    26156.8339755     3216.6778698    -2923.4549883
      8100.0000000       53.4207139      109.3527688    20178.3983346     5838.9952427   -14718.2755685    21302.5016526
     10800.0000000       12.4225608       52.1432480    20227.1045413   -25481.6016514    -5081.3924927     5714.3422391
     13500.0000000      -50.6165457       27.7008760    20218.8217384    -9363.9609759    14049.4988984   -20534.0553379
     16200.0000000      -18.7217783      323.1551545    20145.0042724    24150.3854919     6918.5065504    -8500.2086519
     18900.0000000       47.0955560      303.5542229    20165.2190279    12382.7669647   -13171.1453058    19419.8253853
     21600.0000000       24.5255888      234.2143198    20222.8329515   -22635.6006420    -8571.8329750    11025.8456034
     24300.0000000      -42.4607145      218.7747214    20225.8695370   -15503.3399189    12047.4930769   -17937.6667913
     27000.0000000      -30.5460090      146.1511521    20156.3697495    20477.7307796    10153.6947759   -13466.7212712
     29700.0000000       37.6064179      132.1376704    20152.9458367    18061.0916746   -10762.8554580    16168.9377380
     32400.0000000       35.8595505       58.3144123    20217.0111898   -18237.3062556   -11499.5548490    15558.7038990
     35100.0000000      -31.9813495       45.0116672    20229.9502399   -20587.3436417     9261.4452005   -14073.3318969
     37800.0000000      -41.2785578      331.9902931    20170.4117189    15377.0670026    12723.5422494   -17492.5537180
     40500.0000000       26.3820292      316.7832974    20142.9824265    22501.2254033    -7639.5905649    11767.6601328
     43200.0000000       45.6904484      246.0499932    20209.3346464   -12585.4987292   -13668.1656726    19002.5999302


 1 90024U RELEAS14 00051.03935584 +.00001327  00000 0  00000 0 0 0882                                                                                                                                                                                                                                                                                                                                                                                                                                                           
 2 90024  64.7717 195.4038 6033327 269.3020  18.6110  2.0061535803847                                                                                                                                                                                                                                                                                                                                                                                                                                                           

         0.0000000      -14.4615532       24.9816419     8201.8801136   -13966.4793583    -2072.0300196    -3630.7391801
      2700.0000000       40.7566880      231.0385434    23259.8124630    22201.5071678    -3379.9847522    19327.1183784
      5400.0000000       63.7082777      225.6974251    35509.9936350    10068.7780400   -15593.3891786    37531.8835202
      8100.0000000       58.2436992      210.4808032    32875.4028758    -8903.4422958   -18651.4786526    33353.8403900
     10800.0000000       14.2866249      210.8850993    14038.1505184   -18379.5360716    -7326.9324843     5027.9662064
     13500.0000000       29.9498456       51.3012145    18668.0585043    21702.8954592     -379.3123544    12485.4306274
     16200.0000000       61.7259742       48.9981525    34338.5479399    13292.4271950   -13985.8960644    35835.8032285
     18900.0000000       61.3486646       32.5089704    34549.4395404    -5443.3133056   -18862.0737411    35893.0631397
     21600.0000000       30.4234683       32.1007644    19423.8394466   -19205.6064896   -11241.9832826    13046.9204674
     24300.0000000       12.4076280      233.1569518    13126.3304553    18852.8882233     2732.4661485     4181.8701555
     27000.0000000       58.6498279      231.5690737    32536.3565578    16282.8416946   -12045.5827541    33209.9078305
     29700.0000000       63.4940348      215.7326458    35648.8045738    -1792.3513869   -18678.1049825    37586.4489878
     32400.0000000       40.9802408      212.2536090    24029.3107885   -18122.4543477   -14101.7144559    19919.1570740
     35100.0000000      -21.9094245       62.0402437     7061.3341580    11346.6103284     5176.3195747    -4999.9793566
     37800.0000000       54.2644233       53.3555629    30029.6928232    18900.3156212    -9761.0869714    29529.7206140
     40500.0000000       64.6424231       40.1015987    36160.0494651     1993.5980540   -18115.7966442    38416.8716006
     43200.0000000       48.5908007       32.4222594    27851.4151560   -15888.9870156   -16139.8397910    25649.2783025


 1 90025U RELEAS14 00051.03935584 +.00001327  00000 0  00000 0 0 0882                                                                                                                                                                                                                                                                                                                                                                                                                                                           
 2 90025  64.7717 195.4038 6833327 269.3020  18.6110  2.0061535803847                                                                                                                                                                                                                                                                                                                                                                                                                                                           

         0.0000000        0.1015312       31.9873606     7926.0430520   -13787.6218629    -3809.2456626       25.2720880
      2700.0000000       46.9599903      224.6444473    24869.5406346    20602.7953964    -5539.9342064    22815.3113237
      5400.0000000       64.0685651      222.4071511    37611.8353985     9493.9379527   -16739.2908189    39538.0604317
      8100.0000000       60.0577163      215.6141365    34903.2764625    -7179.8025949   -19321.8628776    35748.3765473
     10800.0000000       25.5568345      216.7740983    14890.7271143   -17003.8886005    -8898.3040639     9158.8034525
     13500.0000000       38.4135304       44.8365305    19930.2235443    20445.4846408    -2679.3459563    16324.8142407
     16200.0000000       62.6888866       43.9862410    36392.9675286    12229.7923695   -15357.4361779    37980.3299567
     18900.0000000       62.3222993       36.4518205    36640.6669837    -4208.8510423   -19541.8236349    38073.3271110
     21600.0000000       38.7136446       37.7584805    20863.1312993   -17201.5764431   -12497.7903211    17015.9581443
     24300.0000000       23.8211215      226.6009898    13696.6370606    18359.8099031      541.9704101     8092.0039226
     27000.0000000       60.4682227      225.3967855    34494.1949956    14819.9135370   -13658.7995160    35539.1684525
     29700.0000000       63.8684862      218.0452289    37777.5452612    -1075.4212608   -19425.4840609    39619.4025307
     32400.0000000       47.0826088      217.8446588    25831.2061744   -15920.7040808   -15096.9821945    23565.1505983
     35100.0000000       -9.2408820       54.7941254     6123.9530285    11783.6243181     3664.8520957    -2000.8853118
     37800.0000000       57.1678552       46.5695137    31814.9311564    17153.8172679   -11614.0888619    32068.9518155
     40500.0000000       64.6893329       40.3983706    38288.9391703     2188.0422033   -18978.1163312    40356.3000649
     43200.0000000       53.0052213       37.9131420    29895.6240472   -13759.5104708   -16955.0150152    28948.2383159


 1 90026U RELEAS14 00051.03935584 +.00001327  00000 0  00000 0 0 0882                                                                                                                                                                                                                                                                                                                                                                                                                                                           
 2 90026  64.7717 195.4038 7233327 269.3020  18.6110  2.0061535803847                                                                                                                                                                                                                                                                                                                                                                                                                                                           

         0.0000000        8.0080978       35.7287465     8020.4336776   -13466.6178558    -4685.8313356     2000.0177367
      2700.0000000       49.7965674      221.0193281    25738.3730763    19647.3910560    -6640.9226666    24506.0844129
      5400.0000000       64.2163280      220.7560366    38664.3958168     9174.1860542   -17320.2449575    40535.3197587
      8100.0000000       60.8416448      218.2014347    35930.5409208    -6303.0454370   -19634.9346009    36924.0602204
     10800.0000000       31.0223528      220.0159645    15480.4363613   -16083.3094312    -9612.4664662    11246.2070629
     13500.0000000       42.3792982       41.0773895    20652.6474159    19592.6720845    -3888.3775145    18197.4370063
     16200.0000000       63.0943040       41.3463550    37422.3236531    11624.5930528   -16063.4998819    39036.1934078
     18900.0000000       62.7345924       38.2741565    37696.3146202    -3622.7526514   -19871.3010152    39154.5127515
     21600.0000000       42.5897194       40.8458192    21704.0343050   -16052.8840656   -13040.0508545    18982.1287689
     24300.0000000       29.3831986      222.7979566    14100.1489965    17836.2679743     -657.8254275    10029.1928854
     27000.0000000       61.2505526      222.0112147    35470.4950206    13974.9842428   -14497.2414020    36666.9198505
     29700.0000000       64.0239989      218.9369702    38849.3391493     -787.3409705   -19801.3317268    40635.5707429
     32400.0000000       49.8745553      220.8081743    26835.7830607   -14755.5220393   -15517.7466578    25373.3936794
     35100.0000000       -2.3233526       50.8828759     5736.0107756    11776.4027512     2797.9527527     -489.3663842
     37800.0000000       58.4414649       42.7118602    32689.7687572    16128.0904985   -12581.5446985    33266.7775351
     40500.0000000       64.7078930       40.2302744    39354.1424148     2181.6906484   -19423.6982100    41325.5796086
     43200.0000000       54.9871456       40.6979813    31013.9436353   -12698.5976651   -17302.5217835    30601.7050092


 1 90027U RELEAS14 00051.03935584 +.00000209  00000 0  99999-4 0 1844                                                                                                                                                                                                                                                                                                                                                                                                                                                           
 2 90027  64.3871 233.3669 6991935 271.4388  16.5332  1.9699794003847                                                                                                                                                                                                                                                                                                                                                                                                                                                           

         0.0000000        0.2536636       70.0672646     7178.3628736    -8059.0086061   -10900.7992399       59.8289731
      2700.0000000       54.4365020      250.7820451    31568.7039417    21666.2323933     4245.7156142    30845.3905259
      5400.0000000       64.0083496      235.3131599    38739.9910898    13354.7294772   -14591.3026433    40531.8691798
      8100.0000000       37.6948934      220.4927266    19152.6205661    -5402.4433043   -19472.7276996    15589.6964448
     10800.0000000       45.1403517       32.9331760    24811.3670933    20138.9505867     8875.0256578    22085.5727410
     13500.0000000       64.2567144       20.8593817    39267.3214002    16920.8522751   -10346.0186456    41092.2073819
     16200.0000000       51.2438991        4.2673796    27690.8849765     -441.9904407   -21331.0015945    26544.4201762
     18900.0000000       26.2583660      176.8873120    14975.6126101    15035.5178333    11866.2386166     9430.2654827
     21600.0000000       62.5782858      165.9832349    38051.7603122    19698.4101250    -5564.8054294    39414.7828158
     24300.0000000       58.4802155      147.8228137    33556.9503783     4667.2860300   -20357.7540839    34019.8374461
     27000.0000000      -47.4853639      350.7477848     2451.0176941      760.6122498     5925.7965032    -6485.0537312
     29700.0000000       58.8554288      309.8585136    35001.0716216    21403.4226508     -506.4378182    35391.8154337
     32400.0000000       62.4932506      292.2286638    37236.2002262     9417.7797332   -17815.0615057    38660.9999200
     35100.0000000       15.8119468      276.0003777    10787.5859515    -8634.7624788   -14081.0449865     4666.1256927
     37800.0000000       52.5398841       92.4477760    29954.7040788    21640.7347813     4512.3434750    28816.9164073
     40500.0000000       64.2472867       77.4961941    39036.4089362    13631.4279278   -14277.1493238    40880.9662619
     43200.0000000       42.1267850       62.6940691    21760.5569962    -5149.2320825   -20231.5516595    18852.4607515


 1 90028U RELEAS14 00051.15714066 -.00000031  00000 0 -13568-4 0 0377                                                                                                                                                                                                                                                                                                                                                                                                                                                           
 2 90028  72.5158 115.6069 0011430 124.7615 235.4297 12.4439648802428                                                                                                                                                                                                                                                                                                                                                                                                                                                           

         0.0000000       -0.0196401      269.6250578     1495.4261546    -3402.1455358     7100.5889730       -2.6843007
      2700.0000000       57.9704545      100.0217109     1488.3593771     -520.6271276    -4147.6659958     6645.7851673
      5400.0000000      -51.3538044      193.6314791     1511.2341148     3384.8216353    -3591.4656520    -6138.5193725
      8100.0000000       -8.0331305       28.4764279     1496.9493411    -2017.8525817     7532.6318641    -1094.6003538
     10800.0000000       64.4723113      210.4499955     1489.7450998    -1499.3491293    -3049.5027098     7076.9118168
     13500.0000000      -43.8870296      309.4806808     1508.0285576     2819.3968772    -4943.5682760    -5444.4762393
     16200.0000000      -16.0254079      147.2271391     1499.1356206     -566.6538357     7551.4885898    -2163.2870915
     18900.0000000       69.6916799      314.9665164     1490.7132252    -2131.1548292    -1718.3250631     7357.2355807
     21600.0000000      -36.2003396       66.5758984     1504.6724962     1897.2675227    -6077.8616159    -4634.8275079
     24300.0000000      -23.9748335      265.7604869     1501.8735322      831.8104944     7155.1885389    -3186.0006078
     27000.0000000       72.4502844       51.8636284     1491.1668878    -2364.2773370     -261.8624840     7480.7852675
     29700.0000000      -28.3750979      184.4414120     1501.3888285      694.5404634    -6902.2309632    -3726.6668122
     32400.0000000      -31.8543445       23.9231171     1505.0020036     2062.2622091     6375.7044084    -4141.0052898
     35100.0000000       71.6077951      146.1246781     1491.0621432    -2179.5504938     1201.9102743     7444.9156257
     37800.0000000      -20.4597622      302.7903095     1498.3893022     -689.6838350    -7349.8139930    -2739.2167032
     40500.0000000      -39.6258352      141.4911955     1508.3231303     3023.2114982     5276.3077263    -5008.0383723
     43200.0000000       67.5651648      246.3871622     1490.4117236    -1591.9765785     2554.4094367     7250.3618144


 1 90029U RELEAS14 00051.38558242 +.00000961  00000 0  44365-3 0 5319                                                                                                                                                                                                                                                                                                                                                                                                                                                           
 2 90029  98.7064 100.2836 0014146 119.4841 240.7749 14.2193618701011                                                                                                                                                                                                                                                                                                                                                                                                                                                           

         0.0000000       -0.0000473      171.8437247      826.7140867    -1286.2147750     7089.1115039       -0.0059083
      2700.0000000      -52.4317795       25.4241954      844.0490845       54.8333736    -4411.2690714    -5701.2551673
      5400.0000000       72.2582892      110.2789546      821.0336788     1483.6925642    -1623.9958083     6834.5144780
      8100.0000000      -21.7746673      310.3387205      832.8013083    -2216.6941098     6321.7944473    -2660.1939580
     10800.0000000      -31.0637042      166.5876990      834.4111316     1329.8312124    -6038.3999755    -3702.4933129
     13500.0000000       79.3753101      342.5624740      821.9522099      758.9947542     1093.7929297     7054.9154267
     16200.0000000      -43.1483176       90.0659614      841.9062295    -2605.0643608     4586.7906983    -4915.3073298
     18900.0000000       -9.6366940      305.3769939      826.5329424     2632.6920171    -6597.7242683    -1199.0148580
     21600.0000000       61.0860920      155.8530077      819.2321225     -550.2819958     3444.1466515     6277.0981748
     24300.0000000      -63.7978721      234.8952312      850.3495579    -2260.9642486     2263.4980514    -6462.7694316
     27000.0000000       11.6533711       83.6661063      823.0950489     3589.2082958    -6072.1935432     1446.1292979
     29700.0000000       40.3811619      299.4244241      814.8027858    -2160.6019551     5042.6945248     4638.2013390
     32400.0000000      -80.5792705       58.5175381      854.6802472    -1172.2486348     -188.4875584    -7113.6041743
     35100.0000000       32.6600543      222.4760175      824.2447549     3896.1859634    -4653.0068855     3867.0854253
     37800.0000000       19.4976568       78.7833092      811.7959984    -3702.1460757     5679.8530661     2386.3093041
     40500.0000000      -70.8454305      280.8660698      853.3461174      495.7416629    -2326.8321204    -6808.7456003
     43200.0000000       53.1956215        3.6263043      827.8249832     3391.3054049    -2684.4856257     5746.4416185


 1 90030U RELEAS14 00051.38558242 +.01672663  94000-5  22520-2 0 0035                                                                                                                                                                                                                                                                                                                                                                                                                                                           
 2 90030  28.5475 124.9280 0081002 156.8669 205.7976 16.0204499601011                                                                                                                                                                                                                                                                                                                                                                                                                                                           

         0.0000000        1.0586882      198.4237514      315.3745781    -4014.8392164     5354.3383411      122.8841923
      2700.0000000       25.8878092      287.8170273      262.4796400    -5934.6650138      717.6480434     2882.4860995
      5400.0000000       -1.1336292       76.0595902      196.2590090      937.0225608    -6505.9847086     -129.2250605
      8100.0000000       -3.8467672      275.4346150      212.4707064     1766.3029537     6334.1944415     -439.2947270
     10800.0000000      -15.6093918      161.5409049      179.3238939      810.6779688    -6264.8655404    -1753.3906636
Sgp4Update: Eccentricity is negative, e = -0.1037E-02. SatNum:     90030-Mse:    13500.00                                      


 1 90031U RELEAS14 00051.38558242 +.00168784  00000 0  70845-3 0 0046                                                                                                                                                                                                                                                                                                                                                                                                                                                           
 2 90031  63.9976   6.4832 7509563 239.3244 315.9903  2.0525984300303                                                                                                                                                                                                                                                                                                                                                                                                                                                           

         0.0000000       61.1833029      195.6110375    18706.8441446    -6774.6517317    10024.6052017    21955.5205471
      2700.0000000       62.1368078      188.1317827    32146.7045686     5140.1166688    17263.9167547    34035.4658488
      5400.0000000       55.9422031      209.8617642    37924.5168794    15280.8448662    19557.0587121    36680.2805135
      8100.0000000       49.3197222      241.0920421    39002.2074470    22640.8946600    19049.3295508    34391.4756618
     10800.0000000       42.3875472      275.7827961    36744.2520961    27129.4744889    16699.9783731    29048.3346628
     13500.0000000       34.5819786      311.8176029    31953.4602159    28723.0786296    13088.6075574    21736.0807761
     16200.0000000       24.8316391      348.0318262    25160.3947919    27292.1097172     8636.7276213    13228.3507968
     18900.0000000       10.5939783       23.0447874    16734.7578889    22413.1794915     3719.0355014     4241.5421750
     21600.0000000      -17.4199651       51.8533870     7061.0039393    12777.3015403    -1100.3479996    -4011.1060922
     24300.0000000      -45.3228599      312.8901733      219.8181882    -3898.6929533    -2528.2488601    -4668.9555340
     27000.0000000       30.2523745      309.8123982     5560.8460262   -10042.3918256     2367.7832113     5996.1793956
     29700.0000000       47.3524338      337.1685963    10030.7479115    -9723.9434214     5403.9543988    12046.3622418
     32400.0000000       52.5460510       12.3806551    12205.7801139    -9031.9030469     6806.6194683    14729.4466314
     35100.0000000       53.0844987       54.2452855    12460.5041545    -8887.5997754     7016.4038282    15038.6454103
     37800.0000000       49.6118936      102.5871530    10877.5788463    -9373.3415986     6110.3394964    13120.0848973
     40500.0000000       38.1500359      157.9005009     7233.9264954   -10003.6035153     3827.6656834     8387.1146338
     43200.0000000       -5.5050646      225.9372985     1526.8361073    -7850.0471251     -541.5774493     -754.2761591


 1 90032U RELEAS14 00051.38558242 +.00332394  00000 0  96401-4 0 0062                                                                                                                                                                                                                                                                                                                                                                                                                                                           
 2 90032  63.8221 352.9474 7190794 239.0801 307.3271  2.4861841700210                                                                                                                                                                                                                                                                                                                                                                                                                                                           

         0.0000000       61.9068279      177.6810184    17699.9991828    -3150.5024043    10900.2461396    21218.2697243
      2700.0000000       51.9795232      146.1552189    32934.2316950    20665.5005218    12635.6672960    30946.6796006
      5400.0000000       27.5983797      164.8687880    23946.0150453    26677.2119120     3277.8411121    14030.6288554
      8100.0000000       37.1411722      350.9444702     6571.8977588    -8939.0272614     5175.8091761     7797.8797453
     10800.0000000       60.6795392      296.4914306    28623.0820391    10480.7733424    13572.1196226    30494.2489143
     13500.0000000       47.3484284      310.4502503    32161.4316263    24020.1513834    10260.6171498    28322.4275318
     16200.0000000       29.7134908      337.2310725    24774.4510989    26872.9420987     3185.1347604    15422.6120555
     18900.0000000      -17.4345284      354.8263972     6632.1972902    11752.3477146    -4000.1614277    -3885.8790195
     21600.0000000       55.5319276      180.7751415    12602.8485291    -6011.5448845     8912.5708830    15625.4366048
     24300.0000000       63.3076863      166.9099196    24434.7695723     5415.0342791    12746.2585114    27506.2612132
     27000.0000000       58.3323853      184.7214459    29538.7762240    14097.3742142    12534.8217148    30545.9517632
     29700.0000000       53.0543869      215.4401510    31246.5952668    19746.2205933    11039.8652794    30046.6617150
     32400.0000000       48.6843453      251.3517602    31256.1133392    23049.6467811     9298.0217761    28243.4147444
     35100.0000000       45.5325153      290.1206825    30644.3614837    24729.6808078     7837.9334780    26398.2906538
     37800.0000000       43.8650522      330.9836111    30101.0264310    25375.9071859     6940.5093570    25256.1657346
     40500.0000000       43.8753439       13.7177468    29965.9917990    25327.3760198     6729.1362255    25167.2966151
     43200.0000000       45.5751931       58.3379667    30224.4791932    24592.3971523     7213.3496768    26117.7285557


 1 90033U RELEAS14 00051.92409179 +.00000011  00000 0  00000 0 0 0041                                                                                                                                                                                                                                                                                                                                                                                                                                                           
 2 90033  52.6683  23.9378 0137366 276.7208  81.7737  6.4729361700921                                                                                                                                                                                                                                                                                                                                                                                                                                                           

         0.0000000       -0.0000251      261.1037448     5762.5822343    11096.4529364     4926.0275264       -0.0053085
      2700.0000000       37.4142231      338.6282351     5897.8053684     5125.3189621     8301.9558530     7437.3535336
      5400.0000000       51.9229407       89.0348911     5957.5197311    -4429.5820165     6195.1426391     9687.1711239
      8100.0000000       25.3612587      185.8870594     5894.4871483   -11092.4801516      142.2339589     5240.0412185
     10800.0000000      -13.6358358      259.6021536     5764.0465244   -10237.6569889    -5869.9366887    -2852.7312352
     13500.0000000      -47.5573301      347.1666929     5659.4643606    -2208.4147512    -7825.8329088    -8860.2189138
     16200.0000000      -44.0317657      105.6160810     5639.4384104     7453.9162406    -4383.9220805    -8330.3603628
     18900.0000000       -7.7720926      188.9245005     5720.6490769    11816.8128271     2018.8570619    -1630.4331403
     21600.0000000       31.0086819      264.0360657     5859.6761409     7840.5442170     6974.5855028     6285.4351842
     24300.0000000       52.7531764        7.7419490     5952.0854144    -1579.9436019     7302.1083280     9792.0362536
     27000.0000000       32.1154683      112.2839521     5924.8350825   -10001.2392917     2943.7379362     6521.0860887
     29700.0000000       -6.0100095      187.3419703     5806.9013485   -11677.2768799    -3239.4892536    -1271.3540488
     32400.0000000      -42.4712265      268.8135845     5686.4481493    -5256.9738790    -7189.2411882    -8123.9593639
     35100.0000000      -48.7746959       26.5167095     5633.9216463     4919.4788108    -6212.2035597    -9011.4897861
     37800.0000000      -15.5377315      116.4544035     5683.9448175    11581.3229786     -980.3110231    -3220.0747999
     40500.0000000       24.0551761      190.4594199     5816.3815120    10010.1413415     4885.4707766     4954.7159062
     43200.0000000       51.6488055      286.4969096     5934.8951862     1472.3909028     7505.0933571     9632.9276852


 1 90034U RELEAS14 00051.38558242 +.00711372  97635-5  13083-2 0 0021                                                                                                                                                                                                                                                                                                                                                                                                                                                           
 2 90034  62.8218  97.3466 0233042 119.4400 242.9881 17.6709972501011                                                                                                                                                                                                                                                                                                                                                                                                                                                           

         0.0000000       -0.0370953      168.8877839      -81.2534973     -803.1264540     6245.4533903       -4.0491821
Warning: Decay condition. Distance from the Geoid (Km) =    -81.253

