 HQ AFSPC Sgp4Prop DLL - Version: v8.0 - Build: Nov 05 2020 - Platform: Windows 64-bit                                         


EPHEMERIS GENERATED BY SGP4 USING THE WGS-72 EARTH MODEL
COORDINATE FRAME=TRUE EQUATOR AND MEAN EQUINOX OF EPOCH
USING THE FK5 MEAN OF J2000 TIME AND REFERENCE FRAME

INPUT FILE = input\rel14_type4.inp
Start Time =         0.0000 min from epoch
Stop Time  =     43200.0000 min from epoch
Step size  =      2700.0000 min


     TSINCE (MIN)     N (REVS/DAY)          ECC (-)        INC (DEG)       NODE (DEG)      OMEGA (DEG)         MA (DEG)


 1 90021U RELEAS14 00051.47568104 +.00000184  00000 0  00000 0 4 0814                                                                                                                                                                                                                                                                                                                                                                                                                                                           
 2 90021   0.0222 182.4923 0000720  45.6036 131.8822  1.0027132801199                                                                                                                                                                                                                                                                                                                                                                                                                                                           

         0.0000000        1.0027133        0.0000720        0.0222000      182.4923000       45.6036000      131.8822000
      2700.0000000        1.0027570        0.0000663        0.0251714      180.6198558      331.5439461      164.7152258
      5400.0000000        1.0028045        0.0001244        0.0255988      178.4431649      332.4213216      122.9131446
      8100.0000000        1.0027596        0.0001137        0.0248872      173.2100762      358.2727163       59.2064658
     10800.0000000        1.0028045        0.0000877        0.0254409      163.8840988      358.3781377       25.3465309
     13500.0000000        1.0027841        0.0001222        0.0279669      153.7863496        3.3276682      347.4192496
     16200.0000000        1.0027994        0.0001524        0.0324116      148.6145536       22.3611708      290.4930673
     18900.0000000        1.0028652        0.0001579        0.0377493      147.9202884       45.9318883      224.5508603
     21600.0000000        1.0027905        0.0000963        0.0415956      148.7278733       47.0103387      179.6035658
     24300.0000000        1.0028202        0.0001062        0.0429428      149.6769302       16.7678799      165.8495040
     27000.0000000        1.0028832        0.0001502        0.0427175      147.8509023       26.4310121      114.9596777
     29700.0000000        1.0028354        0.0001336        0.0427380      142.4741705       60.5155144       43.2108414
     32400.0000000        1.0028808        0.0000799        0.0462450      136.4961594       75.4906117      351.1821435
     35100.0000000        1.0028519        0.0000957        0.0522149      132.9652963       53.0102319      334.1643198
     37800.0000000        1.0028725        0.0001383        0.0571259      133.1852294       70.7910574      273.1482417
     40500.0000000        1.0029420        0.0001182        0.0604023      134.8505856       94.8305239      204.4215499
     43200.0000000        1.0028629        0.0000374        0.0609359      135.2178201       49.7613056      206.1115080


 1 90022U RELEAS14 00051.59174492 +.00000136  00000 0  00000 0 4 0733                                                                                                                                                                                                                                                                                                                                                                                                                                                           
 2 90022   4.5701  71.6069 0014162  60.8451 299.2453  0.9654587100306                                                                                                                                                                                                                                                                                                                                                                                                                                                           

         0.0000000        0.9654587        0.0014162        4.5701000       71.6069000       60.8451000      299.2453000
      2700.0000000        0.9653615        0.0014489        4.5703120       71.5995772       56.3009085      235.4703952
      5400.0000000        0.9654464        0.0015421        4.5719405       71.5671243       56.6147658      166.8704996
      8100.0000000        0.9653961        0.0015047        4.5748826       71.5311266       57.9600522       97.2481923
     10800.0000000        0.9654244        0.0015029        4.5793593       71.5161743       56.8887894       30.0234654
     13500.0000000        0.9653997        0.0015376        4.5836830       71.5143218       58.4432297      320.1605112
     16200.0000000        0.9654293        0.0015069        4.5867584       71.5384004       60.1418770      250.1161286
     18900.0000000        0.9653596        0.0014863        4.5882710       71.5535875       57.4546034      184.4710580
     21600.0000000        0.9654509        0.0015636        4.5882082       71.5578015       57.7386543      115.8544921
     24300.0000000        0.9653672        0.0015072        4.5884261       71.5309515       61.7265091       43.5754449
     27000.0000000        0.9654591        0.0014084        4.5909809       71.4838512       60.7429046      336.2882202
     29700.0000000        0.9653970        0.0014740        4.5951275       71.4405768       59.6573382      269.1084687
     32400.0000000        0.9654120        0.0014498        4.6013205       71.4316949       60.9949258      199.4645302
     35100.0000000        0.9654143        0.0014332        4.6057706       71.4456636       57.9531997      134.1779204
     37800.0000000        0.9653870        0.0014936        4.6077620       71.4701919       58.1228571       65.6521912
     40500.0000000        0.9654148        0.0014314        4.6079386       71.4623794       60.6457082      354.8191559
     43200.0000000        0.9654104        0.0014225        4.6085713       71.4241372       57.6210062      289.5521588


 1 90023U RELEAS14 00051.45013393 +.00000064  00000 0  00000 0 4 0221                                                                                                                                                                                                                                                                                                                                                                                                                                                           
 2 90023  54.9132 182.6983 0017768 176.8444 183.1487  2.0055852401395                                                                                                                                                                                                                                                                                                                                                                                                                                                           

         0.0000000        2.0055852        0.0017768       54.9132000      182.6983000      176.8444000      183.1487000
      2700.0000000        2.0055846        0.0017805       54.9161303      182.6251793      177.1305343       96.6673174
      5400.0000000        2.0055839        0.0017840       54.9156918      182.5517341      177.3488760       10.2543822
      8100.0000000        2.0055833        0.0017893       54.9137433      182.4774992      177.3302905      284.0830823
     10800.0000000        2.0055826        0.0017971       54.9124938      182.4026100      177.2358116      197.9923758
     13500.0000000        2.0055820        0.0018059       54.9133761      182.3275358      177.2886489      111.7563503
     16200.0000000        2.0055813        0.0018135       54.9166636      182.2528295      177.5402630       25.3197137
     18900.0000000        2.0055806        0.0018190       54.9213352      182.1789023      177.8205877      298.8490626
     21600.0000000        2.0055800        0.0018232       54.9252790      182.1057618      177.9102600      212.5625767
     24300.0000000        2.0055793        0.0018278       54.9263521      182.0328457      177.8420573      126.4302818
     27000.0000000        2.0055787        0.0018319       54.9241333      181.9592755      177.9148503       40.1592354
     29700.0000000        2.0055780        0.0018327       54.9207628      181.8845446      178.2297507      313.6530083
     32400.0000000        2.0055774        0.0018305       54.9194993      181.8090446      178.4605833      227.2368017
     35100.0000000        2.0055767        0.0018294       54.9219653      181.7338377      178.3622280      141.1492649
     37800.0000000        2.0055761        0.0018320       54.9265743      181.6597785      178.2132811       55.1051232
     40500.0000000        2.0055754        0.0018360       54.9298738      181.5867616      178.3601984      328.7569711
     43200.0000000        2.0055748        0.0018394       54.9296869      181.5138921      178.6538961      242.2591047


 1 90024U RELEAS14 00051.03935584 +.00001327  00000 0  00000 0 4 0882                                                                                                                                                                                                                                                                                                                                                                                                                                                           
 2 90024  64.7717 195.4038 6033327 269.3020  18.6110  2.0061535803847                                                                                                                                                                                                                                                                                                                                                                                                                                                           

         0.0000000        2.0061536        0.6033327       64.7717000      195.4038000      269.3020000       18.6110000
      2700.0000000        2.0061860        0.6032937       64.7766256      195.2683182      269.2704625      292.7465380
      5400.0000000        2.0062184        0.6032676       64.7789158      195.1337998      269.2379592      206.9017559
      8100.0000000        2.0062507        0.6032504       64.7789521      194.9993785      269.2071334      121.0784044
     10800.0000000        2.0062830        0.6032359       64.7783371      194.8647475      269.1789557       35.2776421
     13500.0000000        2.0063153        0.6032213       64.7787009      194.7299369      269.1528378      309.4997317
     16200.0000000        2.0063475        0.6032060       64.7810431      194.5950804      269.1272335      223.7442021
     18900.0000000        2.0063797        0.6031900       64.7853515      194.4603430      269.1002150      138.0101475
     21600.0000000        2.0064117        0.6031744       64.7903995      194.3259052      269.0702460       52.2967473
     24300.0000000        2.0064437        0.6031634       64.7941485      194.1918082      269.0372624      326.6040014
     27000.0000000        2.0064757        0.6031635       64.7951030      194.0576068      269.0033011      240.9330658
     29700.0000000        2.0065075        0.6031747       64.7937503      193.9223507      268.9714148      155.2854938
     32400.0000000        2.0065393        0.6031831       64.7924767      193.7854455      268.9431330       69.6618489
     35100.0000000        2.0065709        0.6031708       64.7937015      193.6476277      268.9168212      344.0609745
     37800.0000000        2.0066025        0.6031366       64.7977717      193.5105812      268.8889156      258.4805962
     40500.0000000        2.0066339        0.6030981       64.8025696      193.3753107      268.8572394      172.9189126
     43200.0000000        2.0066652        0.6030713       64.8054505      193.2413440      268.8229623       87.3758733


 1 90025U RELEAS14 00051.03935584 +.00001327  00000 0  00000 0 4 0882                                                                                                                                                                                                                                                                                                                                                                                                                                                           
 2 90025  64.7717 195.4038 6833327 269.3020  18.6110  2.0061535803847                                                                                                                                                                                                                                                                                                                                                                                                                                                           

         0.0000000        2.0061536        0.6833327       64.7717000      195.4038000      269.3020000       18.6110000
      2700.0000000        2.0061979        0.6832907       64.7766476      195.2112111      269.2658346      292.7354615
      5400.0000000        2.0062422        0.6832616       64.7791846      195.0199626      269.2285644      206.8877449
      8100.0000000        2.0062865        0.6832428       64.7796563      194.8289127      269.1927734      121.0693243
     10800.0000000        2.0063308        0.6832281       64.7795369      194.6376010      269.1594409       35.2812470
     13500.0000000        2.0063750        0.6832137       64.7803270      194.4460477      269.1280260      309.5238436
     16200.0000000        2.0064192        0.6831982       64.7829406      194.2544661      269.0970512      223.7968345
     18900.0000000        2.0064634        0.6831820       64.7873509      194.0631209      269.0646815      138.0995573
     21600.0000000        2.0065075        0.6831676       64.7924115      193.8722261      269.0294947       52.4313829
     24300.0000000        2.0065515        0.6831604       64.7962458      193.6817041      268.9915245      326.7923146
     27000.0000000        2.0065955        0.6831655       64.7975051      193.4908427      268.9528119      241.1832683
     29700.0000000        2.0066393        0.6831803       64.7966742      193.2984539      268.9162787      155.6054691
     32400.0000000        2.0066831        0.6831897       64.7959566      193.1039775      268.8832639       70.0593394
     35100.0000000        2.0067268        0.6831773       64.7975478      192.9085064      268.8520284      344.5438977
     37800.0000000        2.0067703        0.6831433       64.8017224      192.7141555      268.8190603      259.0572158
     40500.0000000        2.0068137        0.6831055       64.8065072      192.5220931      268.7823129      173.5977037
     43200.0000000        2.0068570        0.6830795       64.8094829      192.3316622      268.7430200       88.1651961


 1 90026U RELEAS14 00051.03935584 +.00001327  00000 0  00000 0 4 0882                                                                                                                                                                                                                                                                                                                                                                                                                                                           
 2 90026  64.7717 195.4038 7233327 269.3020  18.6110  2.0061535803847                                                                                                                                                                                                                                                                                                                                                                                                                                                           

         0.0000000        2.0061536        0.7233327       64.7717000      195.4038000      269.3020000       18.6110000
      2700.0000000        2.0062071        0.7232900       64.7767560      195.1633953      269.2614728      292.7263214
      5400.0000000        2.0062606        0.7232600       64.7795326      194.9245917      269.2197442      206.8757382
      8100.0000000        2.0063142        0.7232408       64.7803555      194.6860583      269.1793759      121.0605842
     10800.0000000        2.0063677        0.7232264       64.7806245      194.4472279      269.1413565       35.2818561
     13500.0000000        2.0064213        0.7232124       64.7817646      194.2081184      269.1051671      309.5399320
     16200.0000000        2.0064748        0.7231971       64.7846381      193.9690071      269.0693614      223.8346459
     18900.0000000        2.0065283        0.7231814       64.7892072      193.7302324      269.0321522      138.1654762
     21600.0000000        2.0065818        0.7231685       64.7943701      193.4920222      268.9921894       52.5319048
     24300.0000000        2.0066352        0.7231640       64.7983451      193.2541913      268.9495831      326.9339424
     27000.0000000        2.0066886        0.7231724       64.7998724      193.0158223      268.9063973      241.3723809
     29700.0000000        2.0067418        0.7231895       64.7994396      192.7755777      268.8654792      155.8482785
     32400.0000000        2.0067950        0.7231996       64.7991462      192.5329671      268.8280297       70.3619975
     35100.0000000        2.0068481        0.7231876       64.8010554      192.2893644      268.7922102      344.9126683
     37800.0000000        2.0069010        0.7231547       64.8053931      192.0471686      268.7545229      259.4985579
     40500.0000000        2.0069538        0.7231188       64.8102633      191.8076087      268.7130206      174.1181869
     43200.0000000        2.0070065        0.7230951       64.8133785      191.5698555      268.6690170       88.7713197


 1 90027U RELEAS14 00051.03935584 +.00000209  00000 0  99999-4 4 1844                                                                                                                                                                                                                                                                                                                                                                                                                                                           
 2 90027  64.3871 233.3669 6991935 271.4388  16.5332  1.9699794003847                                                                                                                                                                                                                                                                                                                                                                                                                                                           

         0.0000000        1.9699794        0.6991935       64.3871000      233.3669000      271.4388000       16.5332000
      2700.0000000        1.9699838        0.6991300       64.3902367      233.1509840      271.4201977      266.2216130
      5400.0000000        1.9700081        0.6990268       64.3939791      232.9388621      271.3989853      155.9158425
      8100.0000000        1.9700473        0.6989179       64.3966074      232.7317262      271.3749413       45.6310888
     10800.0000000        1.9700936        0.6988291       64.3975841      232.5281288      271.3497660      295.3774662
     13500.0000000        1.9701387        0.6987716       64.3973415      232.3255748      271.3255393      185.1583653
     16200.0000000        1.9701752        0.6987424       64.3969198      232.1214788      271.3038543       74.9705200
     18900.0000000        1.9701975        0.6987250       64.3975611      231.9138971      271.2852400      324.8049133
     21600.0000000        1.9702020        0.6986922       64.4000197      231.7025713      271.2685451      214.6484104
     24300.0000000        1.9701878        0.6986199       64.4036876      231.4898367      271.2508317      104.4865631
     27000.0000000        1.9701569        0.6985102       64.4064995      231.2796557      271.2289242      354.3072424
     29700.0000000        1.9701137        0.6983999       64.4064758      231.0741606      271.2022235      244.1029256
     32400.0000000        1.9700658        0.6983307       64.4037323      230.8709793      271.1738611      133.8701230
     35100.0000000        1.9700219        0.6983060       64.4006840      230.6650838      271.1482361       23.6079250
     37800.0000000        1.9699907        0.6982850       64.4000480      230.4537837      271.1270272      273.3185808
     40500.0000000        1.9699785        0.6982226       64.4025951      230.2394360      271.1078126      163.0097921
     43200.0000000        1.9699875        0.6981109       64.4068453      230.0268667      271.0868362       52.6952175


 1 90028U RELEAS14 00051.15714066 -.00000031  00000 0 -13568-4 4 0377                                                                                                                                                                                                                                                                                                                                                                                                                                                           
 2 90028  72.5158 115.6069 0011430 124.7615 235.4297 12.4439648802428                                                                                                                                                                                                                                                                                                                                                                                                                                                           

         0.0000000       12.4439649        0.0011430       72.5158000      115.6069000      124.7615000      235.4297000
      2700.0000000       12.4439649        0.0011650       72.5149943      112.9169474      123.8731068      350.2721718
      5400.0000000       12.4439649        0.0011864       72.5146116      110.2269493      122.9805147      105.1199315
      8100.0000000       12.4439649        0.0012068       72.5147150      107.5371321      122.0793805      219.9761043
     10800.0000000       12.4439649        0.0012267       72.5150129      104.8475264      121.1618915      334.8477469
     13500.0000000       12.4439649        0.0012463       72.5151495      102.1579983      120.2279862       89.7349469
     16200.0000000       12.4439649        0.0012656       72.5149075       99.4683400      119.2835221      204.6324881
     18900.0000000       12.4439649        0.0012841       72.5143249       96.7783806      118.3318103      319.5379476
     21600.0000000       12.4439649        0.0013018       72.5137173       94.0881100      117.3691016       74.4556729
     24300.0000000       12.4439649        0.0013190       72.5135106       91.3977422      116.3917857      189.3890227
     27000.0000000       12.4439649        0.0013360       72.5138788       88.7075959      115.4066209      304.3301095
     29700.0000000       12.4439649        0.0013524       72.5145081       86.0178128      114.4231720       59.2682543
     32400.0000000       12.4439649        0.0013677       72.5148405       83.3281903      113.4389577      174.2059394
     35100.0000000       12.4439649        0.0013825       72.5146230       80.6383504      112.4481893      289.1501435
     37800.0000000       12.4439649        0.0013970       72.5141878       77.9481175      111.4575412       44.0953927
     40500.0000000       12.4439649        0.0014111       72.5141169       75.2577163      110.4734992      159.0351546
     43200.0000000       12.4439649        0.0014240       72.5146337       72.5675477      109.4863859      273.9779095


 1 90029U RELEAS14 00051.38558242 +.00000961  00000 0  44365-3 4 5319                                                                                                                                                                                                                                                                                                                                                                                                                                                           
 2 90029  98.7064 100.2836 0014146 119.4841 240.7749 14.2193618701011                                                                                                                                                                                                                                                                                                                                                                                                                                                           

         0.0000000       14.2193619        0.0014146       98.7064000      100.2836000      119.4841000      240.7749000
      2700.0000000       14.2193621        0.0014644       98.7058219      102.1313209      117.6892974      109.5460591
      5400.0000000       14.2193624        0.0015110       98.7056691      103.9791432      115.8380392      338.3737438
      8100.0000000       14.2193627        0.0015544       98.7057910      105.8270362      113.9397126      207.2480854
     10800.0000000       14.2193630        0.0015947       98.7059450      107.6749183      112.0005990       76.1626967
     13500.0000000       14.2193632        0.0016321       98.7059218      109.5227025      110.0255274      305.1129139
     16200.0000000       14.2193635        0.0016660       98.7055949      111.3703229      108.0189359      174.0946219
     18900.0000000       14.2193638        0.0016964       98.7049570      113.2177637      105.9857282       43.1033205
     21600.0000000       14.2193641        0.0017229       98.7041563      115.0650835      103.9318526      272.1334110
     24300.0000000       14.2193644        0.0017458       98.7034740      116.9124023      101.8633870      141.1788813
     27000.0000000       14.2193647        0.0017653       98.7031710      118.7598242       99.7834995       10.2361829
     29700.0000000       14.2193650        0.0017814       98.7032770      120.6073464       97.6907629      239.3060905
     32400.0000000       14.2193653        0.0017936       98.7035222      122.4548470       95.5831562      108.3901748
     35100.0000000       14.2193657        0.0018016       98.7035120      124.3021755       93.4640090      337.4852373
     37800.0000000       14.2193660        0.0018058       98.7030267      126.1492750       91.3410335      206.5842159
     40500.0000000       14.2193663        0.0018064       98.7022022      127.9962244       89.2186439       75.6833483
     43200.0000000       14.2193667        0.0018034       98.7014011      129.8431545       87.0955754      304.7840338


 1 90030U RELEAS14 00051.38558242 +.01672663  94000-5  22520-2 4 0035                                                                                                                                                                                                                                                                                                                                                                                                                                                           
 2 90030  28.5475 124.9280 0081002 156.8669 205.7976 16.0204499601011                                                                                                                                                                                                                                                                                                                                                                                                                                                           

         0.0000000       16.0204500        0.0081002       28.5475000      124.9280000      156.8669000      205.7976000
      2700.0000000       16.0270699        0.0077651       28.5473158      110.6478835      179.6589137      232.9371282
      5400.0000000       16.0337789        0.0074318       28.5473139       96.3535710      203.0612517      264.0006461
      8100.0000000       16.0406149        0.0071314       28.5475561       82.0455780      227.0832421      299.0491399
     10800.0000000       16.0476088        0.0068913       28.5477701       67.7238136      251.6075234      338.2913517
     13500.0000000       16.0548593        0.0067259       28.5477749       53.3874425      276.4013575       22.1008433
     16200.0000000       16.0624800        0.0066344       28.5476398       39.0354243      301.1630633       70.9913783
     18900.0000000       16.0705900        0.0066001       28.5475043       24.6669039      325.6080882      125.5392448
     21600.0000000       16.0792823        0.0065960       28.5473327       10.2809898      349.5399255      186.3108540
     24300.0000000       16.0886020        0.0065912       28.5469624      355.8763006       12.8801106      253.7926807
     27000.0000000       16.0985490        0.0065570       28.5464287      341.4510179       35.6443104      328.4054983
     29700.0000000       16.1091302        0.0064690       28.5459846      327.0038124       57.9252794       50.4790140
     32400.0000000       16.1203668        0.0063090       28.5456608      312.5338860       79.8573146      140.3175673
     35100.0000000       16.1323393        0.0060660       28.5451717      298.0398952      101.6253486      238.2057474
     37800.0000000       16.1451404        0.0057380       28.5444806      283.5194819      123.4663073      344.4391200
     40500.0000000       16.1588764        0.0053345       28.5440012      268.9704754      145.6712425       99.3277875
     43200.0000000       16.1736472        0.0048774       28.5439380      254.3915746      168.5884129      223.1884979


 1 90031U RELEAS14 00051.38558242 +.00168784  00000 0  70845-3 4 0046                                                                                                                                                                                                                                                                                                                                                                                                                                                           
 2 90031  63.9976   6.4832 7509563 239.3244 315.9903  2.0525984300303                                                                                                                                                                                                                                                                                                                                                                                                                                                           

         0.0000000        2.0525984        0.7509563       63.9976000        6.4832000      239.3244000      315.9903000
      2700.0000000        2.0528579        0.7510700       64.0011396        6.1756629      239.2956885      261.5024948
      5400.0000000        2.0531278        0.7512140       63.9998247        5.8632532      239.2753062      207.1757956
      8100.0000000        2.0534184        0.7513133       63.9939301        5.5443839      239.2630437      153.0283124
     10800.0000000        2.0537257        0.7513369       63.9857560        5.2211846      239.2552636       99.0834008
     13500.0000000        2.0540329        0.7512929       63.9781568        4.8972576      239.2474615       45.3547199
     16200.0000000        2.0543328        0.7512189       63.9736647        4.5764643      239.2354042      351.8431022
     18900.0000000        2.0546421        0.7511748       63.9735380        4.2615686      239.2167307      298.5468046
     21600.0000000        2.0550025        0.7512217       63.9765428        3.9519405      239.1934568      245.4765296
     24300.0000000        2.0554839        0.7513717       63.9786258        3.6418464      239.1727726      192.6746879
     27000.0000000        2.0562052        0.7515450       63.9754512        3.3232259      239.1620709      140.2516972
     29700.0000000        2.0572820        0.7516128       63.9667562        2.9932922      239.1604538       88.4218369
     32400.0000000        2.0585692        0.7515304       63.9573011        2.6589317      239.1572587       37.4151879
     35100.0000000        2.0597589        0.7513923       63.9522027        2.3309708      239.1421016      347.2731243
     37800.0000000        2.0608532        0.7513247       63.9517981        2.0136678      239.1159340      297.9023532
     40500.0000000        2.0621959        0.7513572       63.9520230        1.7014228      239.0899673      249.3202031
     43200.0000000        2.0645761        0.7513781       63.9491984        1.3857006      239.0742619      201.9154893


 1 90032U RELEAS14 00051.38558242 +.00332394  00000 0  96401-4 4 0062                                                                                                                                                                                                                                                                                                                                                                                                                                                           
 2 90032  63.8221 352.9474 7190794 239.0801 307.3271  2.4861841700210                                                                                                                                                                                                                                                                                                                                                                                                                                                           

         0.0000000        2.4861842        0.7190794       63.8221000      352.9474000      239.0801000      307.3271000
      2700.0000000        2.4904749        0.7189024       63.8217920      352.5497168      239.0605616      186.6797352
      5400.0000000        2.4986095        0.7184337       63.8181669      352.1456972      239.0493248       70.0845068
      8100.0000000        2.5120739        0.7175113       63.8127472      351.7352303      239.0431470      320.7693707
     10800.0000000        2.5291971        0.7162524       63.8075091      351.3202672      239.0368567      221.9707092
     13500.0000000        2.5464895        0.7149414       63.8039991      350.9034676      239.0264446      134.9649175
     16200.0000000        2.5623772        0.7137374       63.8027300      350.4870176      239.0098428       59.1555073
     18900.0000000        2.5785930        0.7125614       63.8030099      350.0712315      238.9887690      353.9875543
     21600.0000000        2.6007979        0.7110266       63.8029737      349.6530244      238.9682516      301.2907263
     24300.0000000        2.6421762        0.7081446       63.8002572      349.2251603      238.9539592      268.9724891
     27000.0000000        2.7246894        0.7022560       63.7925194      348.7771450      238.9466044      277.3234716
     29700.0000000        2.8575062        0.6927356       63.7823908      348.3011137      238.9512476      358.7078099
     32400.0000000        3.0134322        0.6816440       63.7724641      347.7945979      238.9442283      179.7944249
     35100.0000000        3.1669464        0.6709025       63.7658686      347.2608821      238.9278032      105.4634920
     37800.0000000        3.3401432        0.6590693       63.7635602      346.6982994      238.9183366      138.7798219
     40500.0000000        3.5837889        0.6427966       63.7590538      346.0894905      238.9016734      309.6686967
     43200.0000000        3.9711543        0.6176260       63.7526789      345.4054140      238.8959959      328.6916718


 1 90033U RELEAS14 00051.92409179 +.00000011  00000 0  00000 0 4 0041                                                                                                                                                                                                                                                                                                                                                                                                                                                           
 2 90033  52.6683  23.9378 0137366 276.7208  81.7737  6.4729361700921                                                                                                                                                                                                                                                                                                                                                                                                                                                           

         0.0000000        6.4729362        0.0137366       52.6683000       23.9378000      276.7208000       81.7737000
      2700.0000000        6.4729362        0.0137353       52.6692648       22.7531022      277.5678868      131.0765060
      5400.0000000        6.4729362        0.0137348       52.6696663       21.5686844      278.4120582      180.3817569
      8100.0000000        6.4729362        0.0137356       52.6696241       20.3840381      279.2567717      229.6868597
     10800.0000000        6.4729362        0.0137372       52.6694933       19.1989535      280.1049427      278.9892642
     13500.0000000        6.4729362        0.0137387       52.6696184       18.0135297      280.9570119      328.2883473
     16200.0000000        6.4729362        0.0137395       52.6701816       16.8280814      281.8106138       17.5859014
     18900.0000000        6.4729362        0.0137395       52.6711006       15.6429935      282.6617949       66.8851781
     21600.0000000        6.4729362        0.0137396       52.6720102       14.4584878      283.5077966      116.1885221
     24300.0000000        6.4729362        0.0137407       52.6724550       13.2743816      284.3496674      165.4951836
     27000.0000000        6.4729362        0.0137429       52.6722743       12.0901186      285.1913753      214.8021531
     29700.0000000        6.4729362        0.0137456       52.6718239       10.9052090      286.0361047      264.1071014
     32400.0000000        6.4729362        0.0137481       52.6717113        9.7197114      286.8845841      313.4092180
     35100.0000000        6.4729362        0.0137497       52.6722350        8.5342415      287.7357853        2.7085109
     37800.0000000        6.4729362        0.0137501       52.6730734        7.3494256      288.5868058       52.0068789
     40500.0000000        6.4729362        0.0137498       52.6735939        6.1653089      289.4337232      101.3082531
     43200.0000000        6.4729362        0.0137501       52.6734699        4.9813713      290.2755691      150.6145454


 1 90034U RELEAS14 00051.38558242 +.00711372  97635-5  13083-2 4 0021                                                                                                                                                                                                                                                                                                                                                                                                                                                           
 2 90034  62.8218  97.3466 0233042 119.4400 242.9881 17.6709972501011                                                                                                                                                                                                                                                                                                                                                                                                                                                           

         0.0000000       17.6709972        0.0233042       62.8218000       97.3466000      119.4400000      242.9881000
Warning: Decay condition. Distance from the Geoid (Km) =    -79.927

