 HQ AFSPC Sgp4Prop DLL - Version: v8.0 - Build: Nov 05 2020 - Platform: Windows 64-bit                                         


EPHEMERIS GENERATED BY SGP4 USING THE WGS-72 EARTH MODEL
COORDINATE FRAME=TRUE EQUATOR AND MEAN EQUINOX OF EPOCH
USING THE FK5 MEAN OF J2000 TIME AND REFERENCE FRAME

INPUT FILE = input\rel14_type4.inp
Start Time =         0.0000 min from epoch
Stop Time  =     43200.0000 min from epoch
Step size  =      2700.0000 min


     TSINCE (MIN)           A (KM)          ECC (-)        INC (DEG)       NODE (DEG)      OMEGA (DEG)   TRUE ANOM(DEG)


 1 90021U RELEAS14 00051.47568104 +.00000184  00000 0  00000 0 4 0814                                                                                                                                                                                                                                                                                                                                                                                                                                                           
 2 90021   0.0222 182.4923 0000720  45.6036 131.8822  1.0027132801199                                                                                                                                                                                                                                                                                                                                                                                                                                                           

         0.0000000    42164.9362011        0.0000544        0.0222004      182.4922065       77.5370287       99.9550074
      2700.0000000    42163.7118498        0.0000308        0.0251715      180.6187922      350.8996551      145.3625834
      5400.0000000    42162.3800881        0.0001083        0.0255984      178.4429668      349.8597878      105.4868385
      8100.0000000    42163.6366780        0.0001376        0.0248870      173.2110407       12.2434034       45.2460120
     10800.0000000    42162.3793950        0.0001238        0.0254412      163.8848830        6.0647330       17.6634555
     13500.0000000    42162.9513299        0.0001601        0.0279674      153.7860117        0.3117316      350.4324743
     16200.0000000    42162.5217650        0.0001698        0.0324116      148.6134928       10.0441769      302.7947630
     18900.0000000    42160.6772267        0.0001331        0.0377486      147.9202715       34.1750860      236.2949881
     21600.0000000    42162.7722622        0.0000576        0.0415956      148.7289361       47.2751717      179.3377463
     24300.0000000    42161.9399568        0.0000694        0.0429435      149.6770272       24.5988054      158.0214568
     27000.0000000    42160.1742606        0.0001384        0.0427176      147.8498633       41.1071244      100.3002077
     29700.0000000    42161.5148112        0.0001639        0.0427373      142.4736787       69.8162654       33.9210625
     32400.0000000    42160.2396307        0.0001183        0.0462444      136.4969339       72.6167380      354.0538383
     35100.0000000    42161.0514792        0.0001316        0.0522155      132.9661617       45.6481940      341.5207133
     37800.0000000    42160.4723819        0.0001456        0.0571268      133.1846637       55.4117057      288.5123364
     40500.0000000    42158.5257639        0.0000845        0.0604017      134.8496782       83.9226897      215.3246937
     43200.0000000    42160.7414742        0.0000172        0.0609349      135.2183242      328.5608781      287.3095470


 1 90022U RELEAS14 00051.59174492 +.00000136  00000 0  00000 0 4 0733                                                                                                                                                                                                                                                                                                                                                                                                                                                           
 2 90022   4.5701  71.6069 0014162  60.8451 299.2453  0.9654587100306                                                                                                                                                                                                                                                                                                                                                                                                                                                           

         0.0000000    43242.7803766        0.0014344        4.5701805       71.6069065       59.5636787      300.3849858
      2700.0000000    43245.6616198        0.0014285        4.5702535       71.5988932       55.1041158      236.5312183
      5400.0000000    43243.1328529        0.0015066        4.5719446       71.5681277       56.9250210      166.5993118
      8100.0000000    43244.6452111        0.0015005        4.5749350       71.5303530       59.3476251       96.0324063
     10800.0000000    43243.7875235        0.0015345        4.5792791       71.5162759       57.5700069       29.4284607
     13500.0000000    43244.5432396        0.0015659        4.5837475       71.5149361       57.5818173      320.9082627
     16200.0000000    43243.6448270        0.0014947        4.5867447       71.5374155       58.8312112      251.2654896
     18900.0000000    43245.7185007        0.0014501        4.5882262       71.5544245       57.3397137      184.5718611
     21600.0000000    43243.0088635        0.0015480        4.5882869       71.5575741       58.9586434      114.7958461
     24300.0000000    43245.4955892        0.0015337        4.5883567       71.5304279       62.6646697       42.7570236
     27000.0000000    43242.7622219        0.0014420        4.5910033       71.4848259       60.1583190      336.8068251
     29700.0000000    43244.6166846        0.0014738        4.5951645       71.4396890       58.2361776      270.3616195
     32400.0000000    43244.1501814        0.0014157        4.6012442       71.4320285       60.5058451      199.8980090
     35100.0000000    43244.1004612        0.0014079        4.6058442       71.4460745       59.0190058      133.2293503
     37800.0000000    43244.9078594        0.0015090        4.6077314       71.4692488       59.3850450       64.5469978
     40500.0000000    43244.0811516        0.0014678        4.6079096       71.4633244       60.5185929      354.9304911
     43200.0000000    43244.2221006        0.0014351        4.6086443       71.4237042       56.2394743      290.7804153


 1 90023U RELEAS14 00051.45013393 +.00000064  00000 0  00000 0 4 0221                                                                                                                                                                                                                                                                                                                                                                                                                                                           
 2 90023  54.9132 182.6983 0017768 176.8444 183.1487  2.0055852401395                                                                                                                                                                                                                                                                                                                                                                                                                                                           

         0.0000000    26562.7221352        0.0017117       54.9144675      182.6981702      176.7730413      183.2090299
      2700.0000000    26558.9827866        0.0017919       54.9148760      182.6249771      175.0192620       98.9812864
      5400.0000000    26562.6382561        0.0018434       54.9169184      182.5521783      177.8330367        9.8065493
      8100.0000000    26559.2096830        0.0017704       54.9125578      182.4768589      178.9482261      282.2664069
     10800.0000000    26562.3504410        0.0017507       54.9136174      182.4034090      176.4280969      198.7363444
     13500.0000000    26559.5427949        0.0018305       54.9123148      182.3265712      176.2650077      112.9723029
     16200.0000000    26562.0791205        0.0018469       54.9176319      182.2538886      178.3787856       24.5700789
     18900.0000000    26559.8034223        0.0017941       54.9204747      182.1777546      178.6778748      297.8091009
     21600.0000000    26561.7992356        0.0018024       54.9259377      182.1070797      177.1603696      213.2001161
     24300.0000000    26560.1973223        0.0018513       54.9258985      182.0313848      177.3480915      127.0926853
     27000.0000000    26561.3796281        0.0018379       54.9243563      181.9608070      178.5728314       39.6366149
     29700.0000000    26560.6729237        0.0018171       54.9206728      181.8829557      178.0050227      313.7259255
     32400.0000000    26560.8782194        0.0018417       54.9194680      181.8106712      178.0217666      227.5213684
     35100.0000000    26561.2327730        0.0018278       54.9220914      181.7322686      179.0350006      140.6081573
     37800.0000000    26560.3601330        0.0018112       54.9262730      181.6612842      177.8953866       55.5951767
     40500.0000000    26561.7041862        0.0018536       54.9303652      181.5853439      177.7270963      329.2808334
     43200.0000000    26559.9806387        0.0018621       54.9289782      181.5151956      179.4873552      241.2391870


 1 90024U RELEAS14 00051.03935584 +.00001327  00000 0  00000 0 4 0882                                                                                                                                                                                                                                                                                                                                                                                                                                                           
 2 90024  64.7717 195.4038 6033327 269.3020  18.6110  2.0061535803847                                                                                                                                                                                                                                                                                                                                                                                                                                                           

         0.0000000    26564.9495261        0.6034266       64.7737577      195.3919667      269.3061673       74.6285269
      2700.0000000    26556.0781160        0.6032726       64.7772519      195.2760856      269.2725503      224.4746678
      5400.0000000    26555.0886964        0.6032971       64.7784122      195.1358236      269.2390983      188.4375248
      8100.0000000    26554.9015171        0.6032678       64.7786177      194.9949817      269.2046203      160.6926901
     10800.0000000    26558.6290300        0.6032252       64.7805747      194.8547482      269.1844803      106.2603134
     13500.0000000    26555.7046391        0.6031923       64.7800569      194.7387743      269.1524879      237.0609274
     16200.0000000    26554.0451363        0.6032234       64.7805508      194.5985610      269.1289182      193.9774945
     18900.0000000    26553.7217926        0.6032115       64.7850551      194.4577157      269.0981102      166.6146149
     21600.0000000    26554.8896811        0.6031495       64.7917568      194.3168735      269.0705995      124.4997295
     24300.0000000    26557.6773107        0.6031458       64.7964627      194.2017800      269.0308460      256.3980197
     27000.0000000    26552.8759308        0.6031810       64.7948738      194.0619187      269.0059701      200.0511609
     29700.0000000    26552.5485437        0.6032013       64.7932144      193.9202966      268.9703280      172.2602198
     32400.0000000    26552.8831261        0.6031655       64.7931405      193.7778669      268.9408678      137.0252665
     35100.0000000    26561.1099646        0.6032764       64.7955397      193.6589553      268.9166268      292.9452280
     37800.0000000    26551.9118218        0.6031412       64.7975465      193.5162947      268.8917529      206.9623019
     40500.0000000    26551.3574652        0.6031320       64.8021115      193.3752753      268.8565452      177.8008612
     43200.0000000    26551.5033365        0.6030704       64.8056977      193.2347390      268.8199418      146.6528211


 1 90025U RELEAS14 00051.03935584 +.00001327  00000 0  00000 0 4 0882                                                                                                                                                                                                                                                                                                                                                                                                                                                           
 2 90025  64.7717 195.4038 6833327 269.3020  18.6110  2.0061535803847                                                                                                                                                                                                                                                                                                                                                                                                                                                           

         0.0000000    26567.6881557        0.6833987       64.7752725      195.3860484      269.3114143       90.7496054
      2700.0000000    26555.8815355        0.6832747       64.7772368      195.2236862      269.2691797      216.7769392
      5400.0000000    26555.1601098        0.6832841       64.7788454      195.0231402      269.2296104      187.0028635
      8100.0000000    26554.8285385        0.6832569       64.7794469      194.8219599      269.1903385      163.9788510
     10800.0000000    26556.8741944        0.6831969       64.7819035      194.6221222      269.1609340      118.9055262
     13500.0000000    26554.6305663        0.6831861       64.7816112      194.4600984      269.1303297      227.1844235
     16200.0000000    26553.6755876        0.6832110       64.7826004      194.2598735      269.0985861      191.6175444
     18900.0000000    26553.2484223        0.6831985       64.7871965      194.0587561      269.0626564      168.9130942
     21600.0000000    26553.5445882        0.6831453       64.7937247      193.8580475      269.0272024      134.2184211
     24300.0000000    26555.2821798        0.6831184       64.7987148      193.6971713      268.9892043      243.5898167
     27000.0000000    26552.0581331        0.6831792       64.7973983      193.4977548      268.9553847      196.7109052
     29700.0000000    26551.6628918        0.6832002       64.7962993      193.2953386      268.9152576      173.6572941
     32400.0000000    26551.5531709        0.6831769       64.7965919      193.0918636      268.8797864      144.6527633
     35100.0000000    26565.8772665        0.6832925       64.8012038      192.9259132      268.8434253      278.0841581
     37800.0000000    26550.6280722        0.6831475       64.8015904      192.7233075      268.8219692      202.5496241
     40500.0000000    26550.0597809        0.6831316       64.8062244      192.5218663      268.7816609      178.3487158
     43200.0000000    26549.9177395        0.6830813       64.8097599      192.3212189      268.7395123      152.6968719


 1 90026U RELEAS14 00051.03935584 +.00001327  00000 0  00000 0 4 0882                                                                                                                                                                                                                                                                                                                                                                                                                                                           
 2 90026  64.7717 195.4038 7233327 269.3020  18.6110  2.0061535803847                                                                                                                                                                                                                                                                                                                                                                                                                                                           

         0.0000000    26567.0614143        0.7233635       64.7759815      195.3811145      269.3110962       99.4958536
      2700.0000000    26555.8668427        0.7232756       64.7774100      195.1798012      269.2654326      213.0769397
      5400.0000000    26555.1982754        0.7232781       64.7793499      194.9287145      269.2208046      186.3154877
      8100.0000000    26554.7718652        0.7232522       64.7802871      194.6770059      269.1768420      165.5508399
     10800.0000000    26555.8878209        0.7231902       64.7830563      194.4269727      269.1405621      125.1592128
     13500.0000000    26554.0953140        0.7231867       64.7830771      194.2265996      269.1086711      222.4013955
     16200.0000000    26553.3778398        0.7232069       64.7844506      193.9759880      269.0709181      190.4891046
     18900.0000000    26552.8703238        0.7231946       64.7891995      193.7244217      269.0300483      170.0153421
     21600.0000000    26552.7825703        0.7231484       64.7957266      193.4734809      268.9886744      138.9264814
     24300.0000000    26553.7716278        0.7231155       64.8008834      193.2744682      268.9496741      237.2414008
     27000.0000000    26551.4226567        0.7231832       64.7999039      193.0248934      268.9090430      195.1199971
     29700.0000000    26550.9580516        0.7232053       64.7992186      192.7716166      268.8644109      174.3351186
     32400.0000000    26550.6477297        0.7231882       64.7998501      192.5170766      268.8239249      148.3351627
     35100.0000000    26566.3424767        0.7232783       64.8057530      192.3117549      268.7812944      269.9482885
     37800.0000000    26549.6442430        0.7231574       64.8053912      192.0591776      268.7575997      200.4591081
     40500.0000000    26549.0274634        0.7231403       64.8101429      191.8072423      268.7123580      178.6311935
     43200.0000000    26548.7422862        0.7230969       64.8137513      191.5562677      268.6651690      155.6252966


 1 90027U RELEAS14 00051.03935584 +.00000209  00000 0  99999-4 4 1844                                                                                                                                                                                                                                                                                                                                                                                                                                                           
 2 90027  64.3871 233.3669 6991935 271.4388  16.5332  1.9699794003847                                                                                                                                                                                                                                                                                                                                                                                                                                                           

         0.0000000    26894.0030894        0.6992790       64.3912494      233.3479709      271.4494746       88.6946300
      2700.0000000    26880.3124082        0.6991250       64.3902751      233.1613673      271.4232440      204.1362386
      5400.0000000    26879.8472851        0.6990447       64.3935817      232.9362669      271.3980662      173.9837347
      8100.0000000    26880.1146889        0.6988902       64.3981428      232.7159081      271.3732908      131.0697940
     10800.0000000    26879.4481311        0.6988096       64.3984313      232.5422171      271.3527038      216.6958618
     13500.0000000    26878.7053783        0.6987861       64.3970072      232.3259259      271.3260178      181.2791840
     16200.0000000    26878.3914372        0.6987353       64.3973240      232.1087340      271.3007411      148.3266818
     18900.0000000    26880.2893915        0.6986934       64.4000052      231.9306841      271.2841112      238.7595869
     21600.0000000    26878.1907153        0.6987011       64.3994851      231.7072097      271.2697780      188.7437630
     24300.0000000    26878.1528403        0.6986320       64.4036873      231.4810626      271.2479978      159.4926792
     27000.0000000    26861.6039063        0.6983339       64.4043489      231.2958598      271.2600199      318.3814592
     29700.0000000    26879.0530397        0.6984049       64.4064434      231.0820959      271.2046760      196.9506684
     32400.0000000    26879.2715275        0.6983476       64.4034671      230.8649256      271.1724389      168.1822570
     35100.0000000    26886.2898023        0.6983056       64.4042100      230.6473771      271.1553742      104.6478619
     37800.0000000    26880.1672404        0.6982793       64.4002659      230.4648474      271.1301908      206.8348759
     40500.0000000    26880.1505626        0.6982369       64.4020423      230.2380051      271.1070624      175.7652606
     43200.0000000    26880.3190637        0.6980909       64.4081034      230.0119075      271.0842377      136.1428229


 1 90028U RELEAS14 00051.15714066 -.00000031  00000 0 -13568-4 4 0377                                                                                                                                                                                                                                                                                                                                                                                                                                                           
 2 90028  72.5158 115.6069 0011430 124.7615 235.4297 12.4439648802428                                                                                                                                                                                                                                                                                                                                                                                                                                                           

         0.0000000     7873.8048523        0.0009689       72.5245589      115.6069875      103.7835179      256.2999782
      2700.0000000     7861.0643661        0.0002239       72.5091496      112.9100884      102.5672910       11.5539958
      5400.0000000     7865.3151342        0.0011407       72.5136313      110.2360162       94.4034124      133.8300321
      8100.0000000     7872.3376759        0.0008813       72.5217942      107.5317737      120.4752271      221.4904611
     10800.0000000     7858.6737190        0.0004610       72.5064235      104.8456552      195.0076874      260.9417511
     13500.0000000     7869.9683652        0.0009656       72.5195104      102.1659017      121.1629884       88.9443210
     16200.0000000     7868.4937180        0.0013109       72.5175746       99.4596286      134.2514017      189.6025004
     18900.0000000     7859.2000346        0.0009802       72.5063306       96.7822297      176.6496485      261.1253177
     21600.0000000     7873.1621341        0.0013232       72.5217373       94.0917669      133.8329418       58.1362916
     24300.0000000     7863.7683885        0.0019462       72.5107362       91.3890507      128.4544719      177.2999697
     27000.0000000     7862.4323488        0.0013877       72.5095910       88.7156845      151.0007806      268.6111035
     29700.0000000     7873.6500075        0.0016477       72.5230771       86.0157722      125.3428227       48.4814411
     32400.0000000     7859.9780504        0.0024280       72.5077006       83.3228796      115.3344107      172.3252055
     35100.0000000     7867.1156550        0.0016365       72.5156987       80.6475504      125.7863201      275.6642143
     37800.0000000     7871.2261495        0.0016738       72.5199824       77.9411481      108.9780495       46.6849434
     40500.0000000     7858.5817013        0.0025605       72.5053651       75.2578313      100.7882983      168.7781245
     43200.0000000     7871.4223348        0.0016770       72.5206535       72.5743096      104.2998691      279.0030720


 1 90029U RELEAS14 00051.38558242 +.00000961  00000 0  44365-3 4 5319                                                                                                                                                                                                                                                                                                                                                                                                                                                           
 2 90029  98.7064 100.2836 0014146 119.4841 240.7749 14.2193618701011                                                                                                                                                                                                                                                                                                                                                                                                                                                           

         0.0000000     7205.9208989        0.0012598       98.7009382      100.2835341      101.5079362      258.6098880
      2700.0000000     7196.2183373        0.0015175       98.7062716      102.1258582       86.8724307      140.5259222
      5400.0000000     7188.0533847        0.0005445       98.7110893      103.9799263      208.0288633      246.1182942
      8100.0000000     7198.8606017        0.0017812       98.7046335      105.8324081      131.2512935      189.8501980
     10800.0000000     7205.5621786        0.0016294       98.7007034      107.6733864      126.9374201       61.4046834
     13500.0000000     7193.8845227        0.0017279       98.7077954      109.5174550      145.4798257      269.5104012
     16200.0000000     7188.8526124        0.0032094       98.7105682      111.3725944      108.2262097      173.9048513
     18900.0000000     7201.2366817        0.0019050       98.7023550      113.2226756       95.8747304       53.3427051
     21600.0000000     7204.5910682        0.0019720       98.6995095      115.0621143       95.7001474      280.1706963
     24300.0000000     7191.6866980        0.0026758       98.7067024      116.9079887       79.6087614      163.5627116
     27000.0000000     7190.0612938        0.0006776       98.7073621      118.7634047       50.6980347       59.3543293
     29700.0000000     7203.1409092        0.0014610       98.6995041      120.6112883       99.5421233      237.2758814
     32400.0000000     7202.9175166        0.0014685       98.6998870      122.4507792       95.3726485      108.7991934
     35100.0000000     7189.8793628        0.0009819       98.7078142      124.2987225      146.1029461      284.7703331
     37800.0000000     7191.9454305        0.0028286       98.7061018      126.1538042      108.4018077      189.4268952
     40500.0000000     7204.7519266        0.0020973       98.6974615      127.9990391       96.0263796       69.0735458
     43200.0000000     7200.9751618        0.0020612       98.6989555      129.8381528       95.9636905      295.7507289


 1 90030U RELEAS14 00051.38558242 +.01672663  94000-5  22520-2 4 0035                                                                                                                                                                                                                                                                                                                                                                                                                                                           
 2 90030  28.5475 124.9280 0081002 156.8669 205.7976 16.0204499601011                                                                                                                                                                                                                                                                                                                                                                                                                                                           

         0.0000000     6649.0220674        0.0069956       28.5652504      124.9318174      152.3774235      209.8829761
      2700.0000000     6644.4736767        0.0073396       28.5429846      110.6855772      173.4681637      238.3893689
      5400.0000000     6641.2897813        0.0073217       28.5321821       96.3349019      197.3366617      268.8933680
      8100.0000000     6643.3794537        0.0077561       28.5633935       82.0286750      218.8087394      306.6191761
     10800.0000000     6639.1108635        0.0078177       28.5448308       67.7619343      249.7537659      339.8183940
     13500.0000000     6636.2375125        0.0075434       28.5380016       53.3547734      278.1661972       20.6559856
     16200.0000000     6637.3901344        0.0070854       28.5639731       39.0503078      310.9067466       61.9570849
     18900.0000000     6630.7695095        0.0062206       28.5295687       24.6635202      330.8662660      120.8973522
     21600.0000000     6632.8014320        0.0053455       28.5650526       10.2756531      348.2549397      187.5177707
     24300.0000000     6625.8458862        0.0064393       28.5290923      355.8828954        6.8243202      259.1182021
     27000.0000000     6627.7583578        0.0076860       28.5645102      341.4567465       30.6614119      332.9865938
     29700.0000000     6620.7163763        0.0070301       28.5315858      326.9793250       62.4456239       46.5548068
     32400.0000000     6619.6819724        0.0054718       28.5484431      312.5702217       85.7537841      134.8502915
     35100.0000000     6617.7806805        0.0054491       28.5587455      298.0160967       91.3197360      247.9418931
     37800.0000000     6610.8131133        0.0064618       28.5295826      283.4975818      121.0722622      346.6735414
     40500.0000000     6607.3710301        0.0051714       28.5320807      268.9979703      154.3115569       91.2680195
     43200.0000000     6605.8461861        0.0042098       28.5521903      254.4261072      157.0816884      234.2849578


 1 90031U RELEAS14 00051.38558242 +.00168784  00000 0  70845-3 4 0046                                                                                                                                                                                                                                                                                                                                                                                                                                                           
 2 90031  63.9976   6.4832 7509563 239.3244 315.9903  2.0525984300303                                                                                                                                                                                                                                                                                                                                                                                                                                                           

         0.0000000    26152.5428205        0.7509469       63.9969868        6.5076620      239.3274880      223.3625761
      2700.0000000    26151.7831855        0.7510941       64.0004801        6.1918910      239.2947462      199.5055540
      5400.0000000    26150.0114162        0.7512323       63.9994131        5.8687923      239.2718976      185.9112444
      8100.0000000    26147.8761627        0.7513180       63.9940846        5.5391879      239.2581640      174.1361252
     10800.0000000    26145.3874410        0.7513294       63.9869476        5.2049973      239.2498999      160.6818264
     13500.0000000    26144.1895954        0.7512753       63.9807042        4.8694606      239.2447932      137.6213177
     16200.0000000    26179.1899210        0.7514902       63.9818693        4.5987119      239.2063052      290.9887062
     18900.0000000    26136.1361616        0.7511879       63.9726748        4.2840529      239.2181637      213.1922133
     21600.0000000    26133.6883505        0.7512497       63.9761066        3.9653249      239.1915046      195.0434896
     24300.0000000    26129.9754428        0.7513927       63.9784094        3.6443897      239.1688542      182.7328273
     27000.0000000    26124.4066812        0.7515441       63.9757107        3.3152959      239.1569379      171.2544301
     29700.0000000    26115.4406828        0.7515989       63.9683426        2.9751376      239.1550253      157.3959030
     32400.0000000    26106.7282420        0.7515185       63.9602338        2.6293481      239.1558081      131.4919208
     35100.0000000    26102.5054970        0.7513794       63.9575363        2.3534355      239.1258956      270.5627319
     37800.0000000    26083.5646957        0.7513345       63.9509524        2.0362548      239.1172858      212.8707473
     40500.0000000    26072.8412550        0.7513831       63.9514869        1.7155303      239.0882761      196.0573296
     43200.0000000    26053.2664164        0.7513965       63.9488380        1.3901120      239.0706082      184.7468796


 1 90032U RELEAS14 00051.38558242 +.00332394  00000 0  96401-4 4 0062                                                                                                                                                                                                                                                                                                                                                                                                                                                           
 2 90032  63.8221 352.9474 7190794 239.0801 307.3271  2.4861841700210                                                                                                                                                                                                                                                                                                                                                                                                                                                           

         0.0000000    23015.8580970        0.7190832       63.8211932      352.9714256      239.0837736      221.4492103
      2700.0000000    22991.2347303        0.7189228       63.8215105      352.5513705      239.0563438      181.5728210
      5400.0000000    22942.3461564        0.7184095       63.8202310      352.1223946      239.0453235      147.7912300
      8100.0000000    22856.4286056        0.7174902       63.8123686      351.7599324      239.0480580      231.8451276
     10800.0000000    22755.8832792        0.7162778       63.8066620      351.3293733      239.0340492      190.2059906
     13500.0000000    22653.0121081        0.7149463       63.8046078      350.8943377      239.0210728      168.9669421
     16200.0000000    22560.5259648        0.7137126       63.8051238      350.4609705      239.0071708      141.8204315
     18900.0000000    22513.4029129        0.7131181       63.8112646      350.0948111      238.9751574      313.6016894
     21600.0000000    22334.7623411        0.7110432       63.8019118      349.6764147      238.9717704      218.7074292
     24300.0000000    22101.8318239        0.7081810       63.7989963      349.2433365      238.9544971      204.5482075
     27000.0000000    21653.1778524        0.7022896       63.7910676      348.7966767      238.9482243      208.1265778
     29700.0000000    20951.3594295        0.6923350       63.7802507      348.3179795      238.9925461      350.1303461
     32400.0000000    20247.7828776        0.6816676       63.7721458      347.7953866      238.9394239      179.9480093
     35100.0000000    19588.5223298        0.6708917       63.7672571      347.2449656      238.9222485      158.3576276
     37800.0000000    18905.1558006        0.6590772       63.7640749      346.6898857      238.9122865      168.4470540
     40500.0000000    18035.5551218        0.6427774       63.7582263      346.1129770      238.9100498      232.2384309
     43200.0000000    16844.4535181        0.6175205       63.7556619      345.4277452      238.8918801      257.1088733


 1 90033U RELEAS14 00051.92409179 +.00000011  00000 0  00000 0 4 0041                                                                                                                                                                                                                                                                                                                                                                                                                                                           
 2 90033  52.6683  23.9378 0137366 276.7208  81.7737  6.4729361700921                                                                                                                                                                                                                                                                                                                                                                                                                                                           

         0.0000000    12165.3674483        0.0137722       52.6744899       23.9371011      277.7998241       82.2566625
      2700.0000000    12161.3393629        0.0136774       52.6682895       22.7601980      277.2687856      132.5458375
      5400.0000000    12158.7524242        0.0139287       52.6638874       21.5663885      278.5316188      180.2528918
      8100.0000000    12163.3422331        0.0135913       52.6722918       20.3776175      279.0954786      228.6639258
     10800.0000000    12164.7379499        0.0138225       52.6745303       19.2041207      279.2427906      278.2902420
     13500.0000000    12159.3235956        0.0136463       52.6650243       18.0192471      281.5311138      326.8718945
     16200.0000000    12160.1235199        0.0136732       52.6669964       16.8210686      281.3565362       18.5266204
     18900.0000000    12165.2370248        0.0138638       52.6769966       15.6399146      283.5795629       67.4265734
     21600.0000000    12162.3585219        0.0136327       52.6728960       14.4655363      283.5412948      117.5541845
     24300.0000000    12158.5910778        0.0139402       52.6663918       13.2741808      284.1449998      166.0879046
     27000.0000000    12162.3732394        0.0136449       52.6731765       12.0829141      285.3735833      213.7367102
     29700.0000000    12165.1763957        0.0137456       52.6776959       10.9082001      284.9943201      263.5836147
     32400.0000000    12160.2417548        0.0137498       52.6687126        9.7270870      287.3976682      311.7347417
     35100.0000000    12159.2213290        0.0135950       52.6674853        8.5290230      287.4407993        3.0814616
     37800.0000000    12164.7622605        0.0139280       52.6780739        7.3442166      289.1648610       52.6860701
     40500.0000000    12163.3723918        0.0136416       52.6762849        6.1716338      289.8747252      102.4043308
     43200.0000000    12158.7206566        0.0139098       52.6676601        4.9832863      289.7921942      151.8589198


 1 90034U RELEAS14 00051.38558242 +.00711372  97635-5  13083-2 4 0021                                                                                                                                                                                                                                                                                                                                                                                                                                                           
 2 90034  62.8218  97.3466 0233042 119.4400 242.9881 17.6709972501011                                                                                                                                                                                                                                                                                                                                                                                                                                                           

         0.0000000     6234.4553184        0.0229411       62.8413565       97.3497013      117.7227032      242.3582259
Warning: Decay condition. Distance from the Geoid (Km) =    -79.927

