 HQ AFSPC Sgp4Prop DLL - Version: v8.0 - Build: Nov 05 2020 - Platform: Windows 32-bit                                         


EPHEMERIS GENERATED BY SGP4 USING THE WGS-72 EARTH MODEL
COORDINATE FRAME=TRUE EQUATOR AND MEAN EQUINOX OF EPOCH
USING THE FK5 MEAN OF J2000 TIME AND REFERENCE FRAME

INPUT FILE = input\rel14.inp
Start Time =         0.0000 min from epoch
Stop Time  =     43200.0000 min from epoch
Step size  =      2700.0000 min


     TSINCE (MIN)     N (REVS/DAY)          ECC (-)        INC (DEG)       NODE (DEG)      OMEGA (DEG)         MA (DEG)


 1 90021U RELEAS14 00051.47568104 +.00000184  00000 0  00000 0 0 0814                                                                                                                                                                                                                                                                                                                                                                                                                                                           
 2 90021   0.0222 182.4923 0000720  45.6036 131.8822  1.0027132801199                                                                                                                                                                                                                                                                                                                                                                                                                                                           

         0.0000000        1.0026760        0.0000720        0.0222000      182.4923000       45.6036000      131.8822000
      2700.0000000        1.0026851        0.0000720        0.0225934      182.4671480       45.6639257       88.6942166
      5400.0000000        1.0026942        0.0000720        0.0229869      182.4419960       45.7242514       45.5123689
      8100.0000000        1.0027033        0.0000720        0.0233803      182.4168440       45.7845771        2.3366567
     10800.0000000        1.0027124        0.0000720        0.0237737      182.3916920       45.8449028      319.1670795
     13500.0000000        1.0027215        0.0000720        0.0241672      182.3665399       45.9052285      276.0036367
     16200.0000000        1.0027306        0.0000720        0.0245606      182.3413879       45.9655542      232.8463272
     18900.0000000        1.0027396        0.0000720        0.0249541      182.3162359       46.0258799      189.6951499
     21600.0000000        1.0027487        0.0000720        0.0253475      182.2910839       46.0862056      146.5501034
     24300.0000000        1.0027578        0.0000720        0.0257409      182.2659319       46.1465313      103.4111858
     27000.0000000        1.0027669        0.0000721        0.0261344      182.2407799       46.2068570       60.2783953
     29700.0000000        1.0027759        0.0000721        0.0265278      182.2156279       46.2671827       17.1517295
     32400.0000000        1.0027850        0.0000721        0.0269212      182.1904759       46.3275084      334.0311859
     35100.0000000        1.0027941        0.0000721        0.0273147      182.1653239       46.3878341      290.9167617
     37800.0000000        1.0028031        0.0000721        0.0277081      182.1401718       46.4481598      247.8084537
     40500.0000000        1.0028122        0.0000721        0.0281015      182.1150198       46.5084855      204.7062584
     43200.0000000        1.0028212        0.0000721        0.0284950      182.0898678       46.5688112      161.6101721


 1 90022U RELEAS14 00051.59174492 +.00000136  00000 0  00000 0 0 0733                                                                                                                                                                                                                                                                                                                                                                                                                                                           
 2 90022   4.5701  71.6069 0014162  60.8451 299.2453  0.9654587100306                                                                                                                                                                                                                                                                                                                                                                                                                                                           

         0.0000000        0.9654249        0.0014162        4.5701000       71.6069000       60.8451000      299.2453000
      2700.0000000        0.9654302        0.0014161        4.5739244       71.5970422       60.8879499      230.9076891
      5400.0000000        0.9654381        0.0014160        4.5777488       71.5871844       60.9307997      162.5749265
      8100.0000000        0.9654423        0.0014159        4.5815732       71.5773266       60.9736496       94.2465691
     10800.0000000        0.9654405        0.0014158        4.5853976       71.5674688       61.0164994       25.9190327
     13500.0000000        0.9654346        0.0014158        4.5892220       71.5576110       61.0593493      317.5886527
     16200.0000000        0.9654289        0.0014157        4.5930464       71.5477532       61.1021991      249.2540811
     18900.0000000        0.9654268        0.0014156        4.5968708       71.5378954       61.1450490      180.9166912
     21600.0000000        0.9654299        0.0014155        4.6006952       71.5280376       61.1878988      112.5796399
     24300.0000000        0.9654368        0.0014154        4.6045196       71.5181798       61.2307487       44.2461638
     27000.0000000        0.9654431        0.0014153        4.6083440       71.5083220       61.2735986      335.9174643
     29700.0000000        0.9654438        0.0014152        4.6121685       71.4984642       61.3164484      267.5913681
     32400.0000000        0.9654376        0.0014151        4.6159929       71.4886064       61.3592983      199.2633266
     35100.0000000        0.9654289        0.0014150        4.6198173       71.4787486       61.4021481      130.9298594
     37800.0000000        0.9654247        0.0014149        4.6236417       71.4688908       61.4449980       62.5916436
     40500.0000000        0.9654280        0.0014149        4.6274661       71.4590330       61.4878478      354.2530905
     43200.0000000        0.9654357        0.0014148        4.6312905       71.4491752       61.5306977      285.9186401


 1 90023U RELEAS14 00051.45013393 +.00000064  00000 0  00000 0 0 0221                                                                                                                                                                                                                                                                                                                                                                                                                                                           
 2 90023  54.9132 182.6983 0017768 176.8444 183.1487  2.0055852401395                                                                                                                                                                                                                                                                                                                                                                                                                                                           

         0.0000000        2.0055861        0.0017768       54.9132000      182.6983000      176.8444000      183.1487000
      2700.0000000        2.0055861        0.0017767       54.9132512      182.6238033      176.8979129       96.9107891
      5400.0000000        2.0055861        0.0017766       54.9133025      182.5493067      176.9514257       10.6728782
      8100.0000000        2.0055861        0.0017766       54.9133537      182.4748100      177.0049386      284.4349673
     10800.0000000        2.0055861        0.0017765       54.9134050      182.4003133      177.0584514      198.1970564
     13500.0000000        2.0055861        0.0017764       54.9134562      182.3258167      177.1119643      111.9591455
     16200.0000000        2.0055861        0.0017763       54.9135074      182.2513200      177.1654772       25.7212346
     18900.0000000        2.0055861        0.0017763       54.9135587      182.1768233      177.2189900      299.4833237
     21600.0000000        2.0055861        0.0017762       54.9136099      182.1023267      177.2725029      213.2454128
     24300.0000000        2.0055861        0.0017761       54.9136611      182.0278300      177.3260157      127.0075020
     27000.0000000        2.0055861        0.0017760       54.9137124      181.9533333      177.3795286       40.7695911
     29700.0000000        2.0055861        0.0017759       54.9137636      181.8788367      177.4330415      314.5316802
     32400.0000000        2.0055861        0.0017759       54.9138149      181.8043400      177.4865543      228.2937693
     35100.0000000        2.0055861        0.0017758       54.9138661      181.7298433      177.5400672      142.0558584
     37800.0000000        2.0055861        0.0017757       54.9139173      181.6553467      177.5935800       55.8179475
     40500.0000000        2.0055861        0.0017756       54.9139686      181.5808500      177.6470929      329.5800366
     43200.0000000        2.0055861        0.0017756       54.9140198      181.5063533      177.7006058      243.3421257


 1 90024U RELEAS14 00051.03935584 +.00001327  00000 0  00000 0 0 0882                                                                                                                                                                                                                                                                                                                                                                                                                                                           
 2 90024  64.7717 195.4038 6033327 269.3020  18.6110  2.0061535803847                                                                                                                                                                                                                                                                                                                                                                                                                                                           

         0.0000000        2.0062379        0.6033327       64.7717000      195.4038000      269.3020000       18.6110000
      2700.0000000        2.0062701        0.6033239       64.7716778      195.2688777      269.2741119      292.8033938
      5400.0000000        2.0063022        0.6033151       64.7716556      195.1339554      269.2462238      207.0174927
      8100.0000000        2.0063343        0.6033063       64.7716335      194.9990331      269.2183357      121.2532624
     10800.0000000        2.0063663        0.6032975       64.7716113      194.8641108      269.1904476       35.5106654
     13500.0000000        2.0063982        0.6032887       64.7715891      194.7291885      269.1625596      309.7896602
     16200.0000000        2.0064301        0.6032799       64.7715669      194.5942663      269.1346715      224.0902021
     18900.0000000        2.0064619        0.6032710       64.7715448      194.4593440      269.1067834      138.4122420
     21600.0000000        2.0064937        0.6032622       64.7715226      194.3244217      269.0788953       52.7557270
     24300.0000000        2.0065253        0.6032534       64.7715004      194.1894994      269.0510072      327.1205999
     27000.0000000        2.0065569        0.6032446       64.7714782      194.0545771      269.0231191      241.5067994
     29700.0000000        2.0065883        0.6032358       64.7714561      193.9196548      268.9952310      155.9142596
     32400.0000000        2.0066196        0.6032270       64.7714339      193.7847325      268.9673429       70.3429100
     35100.0000000        2.0066509        0.6032182       64.7714117      193.6498102      268.9394549      344.7926751
     37800.0000000        2.0066820        0.6032094       64.7713895      193.5148879      268.9115668      259.2634748
     40500.0000000        2.0067129        0.6032006       64.7713674      193.3799656      268.8836787      173.7552236
     43200.0000000        2.0067438        0.6031918       64.7713452      193.2450434      268.8557906       88.2678306


 1 90025U RELEAS14 00051.03935584 +.00001327  00000 0  00000 0 0 0882                                                                                                                                                                                                                                                                                                                                                                                                                                                           
 2 90025  64.7717 195.4038 6833327 269.3020  18.6110  2.0061535803847                                                                                                                                                                                                                                                                                                                                                                                                                                                           

         0.0000000        2.0062634        0.6833327       64.7717000      195.4038000      269.3020000       18.6110000
      2700.0000000        2.0063076        0.6833236       64.7716747      195.2119430      269.2693142      292.8092346
      5400.0000000        2.0063517        0.6833144       64.7716493      195.0200860      269.2366285      207.0372461
      8100.0000000        2.0063957        0.6833053       64.7716240      194.8282289      269.2039427      121.2950095
     10800.0000000        2.0064397        0.6832962       64.7715986      194.6363719      269.1712570       35.5824940
     13500.0000000        2.0064837        0.6832870       64.7715733      194.4445149      269.1385712      309.8996630
     16200.0000000        2.0065275        0.6832779       64.7715479      194.2526579      269.1058855      224.2464742
     18900.0000000        2.0065714        0.6832688       64.7715226      194.0608009      269.0731997      138.6228788
     21600.0000000        2.0066151        0.6832596       64.7714973      193.8689439      269.0405140       53.0288220
     24300.0000000        2.0066587        0.6832505       64.7714719      193.6770868      269.0078282      327.4642417
     27000.0000000        2.0067022        0.6832414       64.7714466      193.4852298      268.9751424      241.9290698
     29700.0000000        2.0067456        0.6832322       64.7714212      193.2933728      268.9424567      156.4232304
     32400.0000000        2.0067889        0.6832231       64.7713959      193.1015158      268.9097709       70.9466405
     35100.0000000        2.0068320        0.6832140       64.7713705      192.9096588      268.8770852      345.4992090
     37800.0000000        2.0068750        0.6832048       64.7713452      192.7178018      268.8443994      260.0808369
     40500.0000000        2.0069178        0.6831957       64.7713199      192.5259447      268.8117137      174.6914169
     43200.0000000        2.0069604        0.6831866       64.7712945      192.3340877      268.7790279       89.3308325


 1 90026U RELEAS14 00051.03935584 +.00001327  00000 0  00000 0 0 0882                                                                                                                                                                                                                                                                                                                                                                                                                                                           
 2 90026  64.7717 195.4038 7233327 269.3020  18.6110  2.0061535803847                                                                                                                                                                                                                                                                                                                                                                                                                                                           

         0.0000000        2.0062834        0.7233327       64.7717000      195.4038000      269.3020000       18.6110000
      2700.0000000        2.0063369        0.7233236       64.7716726      195.1641823      269.2649443      292.8133555
      5400.0000000        2.0063903        0.7233144       64.7716451      194.9245646      269.2278885      207.0517631
      8100.0000000        2.0064436        0.7233053       64.7716177      194.6849469      269.1908328      121.3262122
     10800.0000000        2.0064970        0.7232961       64.7715902      194.4453292      269.1537770       35.6366849
     13500.0000000        2.0065503        0.7232870       64.7715628      194.2057114      269.1167213      309.9831550
     16200.0000000        2.0066036        0.7232778       64.7715353      193.9660937      269.0796656      224.3655892
     18900.0000000        2.0066567        0.7232687       64.7715079      193.7264760      269.0426098      138.7839456
     21600.0000000        2.0067098        0.7232596       64.7714804      193.4868583      269.0055541       53.2381741
     24300.0000000        2.0067629        0.7232504       64.7714530      193.2472406      268.9684984      327.7282160
     27000.0000000        2.0068158        0.7232413       64.7714256      193.0076229      268.9314426      242.2540039
     29700.0000000        2.0068685        0.7232321       64.7713981      192.7680052      268.8943869      156.8154608
     32400.0000000        2.0069212        0.7232230       64.7713707      192.5283875      268.8573311       71.4125000
     35100.0000000        2.0069737        0.7232138       64.7713432      192.2887698      268.8202754      346.0450246
     37800.0000000        2.0070260        0.7232047       64.7713158      192.0491521      268.7832197      260.7129271
     40500.0000000        2.0070781        0.7231956       64.7712883      191.8095343      268.7461639      175.4160888
     43200.0000000        2.0071301        0.7231864       64.7712609      191.5699166      268.7091082       90.1543791


 1 90027U RELEAS14 00051.03935584 +.00000209  00000 0  99999-4 0 1844                                                                                                                                                                                                                                                                                                                                                                                                                                                           
 2 90027  64.3871 233.3669 6991935 271.4388  16.5332  1.9699794003847                                                                                                                                                                                                                                                                                                                                                                                                                                                           

         0.0000000        1.9700877        0.6991935       64.3871000      233.3669000      271.4388000       16.5332000
      2700.0000000        1.9700927        0.6991225       64.3869902      233.1614369      271.4146650      266.2954934
      5400.0000000        1.9701173        0.6990514       64.3868804      232.9559738      271.3905301      156.0679725
      8100.0000000        1.9701566        0.6989804       64.3867705      232.7505107      271.3663951       45.8624233
     10800.0000000        1.9702028        0.6989093       64.3866607      232.5450477      271.3422602      295.6862508
     13500.0000000        1.9702474        0.6988383       64.3865509      232.3395846      271.3181252      185.5412660
     16200.0000000        1.9702829        0.6987672       64.3864411      232.1341215      271.2939903       75.4237591
     18900.0000000        1.9703037        0.6986962       64.3863312      231.9286584      271.2698553      325.3255347
     21600.0000000        1.9703067        0.6986252       64.3862214      231.7231953      271.2457203      215.2354723
     24300.0000000        1.9702916        0.6985541       64.3861116      231.5177322      271.2215854      105.1412743
     27000.0000000        1.9702607        0.6984831       64.3860018      231.3122691      271.1974504      355.0313262
     29700.0000000        1.9702185        0.6984120       64.3858920      231.1068060      271.1733155      244.8963277
     32400.0000000        1.9701721        0.6983410       64.3857821      230.9013429      271.1491805      134.7309403
     35100.0000000        1.9701297        0.6982699       64.3856723      230.6958799      271.1250456       24.5350286
     37800.0000000        1.9700993        0.6981989       64.3855625      230.4904168      271.1009106      274.3140634
     40500.0000000        1.9700871        0.6981279       64.3854527      230.2849537      271.0767757      164.0784247
     43200.0000000        1.9700957        0.6980568       64.3853429      230.0794906      271.0526407       53.8415168


 1 90028U RELEAS14 00051.15714066 -.00000031  00000 0 -13568-4 0 0377                                                                                                                                                                                                                                                                                                                                                                                                                                                           
 2 90028  72.5158 115.6069 0011430 124.7615 235.4297 12.4439648802428                                                                                                                                                                                                                                                                                                                                                                                                                                                           

         0.0000000       12.4488095        0.0011430       72.5158000      115.6069000      124.7615000      235.4297000
      2700.0000000       12.4488095        0.0011430       72.5158000      112.9152211      122.2994556      355.1048400
      5400.0000000       12.4488094        0.0011430       72.5158000      110.2235423      119.8374144      114.7799281
      8100.0000000       12.4488093        0.0011430       72.5158000      107.5318636      117.3753719      234.4549691
     10800.0000000       12.4488092        0.0011430       72.5158000      104.8401848      114.9133275      354.1299634
     13500.0000000       12.4488092        0.0011430       72.5158000      102.1485061      112.4512862      113.8049060
     16200.0000000       12.4488091        0.0011430       72.5158000       99.4568274      109.9892437      233.4798012
     18900.0000000       12.4488090        0.0011430       72.5158000       96.7651488      107.5271993      353.1546499
     21600.0000000       12.4488089        0.0011430       72.5158000       94.0734702      105.0651581      112.8294468
     24300.0000000       12.4488089        0.0011430       72.5158000       91.3817916      102.6031156      232.5041964
     27000.0000000       12.4488088        0.0011430       72.5158000       88.6901131      100.1410712      352.1788993
     29700.0000000       12.4488087        0.0011430       72.5158000       85.9984346       97.6790299      111.8535506
     32400.0000000       12.4488087        0.0011430       72.5158000       83.3067562       95.2169875      231.5281545
     35100.0000000       12.4488086        0.0011430       72.5158000       80.6150778       92.7549430      351.2027118
     37800.0000000       12.4488085        0.0011430       72.5158000       77.9233994       90.2929018      110.8772174
     40500.0000000       12.4488084        0.0011430       72.5158000       75.2317210       87.8308593      230.5516756
     43200.0000000       12.4488084        0.0011430       72.5158000       72.5400427       85.3688149      350.2260872


 1 90029U RELEAS14 00051.38558242 +.00000961  00000 0  44365-3 0 5319                                                                                                                                                                                                                                                                                                                                                                                                                                                           
 2 90029  98.7064 100.2836 0014146 119.4841 240.7749 14.2193618701011                                                                                                                                                                                                                                                                                                                                                                                                                                                           

         0.0000000       14.2278081        0.0014146       98.7064000      100.2836000      119.4841000      240.7749000
      2700.0000000       14.2278449        0.0014146       98.7064000      102.1338489      114.0692401      118.8528408
      5400.0000000       14.2278816        0.0014146       98.7064000      103.9841090      108.6549405      356.9550153
      8100.0000000       14.2279183        0.0014146       98.7064000      105.8343803      103.2394820      235.0831440
     10800.0000000       14.2279551        0.0014145       98.7064000      107.6846627       97.8246879      113.2354057
     13500.0000000       14.2279918        0.0014145       98.7064000      109.5349563       92.4103502      351.4120100
     16200.0000000       14.2280286        0.0014145       98.7064000      111.3852611       86.9948662      229.6145613
     18900.0000000       14.2280653        0.0014145       98.7064000      113.2355771       81.5801372      107.8411603
     21600.0000000       14.2281021        0.0014145       98.7064000      115.0859042       76.1657560      346.0922157
     24300.0000000       14.2281388        0.0014145       98.7064000      116.9362426       70.7502530      224.3691989
     27000.0000000       14.2281756        0.0014145       98.7064000      118.7865921       65.3355877      102.6701522
     29700.0000000       14.2282123        0.0014145       98.7064000      120.6369527       59.9211580      340.9956795
     32400.0000000       14.2282491        0.0014145       98.7064000      122.4873246       54.5056425      219.3471038
     35100.0000000       14.2282858        0.0014145       98.7064000      124.3377076       49.0910391       97.7224291
     37800.0000000       14.2283226        0.0014145       98.7064000      126.1881019       43.6765563      336.1224487
     40500.0000000       14.2283594        0.0014145       98.7064000      128.0385072       38.2610351      214.5483230
     43200.0000000       14.2283961        0.0014144       98.7064000      129.8889238       32.8464910       92.9980387


 1 90030U RELEAS14 00051.38558242 +.01672663  94000-5  22520-2 0 0035                                                                                                                                                                                                                                                                                                                                                                                                                                                           
 2 90030  28.5475 124.9280 0081002 156.8669 205.7976 16.0204499601011                                                                                                                                                                                                                                                                                                                                                                                                                                                           

         0.0000000       16.0047049        0.0081002       28.5475000      124.9280000      156.8669000      205.7976000
      2700.0000000       16.0833926        0.0062728       28.5475000      110.6065882      180.0326119      246.0680870
      5400.0000000       16.1625971        0.0044455       28.5475000       96.1231279      203.1983238      339.2793825
      8100.0000000       16.2423224        0.0026181       28.5475000       81.4776193      226.3640357      125.4314864
     10800.0000000       16.3225730        0.0007908       28.5475000       66.6700622      249.5297476      324.5243989
Sgp4Update: Eccentricity is negative, e = -0.1037E-02. SatNum:     90030-Mse:    13500.00                                      


 1 90031U RELEAS14 00051.38558242 +.00168784  00000 0  70845-3 0 0046                                                                                                                                                                                                                                                                                                                                                                                                                                                           
 2 90031  63.9976   6.4832 7509563 239.3244 315.9903  2.0525984300303                                                                                                                                                                                                                                                                                                                                                                                                                                                           

         0.0000000        2.0527442        0.7509563       63.9976000        6.4832000      239.3244000      315.9903000
      2700.0000000        2.0591647        0.7503692       63.9921486        6.1620240      239.3148882      263.6594100
      5400.0000000        2.0655759        0.7497822       63.9866973        5.8398744      239.3053764      215.6437079
      8100.0000000        2.0719774        0.7491951       63.9812459        5.5167510      239.2958646      171.9181723
     10800.0000000        2.0783792        0.7486080       63.9757946        5.1926541      239.2863527      132.4613055
     13500.0000000        2.0847980        0.7480210       63.9703432        4.8675834      239.2768409       97.2609650
     16200.0000000        2.0912518        0.7474339       63.9648918        4.5415391      239.2673291       66.3168471
     18900.0000000        2.0977565        0.7468468       63.9594405        4.2145211      239.2578173       39.6399316
     21600.0000000        2.1043225        0.7462597       63.9539891        3.8865294      239.2483055       17.2498786
     24300.0000000        2.1109519        0.7456727       63.9485377        3.5575641      239.2387937      359.1704237
     27000.0000000        2.1176363        0.7450856       63.9430864        3.2276251      239.2292819      345.4228559
     29700.0000000        2.1243579        0.7444985       63.9376350        2.8967125      239.2197700      336.0195129
     32400.0000000        2.1310947        0.7439115       63.9321837        2.5648261      239.2102582      330.9591285
     35100.0000000        2.1378285        0.7433244       63.9267323        2.2319661      239.2007464      330.2267609
     37800.0000000        2.1445517        0.7427373       63.9212809        1.8981325      239.1912346      333.7989357
     40500.0000000        2.1512688        0.7421503       63.9158296        1.5633252      239.1817228      341.6512566
     43200.0000000        2.1579937        0.7415632       63.9103782        1.2275442      239.1722110      353.7657079


 1 90032U RELEAS14 00051.38558242 +.00332394  00000 0  96401-4 0 0062                                                                                                                                                                                                                                                                                                                                                                                                                                                           
 2 90032  63.8221 352.9474 7190794 239.0801 307.3271  2.4861841700210                                                                                                                                                                                                                                                                                                                                                                                                                                                           

         0.0000000        2.4863764        0.7190794       63.8221000      352.9474000      239.0801000      307.3271000
      2700.0000000        2.4988860        0.7179645       63.8176845      352.5409650      239.0702606      189.7111102
      5400.0000000        2.5114797        0.7168495       63.8132689      352.1322929      239.0604212       80.5108954
      8100.0000000        2.5241581        0.7157346       63.8088534      351.7213837      239.0505818      339.7264556
     10800.0000000        2.5369220        0.7146196       63.8044379      351.3082373      239.0407424      247.3577909
     13500.0000000        2.5497721        0.7135047       63.8000223      350.8928538      239.0309031      163.4049011
     16200.0000000        2.5627092        0.7123898       63.7956068      350.4752332      239.0210637       87.8677864
     18900.0000000        2.5757339        0.7112748       63.7911912      350.0553754      239.0112243       20.7464467
     21600.0000000        2.5888471        0.7101599       63.7867757      349.6332805      239.0013849      322.0408821
     24300.0000000        2.6020494        0.7090449       63.7823602      349.2089484      238.9915455      271.7510924
     27000.0000000        2.6153416        0.7079300       63.7779446      348.7823792      238.9817061      229.8770778
     29700.0000000        2.6287245        0.7068151       63.7735291      348.3535729      238.9718667      196.4188382
     32400.0000000        2.6421989        0.7057001       63.7691136      347.9225295      238.9620273      171.3763736
     35100.0000000        2.6557655        0.7045852       63.7646980      347.4892489      238.9521880      154.7496840
     37800.0000000        2.6694251        0.7034702       63.7602825      347.0537311      238.9423486      146.5387694
     40500.0000000        2.6831786        0.7023553       63.7558670      346.6159763      238.9325092      146.7436299
     43200.0000000        2.6970268        0.7012404       63.7514514      346.1759843      238.9226698      155.3642654


 1 90033U RELEAS14 00051.92409179 +.00000011  00000 0  00000 0 0 0041                                                                                                                                                                                                                                                                                                                                                                                                                                                           
 2 90033  52.6683  23.9378 0137366 276.7208  81.7737  6.4729361700921                                                                                                                                                                                                                                                                                                                                                                                                                                                           

         0.0000000        6.4727869        0.0137366       52.6683000       23.9378000      276.7208000       81.7737000
      2700.0000000        6.4727869        0.0137366       52.6683000       22.7538753      277.5388868      131.0056618
      5400.0000000        6.4727869        0.0137366       52.6683000       21.5699505      278.3569737      180.2376235
      8100.0000000        6.4727869        0.0137366       52.6683000       20.3860258      279.1750605      229.4695853
     10800.0000000        6.4727869        0.0137366       52.6683000       19.2021010      279.9931473      278.7015470
     13500.0000000        6.4727869        0.0137366       52.6683000       18.0181763      280.8112342      327.9335088
     16200.0000000        6.4727869        0.0137366       52.6683000       16.8342516      281.6293210       17.1654706
     18900.0000000        6.4727869        0.0137366       52.6683000       15.6503268      282.4474079       66.3974323
     21600.0000000        6.4727869        0.0137366       52.6683000       14.4664021      283.2654947      115.6293941
     24300.0000000        6.4727869        0.0137366       52.6683000       13.2824773      284.0835815      164.8613559
     27000.0000000        6.4727869        0.0137366       52.6683000       12.0985526      284.9016684      214.0933176
     29700.0000000        6.4727869        0.0137366       52.6683000       10.9146279      285.7197552      263.3252794
     32400.0000000        6.4727869        0.0137366       52.6683000        9.7307031      286.5378420      312.5572411
     35100.0000000        6.4727869        0.0137366       52.6683000        8.5467784      287.3559289        1.7892029
     37800.0000000        6.4727869        0.0137366       52.6683000        7.3628536      288.1740157       51.0211647
     40500.0000000        6.4727869        0.0137366       52.6683000        6.1789289      288.9921026      100.2531264
     43200.0000000        6.4727869        0.0137366       52.6683000        4.9950042      289.8101894      149.4850882


 1 90034U RELEAS14 00051.38558242 +.00711372  97635-5  13083-2 0 0021                                                                                                                                                                                                                                                                                                                                                                                                                                                           
 2 90034  62.8218  97.3466 0233042 119.4400 242.9881 17.6709972501011                                                                                                                                                                                                                                                                                                                                                                                                                                                           

         0.0000000       17.6766353        0.0233042       62.8218000       97.3466000      119.4400000      242.9881000
Warning: Decay condition. Distance from the Geoid (Km) =    -81.253

