 HQ AFSPC Sgp4Prop DLL - Version: v8.0 - Build: Nov 05 2020 - Platform: Linux 64-bit                                           


EPHEMERIS GENERATED BY SGP4 USING THE WGS-72 EARTH MODEL
COORDINATE FRAME=TRUE EQUATOR AND MEAN EQUINOX OF EPOCH
USING THE FK5 MEAN OF J2000 TIME AND REFERENCE FRAME

INPUT FILE = input/rel14_type4.inp
Start Time =         0.0000 min from epoch
Stop Time  =     43200.0000 min from epoch
Step size  =      2700.0000 min


     TSINCE (MIN)         LAT(DEG)        LON (DEG)          HT (KM)           X (KM)           Y (KM)           Z (KM)


 1 90021U RELEAS14 00051.47568104 +.00000184  00000 0  00000 0 4 0814                                                                                                                                                                                                                                                                                                                                                                                                                                                           
 2 90021   0.0222 182.4923 0000720  45.6036 131.8822  1.0027132801199                                                                                                                                                                                                                                                                                                                                                                                                                                                           

         0.0000000        0.0009724       39.0200517    35787.1977660    42165.3311654      -11.5960380        0.7149141
      2700.0000000        0.0174201       39.0687536    35786.6437009    30777.5907810   -28820.2759257       12.8067490
      5400.0000000        0.0255128       39.1292249    35785.4640176     2786.7047070   -42071.4036711       18.7557187
      8100.0000000        0.0210083       39.1919960    35781.4162948   -26702.7932927   -32624.9652418       15.4427192
     10800.0000000        0.0102479       39.2565230    35779.2710944   -41785.8024877    -5585.1179277        7.5326102
     13500.0000000       -0.0045029       39.3255835    35778.1584947   -34332.9991447    24462.1797878       -3.3097266
     16200.0000000       -0.0237904       39.3997133    35780.5076666    -8370.7835348    41319.2549350      -17.4874527
     18900.0000000       -0.0377856       39.4895328    35785.6560398    22099.2782896    35908.3054671      -27.7781131
     21600.0000000       -0.0302594       39.5929448    35787.0673218    40662.6160187    11155.9602892      -22.2459910
     24300.0000000       -0.0019652       39.7002982    35786.5170605    37331.3865980   -19601.6697238       -1.4447560
     27000.0000000        0.0266734       39.8121238    35783.0816789    13905.1611790   -39802.1896330       19.6077947
     29700.0000000        0.0415569       39.9178422    35777.6454018   -17004.3500999   -38574.0970734       30.5448153
     32400.0000000        0.0425066       40.0262465    35777.1434877   -38755.8081945   -16584.7477666       31.2424991
     35100.0000000        0.0238666       40.1457136    35777.6549348   -39647.3580573    14324.7099818       17.5422137
     37800.0000000       -0.0158351       40.2712788    35780.3874097   -19210.8066484    37527.1339709      -11.6397548
     40500.0000000       -0.0527550       40.4115518    35783.2963642    11552.5777907    40547.7833623      -38.7807432
     43200.0000000       -0.0591513       40.5551295    35782.3904391    36104.9294094    21770.2109558      -43.4818091


 1 90022U RELEAS14 00051.59174492 +.00000136  00000 0  00000 0 4 0733                                                                                                                                                                                                                                                                                                                                                                                                                                                           
 2 90022   4.5701  71.6069 0014162  60.8451 299.2453  0.9654587100306                                                                                                                                                                                                                                                                                                                                                                                                                                                           

         0.0000000       -0.0040945       68.6941482    36833.2043136    13671.2911426    40991.6532265       -3.0849123
      2700.0000000       -4.2518415       43.5871612    36901.6521618    43089.3583072     2482.1293970    -3205.6299302
      5400.0000000       -3.1498680       18.4435234    36928.4325968    18275.4034315   -39189.4306804    -2377.2614482
      8100.0000000        1.9061135      353.5737071    36873.2567071   -29492.3493217   -31604.0603323     1437.2005772
     10800.0000000        4.5774901      328.2512078    36807.9701132   -40054.4894091    15773.7249662     3443.1701642
     13500.0000000        1.4537336      302.8478507    36813.8210959       37.7698326    43178.0514182     1094.6847833
     16200.0000000       -3.5105684      277.7745741    36886.2636716    40116.1198000    15984.1733479    -2646.5841262
     18900.0000000       -4.0508537      252.5913315    36930.2003721    29676.6185001   -31393.6235226    -3056.3721077
     21600.0000000        0.4991205      227.6856249    36892.8631786   -18058.9359564   -39320.6328870      376.5697834
     24300.0000000        4.4271755      202.5049478    36818.7414054   -43009.0650549     2254.5115636     3331.1638580
     27000.0000000        2.7615425      177.0190670    36807.3444130   -13588.1636447    40939.2551678     2078.5935755
     29700.0000000       -2.3947668      151.9288993    36866.0227598    33040.0659375    27841.5057343    -1805.1484983
     32400.0000000       -4.5411834      126.7667834    36923.7051666    38044.3107504   -20394.5341166    -3425.0811071
     35100.0000000       -0.9770870      101.7693248    36907.6259656    -4782.2281819   -43014.4521413     -737.4049550
     37800.0000000        3.8255180       76.7524176    36838.7430843   -41554.9636650   -11514.2512253     2880.5136911
     40500.0000000        3.7976042       51.2427958    36802.8133010   -25825.1475523    34488.9066807     2857.1465065
     43200.0000000       -1.0351231       26.0531398    36843.9982583    22590.0150994    36840.6696545     -780.0505943


 1 90023U RELEAS14 00051.45013393 +.00000064  00000 0  00000 0 4 0221                                                                                                                                                                                                                                                                                                                                                                                                                                                           
 2 90023  54.9132 182.6983 0017768 176.8444 183.1487  2.0055852401395                                                                                                                                                                                                                                                                                                                                                                                                                                                           

         0.0000000       -0.0146947      230.9458136    20229.9829234   -26578.8435899    -1247.7845787       -6.8132507
      2700.0000000      -54.7601056      190.9720539    20202.4432588    -2549.1270055    15132.0594350   -21686.2297984
      5400.0000000       -6.2554690      141.5223937    20136.5024665    26162.7599245     3194.1326220    -2884.4566247
      8100.0000000       53.4282100      109.2210394    20184.7822156     5805.5124957   -14732.6042137    21309.6988606
     10800.0000000       12.3793903       52.1239113    20229.2257208   -25489.5629074    -5074.0361709     5695.2477739
     13500.0000000      -50.6315955       27.6051577    20213.0703668    -9335.4716455    14057.5857617   -20534.0403650
     16200.0000000      -18.6348326      323.1011013    20141.4890685    24166.0765085     6898.3388130    -8461.0086927
     18900.0000000       47.1388278      303.4256092    20170.8432895    12345.7501215   -13190.9801244    19437.5853135
     21600.0000000       24.4694059      234.1837441    20227.3572450   -22654.1285195    -8565.0290912    11004.0117405
     24300.0000000      -42.4962823      218.6950794    20221.4010418   -15475.1875288    12060.1538805   -17946.8223247
     27000.0000000      -30.4518928      146.0781618    20151.0931737    20506.3828398    10135.3760051   -13426.5283627
     29700.0000000       37.6864373      132.0166520    20157.1086153    18021.7416368   -10791.0536400    16200.8003877
     32400.0000000       35.7842939       58.2502585    20223.0243959   -18271.5923331   -11492.6012891    15533.9179238
     35100.0000000      -32.0423410       44.9363368    20226.5856629   -20558.8778583     9281.1590641   -14095.5417918
     37800.0000000      -41.1785898      331.8681967    20164.2374692    15424.1080106    12707.1910464   -17453.6706895
     40500.0000000       26.5028963      316.6655349    20145.4655489    22464.0313062    -7678.4921036    11818.8054202
     43200.0000000       45.6010217      245.9116617    20216.4708125   -12641.9964436   -13663.1760698    18978.6989814


 1 90024U RELEAS14 00051.03935584 +.00001327  00000 0  00000 0 4 0882                                                                                                                                                                                                                                                                                                                                                                                                                                                           
 2 90024  64.7717 195.4038 6033327 269.3020  18.6110  2.0061535803847                                                                                                                                                                                                                                                                                                                                                                                                                                                           

         0.0000000      -14.5385411       24.9377101     8185.8745679   -13947.8971712    -2058.3444734    -3645.6379550
      2700.0000000       40.8485937      230.9726298    23289.4123321    22189.0450649    -3404.2102236    19382.4466463
      5400.0000000       63.7325943      225.5357368    35525.2907763    10019.7791181   -15614.0204666    37553.4737415
      8100.0000000       58.1912010      210.3336481    32857.7812533    -8960.5363674   -18647.7380667    33319.9200700
     10800.0000000       13.9693875      210.7194148    13951.0353907   -18347.6389612    -7252.7991915     4897.5229123
     13500.0000000       30.2472133       51.1283827    18766.0408135    21721.1719535     -445.1770058    12647.1310861
     16200.0000000       61.8023561       48.7063717    34376.6853715    13200.6061704   -14031.6953339    35895.0990436
     18900.0000000       61.2761003       32.1942096    34521.1816942    -5555.8642939   -18862.4844968    35843.3963809
     21600.0000000       30.0611777       31.8583570    19288.1436392   -19222.4086721   -11142.8961086    12838.1463920
     24300.0000000       13.1852612      232.7954152    13312.1912139    18991.0450900     2630.2494039     4481.8841563
     27000.0000000       58.8097785      231.1717629    32615.3642218    16157.3752002   -12127.0203174    33333.8913235
     29700.0000000       63.4291779      215.2231372    35626.5615832    -1961.7798239   -18693.8696996    37545.2954004
     32400.0000000       40.6170731      211.9171494    23867.1339856   -18207.1440959   -13996.7366429    19667.7505000
     35100.0000000      -19.7461148       60.8727429     7301.8878603    11822.7858430     5105.1442884    -4608.2282979
     37800.0000000       54.5444379       52.8792435    30167.7164115    18761.3504876    -9887.7447267    29745.7154512
     40500.0000000       64.6180809       39.3855795    36157.0526800     1768.5162015   -18154.2729824    38406.4190596
     43200.0000000       48.2363514       31.9554722    27680.7642662   -16051.5575054   -16041.4469263    25381.4668931


 1 90025U RELEAS14 00051.03935584 +.00001327  00000 0  00000 0 4 0882                                                                                                                                                                                                                                                                                                                                                                                                                                                           
 2 90025  64.7717 195.4038 6833327 269.3020  18.6110  2.0061535803847                                                                                                                                                                                                                                                                                                                                                                                                                                                           

         0.0000000        0.0553665       31.9549967     7909.2848887   -13773.6309826    -3797.0075832       13.7650727
      2700.0000000       47.0476190      224.5679494    24906.5395120    20585.9839720    -5564.8968084    22874.9734087
      5400.0000000       64.0911122      222.2447947    37631.0261238     9442.9383667   -16759.8640706    39562.8908123
      8100.0000000       60.0138458      215.4484841    34881.0123708    -7241.3431336   -19316.2491844    35713.3033718
     10800.0000000       25.2366965      216.5717685    14769.3292171   -16982.9077729    -8811.0695374     8999.8465973
     13500.0000000       38.7175919       44.6186748    20064.7764977    20452.9927586    -2759.4736769    16518.0647846
     16200.0000000       62.7611941       43.6639929    36443.0028509    12127.7095019   -15406.2672797    38049.5569385
     18900.0000000       62.2604762       36.0991427    36603.7136427    -4334.2343542   -19538.8813979    38019.0337096
     21600.0000000       38.3521567       37.4455952    20677.3414619   -17238.1352314   -12381.0921116    16766.3206558
     24300.0000000       24.6714838      226.1500992    13970.5962814    18490.2707684      400.2158973     8477.5839458
     27000.0000000       60.6233791      224.9293947    34599.6833529    14675.4208255   -13748.7155044    35685.5255902
     29700.0000000       63.8154449      217.4880406    37748.5694841    -1265.8296941   -19437.9687123    39575.3761637
     32400.0000000       46.7268825      217.4067686    25612.4771425   -16032.7333620   -14972.1721563    23269.3065743
     35100.0000000       -6.2861522       53.4050099     6543.1146304    12353.2113420     3515.9261907    -1410.1531022
     37800.0000000       57.4467196       45.9800882    32001.8347398    16987.4841784   -11758.1356721    32326.9031807
     40500.0000000       64.6751729       39.6275105    38286.6013755     1933.4278995   -19014.7706071    40349.4652519
     43200.0000000       52.6655256       37.3141988    29668.5232026   -13957.4668518   -16836.1558667    28637.7566710


 1 90026U RELEAS14 00051.03935584 +.00001327  00000 0  00000 0 4 0882                                                                                                                                                                                                                                                                                                                                                                                                                                                           
 2 90026  64.7717 195.4038 7233327 269.3020  18.6110  2.0061535803847                                                                                                                                                                                                                                                                                                                                                                                                                                                           

         0.0000000        7.9848539       35.7015727     8004.3161791   -13454.5268767    -4674.4716374     1992.0110246
      2700.0000000       49.8837608      220.9349663    25780.8087662    19628.1195862    -6666.6269052    24570.0521222
      5400.0000000       64.2390560      220.5907740    38686.6469735     9121.1999626   -17340.9503416    40563.1297695
      8100.0000000       60.8023396      218.0228886    35904.8181304    -6368.1506698   -19627.3695450    36887.4537834
     10800.0000000       30.7013396      219.7828523    15334.2826683   -16068.1444341    -9514.8909859    11066.5839900
     13500.0000000       42.6916318       40.8235150    20814.3482759    19594.1505963    -3978.9911386    18415.6015911
     16200.0000000       63.1668225       41.0006945    37481.6209019    11514.2781694   -16114.8712575    39114.1660692
     18900.0000000       62.6781963       37.8929513    37652.8342379    -3758.3390477   -19865.0363815    39095.9863762
     21600.0000000       42.2264662       40.4776848    21481.1103824   -16101.1789976   -12908.4540091    18700.9164742
     24300.0000000       30.2812065      222.2706431    14439.6041729    17963.0030644     -828.1052835    10478.4208022
     27000.0000000       61.4072245      221.4931858    35596.5884849    13815.7922336   -14593.8992077    36832.5466289
     29700.0000000       63.9771816      218.3396617    38815.4190459     -994.6430428   -19810.3657915    40588.8860834
     32400.0000000       49.5200110      220.2937501    26574.6749931   -14885.3531438   -15375.4523584    25041.8687083
     35100.0000000        1.1534288       49.2886695     6298.8018842    12407.8498605     2585.5543019      254.3245318
     37800.0000000       58.7265421       42.0399359    32914.9369976    15941.1473962   -12739.2149474    33560.5609071
     40500.0000000       64.7002881       39.4075682    39352.9641209     1903.0570513   -19457.9834880    41321.9200903
     43200.0000000       54.6527273       40.0024947    30744.6624863   -12921.2731560   -17165.1607510    30256.3208455


 1 90027U RELEAS14 00051.03935584 +.00000209  00000 0  99999-4 4 1844                                                                                                                                                                                                                                                                                                                                                                                                                                                           
 2 90027  64.3871 233.3669 6991935 271.4388  16.5332  1.9699794003847                                                                                                                                                                                                                                                                                                                                                                                                                                                           

         0.0000000        0.1303601       69.9532000     7149.4397779    -8063.5115922   -10861.5890124       30.6809349
      2700.0000000       54.4709511      250.7492115    31597.4464824    21666.8354883     4232.9421767    30882.0457591
      5400.0000000       64.0295596      235.1963245    38732.3111216    13312.5657893   -14604.9208088    40532.2829514
      8100.0000000       37.5348137      220.2771037    19054.0751279    -5466.3009390   -19418.9142111    15473.1968031
     10800.0000000       45.2882046       32.7892389    24912.7511827    20174.2123156     8830.1081218    22214.3010390
     13500.0000000       64.2947105       20.6391417    39274.0037644    16860.2095566   -10398.1880379    41111.3695757
     16200.0000000       51.1171119        3.9664439    27570.8069831     -553.5888113   -21311.7461917    26403.6936928
     18900.0000000       26.8099206      176.5533206    15202.8713425    15192.0674578    11846.7286062     9716.4161489
     21600.0000000       62.6568194      165.6923136    38098.5113550    19638.5632760    -5655.7276613    39484.3243455
     24300.0000000       58.3904611      147.4273439    33445.2587075     4525.5276172   -20384.3754991    33891.9662955
     27000.0000000      -43.5464013      346.3050506     2673.6562899     1338.3563703     6430.4530481    -6213.6922957
     29700.0000000       59.0053953      309.4982422    35116.2023801    21366.3391743     -640.0072125    35546.4076901
     32400.0000000       62.4396641      291.7184321    37153.7121297     9257.8476336   -17896.4551680    38569.0126506
     35100.0000000       14.2527168      275.1364331    10353.1446668    -8685.3324179   -13695.7426502     4109.0330970
     37800.0000000       52.8323646       91.9950285    30178.0615588    21663.4008243     4338.7344559    29107.3248912
     40500.0000000       64.2456320       76.8515910    39001.5093386    13460.4027182   -14419.3808000    40848.9634193
     43200.0000000       41.4991236       62.0139864    21379.7792966    -5368.4109312   -20091.9293597    18370.5237718


 1 90028U RELEAS14 00051.15714066 -.00000031  00000 0 -13568-4 4 0377                                                                                                                                                                                                                                                                                                                                                                                                                                                           
 2 90028  72.5158 115.6069 0011430 124.7615 235.4297 12.4439648802428                                                                                                                                                                                                                                                                                                                                                                                                                                                           

         0.0000000        0.0800765      269.6563753     1497.4697985    -3406.9071048     7100.5643737       10.9472621
      2700.0000000       60.6483184       96.2157508     1497.4237960     -735.4932868    -3797.7705082     6841.4337488
      5400.0000000      -45.5043592      189.1603042     1504.2303577     3468.8094967    -4309.3722513    -5599.7807325
      8100.0000000      -17.2631556       25.4268385     1501.2677940    -1557.9572098     7363.2297316    -2326.1820681
     10800.0000000       71.6457248      180.5981050     1500.3579058    -2062.6007509    -1389.4693019     7455.3836593
     13500.0000000      -28.7156881      301.8302014     1496.5955672     2593.9296072    -6405.2837412    -3765.3621853
     16200.0000000      -34.3807102      140.0188425     1507.3145583      331.4611643     6505.0784055    -4432.5419665
     18900.0000000       68.8730601      247.0868300     1500.8352567    -2489.6581805     1380.0890562     7326.8375418
     21600.0000000      -11.4696174       56.9745626     1490.3574999     1037.9896672    -7642.0171967    -1556.3128624
     24300.0000000      -50.8680655      251.1253861     1513.7514645     1809.4274058     4649.0601592    -6098.5024963
     27000.0000000       55.5053216      341.3947963     1499.0393255    -1948.7932809     4022.0656869     6468.9222820
     29700.0000000        5.9215370      172.8498409     1487.1297033     -796.7965054    -7782.8413673      807.0497664
     32400.0000000      -65.4593371      351.8161947     1518.4289839     2519.2236149     2111.5539159    -7160.4303826
     35100.0000000       39.3053671       90.5076065     1496.2333698     -585.5232915     6071.5095830     4966.3993730
     37800.0000000       23.2587738      288.3555354     1487.3557534    -2448.3178297    -6802.1273943     3090.4072701
     40500.0000000      -72.5890896       65.1187966     1519.6391032     2275.1511063     -660.3115641    -7513.6908279
     43200.0000000       22.2772673      204.4008741     1494.2544646     1272.2507581     7175.7249473     2969.3068297


 1 90029U RELEAS14 00051.38558242 +.00000961  00000 0  44365-3 4 5319                                                                                                                                                                                                                                                                                                                                                                                                                                                           
 2 90029  98.7064 100.2836 0014146 119.4841 240.7749 14.2193618701011                                                                                                                                                                                                                                                                                                                                                                                                                                                           

         0.0000000        0.1171622      171.8258275      829.5677370    -1284.5062090     7092.3061552       14.6514744
      2700.0000000      -46.8549641       27.4906426      837.8493840      239.5937410    -4936.6148127    -5242.0681821
      5400.0000000       80.4150309      146.2609390      832.2881814     1179.4754706     -242.1759221     7088.0924355
      8100.0000000      -38.5335250      313.8101859      841.6189547    -2190.5370217     5212.5243148    -4476.2455775
     10800.0000000       -8.2939331      170.5704290      822.2348060     2012.1425560    -6835.4992675    -1032.5682974
     13500.0000000       54.2198145       24.6410269      829.8717957     -538.1038457     4188.1725211     5824.3324870
     16200.0000000      -75.1878703      117.0109964      853.6353861    -1546.6696861     1022.1890409    -6969.4266582
     18900.0000000       30.5393990      311.9964025      820.3850110     2948.5217259    -5459.3455799     3638.8793668
     21600.0000000       15.7723946      169.3751958      825.4890719    -2664.6491667     6401.4750008     1946.8851845
     24300.0000000      -62.0349315       20.1726516      848.6583979      604.1527894    -3342.5634146    -6359.9039215
     27000.0000000       68.3274804      104.3691008      827.8890474     2081.9175320    -1668.5348024     6674.0429924
     29700.0000000      -23.0222219      310.5483315      833.9338144    -3743.8297350     5484.7134610    -2805.1256754
     32400.0000000      -24.0025182      167.9500313      831.6930954     3151.0561140    -5787.3792213    -2916.8512485
     35100.0000000       69.1655427       13.2502042      828.5993838     -477.8115932     2525.0644714     6712.9829927
     37800.0000000      -61.0893523       97.8405551      850.2345945    -2765.7491538     2148.9183720    -6304.4351354
     40500.0000000       14.8088173      309.1419317      822.5793048     4503.8141873    -5310.1242348     1829.9045508
     43200.0000000       31.4595270      166.4893795      822.1592683    -3481.5163758     5065.8872233     3738.5409336


 1 90030U RELEAS14 00051.38558242 +.01672663  94000-5  22520-2 4 0035                                                                                                                                                                                                                                                                                                                                                                                                                                                           
 2 90030  28.5475 124.9280 0081002 156.8669 205.7976 16.0204499601011                                                                                                                                                                                                                                                                                                                                                                                                                                                           

         0.0000000        1.0875546      198.4774186      311.1433602    -4017.2739323     5347.1429798      126.1540746
      2700.0000000       22.2017154      273.6025051      294.6716203    -5766.1263405     2226.0641921     2506.4547663
      5400.0000000       27.4486473        2.5307576      268.2526902    -5363.6205961    -2463.2274146     3046.0730753
      8100.0000000        6.9536872       90.1832071      234.5635685    -2334.5488010    -6135.2110160      795.4482934
     10800.0000000      -21.4569643      177.8083809      215.0531589     2461.6867936    -5623.7078349    -2397.2234477
     13500.0000000      -24.8854470      282.7358951      214.9751313     5965.2374906     -478.2518275    -2758.0309918
     16200.0000000        6.1501354       20.8632470      237.1302734     4193.3524702     5067.3908112      704.1724389
     18900.0000000       28.6697463      130.2942006      278.5169294    -2623.5365316     5222.9728642     3175.4572615
     21600.0000000        2.0328959      243.3367985      289.8405723    -6620.1577659     -761.4580549      235.0213833
     24300.0000000      -28.6061865        1.1942407      260.3717084     -885.5500360    -5764.8349132    -3160.3158490
     27000.0000000        1.7547521      127.7409334      204.1796358     6344.9005645    -1740.3274716      200.2529925
     29700.0000000       26.9979156      264.6124159      214.7812281     1183.8910497     5757.9135320     2975.5109344
     32400.0000000      -18.2308511       38.9330099      269.0701857    -6210.7728559     1145.4982088    -2066.8463939
     35100.0000000       -9.8079751      192.1557582      253.6348235     1092.2478058    -6443.5334430    -1122.5315865
     37800.0000000       27.2091853      349.1987487      195.5380000     4877.7496367     3229.9660391     2988.2561534
     40500.0000000      -25.9257622      150.5060393      233.8762608    -5237.4564775     2823.9421280    -2873.9190588
     43200.0000000       14.4950925      324.5843001      245.1970747     1398.4284545    -6259.4916232     1647.4466180


 1 90031U RELEAS14 00051.38558242 +.00168784  00000 0  70845-3 4 0046                                                                                                                                                                                                                                                                                                                                                                                                                                                           
 2 90031  63.9976   6.4832 7509563 239.3244 315.9903  2.0525984300303                                                                                                                                                                                                                                                                                                                                                                                                                                                           

         0.0000000       61.3018104      195.2534137    18756.0621393    -6699.8211789    10048.5048784    22023.6608690
      2700.0000000       61.8719567      186.5961980    32672.7068368     5726.9147677    17505.1377702    34415.7372524
      5400.0000000       54.6912042      207.2039218    38707.1113116    16984.2891937    19773.9520941    36768.4839882
      8100.0000000       46.2037834      237.1070868    38713.5763254    25224.6125123    18388.1942607    32524.6412006
     10800.0000000       35.2587028      269.5319144    32761.1609550    28883.8325820    13692.9125212    22573.3494429
     13500.0000000       15.1374773      299.7647824    19212.7639040    24123.8720888     5323.8915733     6671.9322107
     16200.0000000        8.8443513      150.7350928     2600.5224517    -8872.3030590      -40.8047689     1373.9878301
     18900.0000000       63.9006587      113.3871380    24303.2382952    -2290.2724203    13309.6123919    27529.9512610
     21600.0000000       59.8865784      117.9813977    35111.8524173    10030.1916096    18249.3704056    35867.0898944
     24300.0000000       52.4661203      142.9812597    39242.3817437    20314.9523892    18979.7879980    36153.5105500
     27000.0000000       43.8562727      174.3438078    37835.5654076    27258.0975300    16550.1105075    30611.0252919
     29700.0000000       32.3819458      207.2285285    30744.7329069    29273.2242512    11235.4068477    19861.9449786
     32400.0000000        9.5738768      236.7305681    16251.3832591    22131.6821366     2853.7912284     3756.7191295
     35100.0000000       27.0535449       80.4930669     4908.7975416    -9834.5980958     2097.9257188     5116.1339474
     37800.0000000       63.9119536       52.2426510    24426.7578971    -1547.4781236    13465.4826985    27643.5476745
     40500.0000000       60.2988096       59.4231473    34485.1540731     9947.9827946    17643.5639515    35471.5829511
     43200.0000000       53.7541250       85.1522467    38797.1706978    19489.0048219    18276.7973994    36410.0299414


 1 90032U RELEAS14 00051.38558242 +.00332394  00000 0  96401-4 4 0062                                                                                                                                                                                                                                                                                                                                                                                                                                                           
 2 90032  63.8221 352.9474 7190794 239.0801 307.3271  2.4861841700210                                                                                                                                                                                                                                                                                                                                                                                                                                                           

         0.0000000       61.9632651      177.3847325    17747.8597552    -3094.5193819    10917.8944414    21271.6753451
      2700.0000000       51.4809678      145.3556393    33117.0525169    21168.8133354    12540.9591587    30877.8686834
      5400.0000000       23.9316363      162.5692817    21935.0805522    25795.1150030     2123.1657167    11469.2488836
      8100.0000000       57.0224877      323.6349642    13556.5589520    -5853.4858551     9146.1173187    16699.6462063
     10800.0000000       57.0697946      284.8419519    31192.1483233    15496.2389122    13316.7277085    31510.7396453
     13500.0000000       41.8451870      304.3214338    30758.9225156    26462.9497638     8091.4247339    24752.7069082
     16200.0000000       18.6343107      330.4650254    18838.9793823    23897.2298142       -2.7357388     8044.5933559
     18900.0000000      -11.3314016      189.3416147     1039.5823421    -7253.6298578      543.0964130    -1449.2312537
     21600.0000000       62.8163482      153.4355502    18446.1407600    -1316.2055243    11271.9878159    22059.3590409
     24300.0000000       63.0927696      164.7068408    24601.1519746     5977.0715272    12690.1490564    27602.5053470
     27000.0000000       63.6736329      215.2760871    22467.9936518     3913.6979843    12187.4455363    25831.3398012
     29700.0000000      -42.9005407       21.5914898      116.9949349    -4594.9659985    -1262.2440123    -4399.0548935
     32400.0000000       50.2106809      253.3919831    27684.4871946    19920.3273863     8872.8221681    26150.6565335
     35100.0000000       32.9492967      278.3771198    22245.9063024    23900.4499991     2445.4873453    15548.7143224
     37800.0000000       41.3274923      328.0206313    23814.1166884    22156.3458248     4844.5408866    19915.7422927
     40500.0000000       56.8394346      116.1340481    11091.1853879    -4385.6871422     8498.8372262    14601.0252321
     43200.0000000       38.6374695      184.2951650     5716.4056619    -7480.4475003     5780.6150083     7530.2293950


 1 90033U RELEAS14 00051.92409179 +.00000011  00000 0  00000 0 4 0041                                                                                                                                                                                                                                                                                                                                                                                                                                                           
 2 90033  52.6683  23.9378 0137366 276.7208  81.7737  6.4729361700921                                                                                                                                                                                                                                                                                                                                                                                                                                                           

         0.0000000        0.0450768      261.1373152     5762.3970313    11093.3921550     4932.4514787        9.5178331
      2700.0000000       37.5020446      338.7557741     5902.3309573     5102.7249993     8306.6676141     7455.0217188
      5400.0000000       51.8880262       89.3307720     5963.1842731    -4467.0280034     6179.8120218     9686.9914759
      8100.0000000       25.1774298      186.0697744     5896.9697112   -11111.8890414      107.0427631     5205.5796752
     10800.0000000      -13.9075833      259.8221201     5761.3161756   -10200.9234011    -5901.0274563    -2907.8282950
     13500.0000000      -47.7719193      347.8108398     5653.2598327    -2110.5234579    -7813.9869141    -8885.9678476
     16200.0000000      -43.6851662      106.3556254     5634.2844310     7550.3427878    -4310.4487197    -8274.4339932
     18900.0000000       -7.1663603      189.3877587     5720.7085232    11816.4718655     2117.2663356    -1504.0541322
     21600.0000000       31.6020876      264.7203176     5864.9854379     7711.4579452     7026.5036588     6396.2840511
     24300.0000000       52.7616142        9.1913842     5958.3668000    -1764.6991159     7262.0968410     9798.1357657
     27000.0000000       31.4567772      113.0660241     5927.3414029   -10114.1522188     2827.5476674     6402.4130313
     29700.0000000       -6.8358128      187.9706441     5803.7565705   -11619.2226810    -3361.1116277    -1444.8985689
     32400.0000000      -43.1419387      270.1300885     5679.5063733    -5032.7247465    -7225.3056901    -8222.7118923
     35100.0000000      -48.2320622       28.3549736     5627.8829241     5168.6093266    -6113.1571255    -8931.6523126
     37800.0000000      -14.3908875      117.3963333     5683.7559612    11657.6906874     -794.0031497    -2987.5261268
     40500.0000000       25.2079572      191.5725027     5822.5773365     9827.5664859     5035.0537108     5179.7986990
     43200.0000000       51.9752759      288.9759834     5942.4331283     1138.8163516     7511.8404963     9682.2299524


 1 90034U RELEAS14 00051.38558242 +.00711372  97635-5  13083-2 4 0021                                                                                                                                                                                                                                                                                                                                                                                                                                                           
 2 90034  62.8218  97.3466 0233042 119.4400 242.9881 17.6709972501011                                                                                                                                                                                                                                                                                                                                                                                                                                                           

         0.0000000        0.0724978      168.9467594      -79.9269270     -809.7246444     6245.9353064        7.9152591
Warning: Decay condition. Distance from the Geoid (Km) =    -79.927

