 HQ AFSPC Sgp4Prop DLL - Version: v8.0 - Build: Nov 05 2020 - Platform: Linux 32-bit                                           


EPHEMERIS GENERATED BY SGP4 USING THE WGS-72 EARTH MODEL
COORDINATE FRAME=TRUE EQUATOR AND MEAN EQUINOX OF EPOCH
USING THE FK5 MEAN OF J2000 TIME AND REFERENCE FRAME

INPUT FILE = input/rel14_type4.inp
Start Time =         0.0000 min from epoch
Stop Time  =     43200.0000 min from epoch
Step size  =      2700.0000 min


     TSINCE (MIN)   NODAL PER(MIN)1/NODAL(REVS/DAY)       N(REVS/DY)    ANOM PER(MIN)      APOGEE (KM)      PERIGEE(KM)


 1 90021U RELEAS14 00051.47568104 +.00000184  00000 0  00000 0 4 0814                                                                                                                                                                                                                                                                                                                                                                                                                                                           
 2 90021   0.0222 182.4923 0000720  45.6036 131.8822  1.0027132801199                                                                                                                                                                                                                                                                                                                                                                                                                                                           

         0.0000000     1435.9754634        1.0028026        1.0027133     1436.1034492    42167.9085766    42161.8368349
      2700.0000000     1435.9129271        1.0028463        1.0027570     1436.0409017    42166.4444594    42160.8523572
      5400.0000000     1435.8449033        1.0028938        1.0028045     1435.9728658    42167.5595543    42157.0737673
      8100.0000000     1435.9090670        1.0028490        1.0027596     1436.0370410    42168.3686021    42158.7770746
     10800.0000000     1435.8448434        1.0028939        1.0028045     1435.9728059    42166.0141897    42158.6167867
     13500.0000000     1435.8740502        1.0028735        1.0027841     1436.0020179    42168.0380335    42157.7365500
     16200.0000000     1435.8521197        1.0028888        1.0027994     1435.9800835    42168.8828365    42156.0330493
     18900.0000000     1435.7579327        1.0029546        1.0028652     1435.8858797    42167.2704162    42153.9574816
     21600.0000000     1435.8649396        1.0028798        1.0027905     1435.9929057    42166.7693426    42158.6485127
     24300.0000000     1435.8224281        1.0029095        1.0028202     1435.9503866    42166.3548810    42157.3984078
     27000.0000000     1435.7322345        1.0029725        1.0028832     1435.8601769    42166.4430380    42153.7786070
     29700.0000000     1435.8006793        1.0029247        1.0028354     1435.9286340    42167.0817000    42155.8199956
     32400.0000000     1435.7355497        1.0029702        1.0028808     1435.8634927    42163.5459358    42156.8055222
     35100.0000000     1435.7770153        1.0029413        1.0028519     1435.9049657    42165.0216094    42156.9534936
     37800.0000000     1435.7474497        1.0029619        1.0028725     1435.8753949    42166.2385851    42154.5788364
     40500.0000000     1435.6480428        1.0030314        1.0029420     1435.7759702    42163.4440511    42153.4808959
     43200.0000000     1435.7612012        1.0029523        1.0028629     1435.8891488    42162.2531243    42159.1027550


 1 90022U RELEAS14 00051.59174492 +.00000136  00000 0  00000 0 4 0733                                                                                                                                                                                                                                                                                                                                                                                                                                                           
 2 90022   4.5701  71.6069 0014162  60.8451 299.2453  0.9654587100306                                                                                                                                                                                                                                                                                                                                                                                                                                                           

         0.0000000     1491.4209222        0.9655222        0.9654587     1491.5189900    43303.9435084    43181.4628759
      2700.0000000     1491.5710882        0.9654250        0.9653615     1491.6691757    43308.2652569    43182.9466861
      5400.0000000     1491.4399907        0.9655098        0.9654464     1491.5380610    43309.7552795    43176.3883217
      8100.0000000     1491.5177117        0.9654595        0.9653961     1491.6157922    43309.6444712    43179.5039097
     10800.0000000     1491.4739289        0.9654879        0.9654244     1491.5720036    43308.7174807    43178.7382124
     13500.0000000     1491.5121356        0.9654631        0.9653997     1491.6102153    43310.9582254    43177.9745766
     16200.0000000     1491.4664268        0.9654927        0.9654293     1491.5645005    43308.7455751    43178.4200808
     18900.0000000     1491.5740537        0.9654231        0.9653596     1491.6721416    43309.9389495    43181.3876418
     21600.0000000     1491.4329766        0.9655144        0.9654509     1491.5310459    43310.5529592    43175.3194647
     24300.0000000     1491.5622576        0.9654307        0.9653672     1491.6603439    43310.6130420    43180.2575061
     27000.0000000     1491.4202470        0.9655226        0.9654591     1491.5183147    43303.5941759    43181.7861039
     29700.0000000     1491.5163050        0.9654604        0.9653970     1491.6143853    43308.2904530    43180.8035431
     32400.0000000     1491.4931007        0.9654755        0.9654120     1491.5911779    43306.7951505    43181.4017465
     35100.0000000     1491.4895282        0.9654778        0.9654143     1491.5876049    43306.0076016    43182.0511769
     37800.0000000     1491.5316880        0.9654505        0.9653870     1491.6297703    43309.4331729    43180.2555394
     40500.0000000     1491.4887780        0.9654783        0.9654148     1491.5868546    43305.9162467    43182.1135283
     43200.0000000     1491.4955833        0.9654739        0.9654104     1491.5936608    43305.6612756    43182.6315992


 1 90023U RELEAS14 00051.45013393 +.00000064  00000 0  00000 0 4 0221                                                                                                                                                                                                                                                                                                                                                                                                                                                           
 2 90023  54.9132 182.6983 0017768 176.8444 183.1487  2.0055852401395                                                                                                                                                                                                                                                                                                                                                                                                                                                           

         0.0000000      717.9754976        2.0056395        2.0055852      717.9949130    26607.9975116    26513.6110376
      2700.0000000      717.9578776        2.0056887        2.0055846      717.9951488    26608.1019857    26513.5181935
      5400.0000000      717.9737695        2.0056443        2.0055839      717.9953845    26608.2003624    26513.4314408
      8100.0000000      717.9627463        2.0056751        2.0055833      717.9956200    26608.3476285    26513.2957908
     10800.0000000      717.9696116        2.0056559        2.0055826      717.9958553    26608.5609019    26513.0941241
     13500.0000000      717.9665165        2.0056646        2.0055820      717.9960905    26608.8003660    26512.8662585
     16200.0000000      717.9693601        2.0056566        2.0055813      717.9963255    26609.0084201    26512.6697974
     18900.0000000      717.9650999        2.0056685        2.0055806      717.9965605    26609.1587516    26512.5310547
     21600.0000000      717.9723685        2.0056482        2.0055800      717.9967953    26609.2776955    26512.4236928
     24300.0000000      717.9645572        2.0056700        2.0055793      717.9970299    26609.4055632    26512.3073964
     27000.0000000      717.9723042        2.0056484        2.0055787      717.9972642    26609.5187087    26512.2058111
     29700.0000000      717.9672979        2.0056624        2.0055780      717.9974985    26609.5463015    26512.1897712
     32400.0000000      717.9691839        2.0056571        2.0055774      717.9977326    26609.4945336    26512.2530873
     35100.0000000      717.9714317        2.0056508        2.0055767      717.9979666    26609.4707617    26512.2884002
     37800.0000000      717.9666859        2.0056641        2.0055761      717.9982003    26609.5436932    26512.2269986
     40500.0000000      717.9737669        2.0056443        2.0055754      717.9984339    26609.6571412    26512.1250699
     43200.0000000      717.9666705        2.0056641        2.0055748      717.9986673    26609.7535980    26512.0401243


 1 90024U RELEAS14 00051.03935584 +.00001327  00000 0  00000 0 4 0882                                                                                                                                                                                                                                                                                                                                                                                                                                                           
 2 90024  64.7717 195.4038 6033327 269.3020  18.6110  2.0061535803847                                                                                                                                                                                                                                                                                                                                                                                                                                                           

         0.0000000      717.8119898        2.0060963        2.0061536      717.7915063    42577.7626596    10533.8125732
      2700.0000000      717.8001925        2.0061293        2.0061860      717.7799062    42576.2681463    10534.7348693
      5400.0000000      717.7715251        2.0062094        2.0062184      717.7683182    42575.1166402    10535.3147509
      8100.0000000      717.7639327        2.0062306        2.0062507      717.7567442    42574.2015268    10535.6589224
     10800.0000000      717.7648698        2.0062280        2.0062830      717.7451860    42573.3612197    10535.9290682
     13500.0000000      717.7518691        2.0062644        2.0063153      717.7336457    42572.5172746    10536.2037357
     16200.0000000      717.7297225        2.0063263        2.0063475      717.7221256    42571.6536903    10536.4990294
     18900.0000000      717.7159206        2.0063649        2.0063797      717.7106275    42570.7738926    10536.8116235
     21600.0000000      717.7193838        2.0063552        2.0064117      717.6991535    42569.9064529    10537.1130429
     24300.0000000      717.7105895        2.0063798        2.0064437      717.6877055    42569.1623088    10537.2924463
     27000.0000000      717.6828217        2.0064574        2.0064757      717.6762856    42568.7138969    10537.1775005
     29700.0000000      717.6681122        2.0064985        2.0065075      717.6648961    42568.5607998    10536.7687372
     32400.0000000      717.6693610        2.0064950        2.0065393      717.6535395    42568.3332588    10536.4360378
     35100.0000000      717.6625082        2.0065142        2.0065709      717.6422184    42567.5596677    10536.6511343
     37800.0000000      717.6437311        2.0065667        2.0066025      717.6309353    42566.2050206    10537.4491592
     40500.0000000      717.6197520        2.0066337        2.0066339      717.6196927    42564.7396272    10538.3599286
     43200.0000000      717.6227274        2.0066254        2.0066652      717.6084933    42563.5838822    10538.9631752


 1 90025U RELEAS14 00051.03935584 +.00001327  00000 0  00000 0 4 0882                                                                                                                                                                                                                                                                                                                                                                                                                                                           
 2 90025  64.7717 195.4038 6833327 269.3020  18.6110  2.0061535803847                                                                                                                                                                                                                                                                                                                                                                                                                                                           

         0.0000000      717.8155249        2.0060865        2.0061536      717.7915063    44702.2256689     8409.3495638
      2700.0000000      717.7971053        2.0061379        2.0061979      717.7756491    44700.4529863     8410.3400287
      5400.0000000      717.7648243        2.0062282        2.0062422      717.7597946    44699.0214577     8410.9894672
      8100.0000000      717.7525819        2.0062624        2.0062865      717.7439458    44697.8635631     8411.3655476
     10800.0000000      717.7503034        2.0062687        2.0063308      717.7281059    44696.8169211     8411.6308068
     13500.0000000      717.7326474        2.0063181        2.0063750      717.7122780    44695.7766546     8411.8902815
     16200.0000000      717.7054828        2.0063940        2.0064192      717.6964656    44694.7069647     8412.1799311
     18900.0000000      717.6875685        2.0064441        2.0064634      717.6806717    44693.6210909     8412.4866745
     21600.0000000      717.6866937        2.0064466        2.0065075      717.6648995    44692.5856483     8412.7440525
     24300.0000000      717.6747236        2.0064800        2.0065515      717.6491522    44691.7389676     8412.8138915
     27000.0000000      717.6411532        2.0065739        2.0065955      717.6334331    44691.2223648     8412.5550407
     29700.0000000      717.6226438        2.0066256        2.0066393      717.6177459    44690.9641513     8412.0393649
     32400.0000000      717.6193516        2.0066349        2.0066831      717.6020943    44690.5638347     8411.6675420
     35100.0000000      717.6102807        2.0066602        2.0067268      717.5864822    44689.5866326     8411.8745479
     37800.0000000      717.5848211        2.0067314        2.0067703      717.5709136    44688.0386573     8412.6544722
     40500.0000000      717.5574029        2.0068081        2.0068137      717.5553929    44686.3907826     8413.5366498
     43200.0000000      717.5547459        2.0068155        2.0068570      717.5399244    44685.0569387     8414.1073652


 1 90026U RELEAS14 00051.03935584 +.00001327  00000 0  00000 0 4 0882                                                                                                                                                                                                                                                                                                                                                                                                                                                           
 2 90026  64.7717 195.4038 7233327 269.3020  18.6110  2.0061535803847                                                                                                                                                                                                                                                                                                                                                                                                                                                           

         0.0000000      717.8181915        2.0060790        2.0061536      717.7915063    45764.4571735     7347.1180592
      2700.0000000      717.7953548        2.0061428        2.0062071      717.7723609    45762.5089151     7348.1218955
      5400.0000000      717.7602067        2.0062411        2.0062606      717.7532063    45760.8979713     7348.7879584
      8100.0000000      717.7444896        2.0062850        2.0063142      717.7340468    45759.5751298     7349.1656636
     10800.0000000      717.7392746        2.0062996        2.0063677      717.7148864    45758.3784772     7349.4171314
     13500.0000000      717.7181359        2.0063587        2.0064213      717.6957295    45757.1919600     7349.6586243
     16200.0000000      717.6873372        2.0064448        2.0064748      717.6765802    45755.9726236     7349.9333060
     18900.0000000      717.6662018        2.0065039        2.0065283      717.6574428    45754.7414045     7350.2204466
     21600.0000000      717.6618712        2.0065160        2.0065818      717.6383214    45753.5851924     7350.4333601
     24300.0000000      717.6469060        2.0065578        2.0066352      717.6192201    45752.6535773     7350.4226619
     27000.0000000      717.6095399        2.0066623        2.0066886      717.6001432    45752.0661364     7350.0689874
     29700.0000000      717.5879012        2.0067228        2.0067418      717.5810954    45751.7102236     7349.4852066
     32400.0000000      717.5810474        2.0067420        2.0067950      717.5620812    45751.1718379     7349.0855546
     35100.0000000      717.5696572        2.0067738        2.0068481      717.5431058    45750.0448003     7349.2764567
     37800.0000000      717.5396478        2.0068577        2.0069010      717.5241744    45748.3672801     7350.0200042
     40500.0000000      717.5093308        2.0069425        2.0069538      717.5052926    45746.6130157     7350.8427328
     43200.0000000      717.5026979        2.0069611        2.0070065      717.4864661    45745.1833290     7351.3436039


 1 90027U RELEAS14 00051.03935584 +.00000209  00000 0  99999-4 4 1844                                                                                                                                                                                                                                                                                                                                                                                                                                                           
 2 90027  64.3871 233.3669 6991935 271.4388  16.5332  1.9699794003847                                                                                                                                                                                                                                                                                                                                                                                                                                                           

         0.0000000      730.9911113        1.9699282        1.9699794      730.9721107    45674.1372883     8085.6461481
      2700.0000000      730.9850525        1.9699445        1.9699838      730.9704850    45672.3614740     8087.3422570
      5400.0000000      730.9632226        1.9700034        1.9700081      730.9614487    45669.2119937     8090.0486820
      8100.0000000      730.9612450        1.9700087        1.9700473      730.9469211    45665.6788430     8092.8695333
     10800.0000000      730.9476947        1.9700452        1.9700936      730.9297440    45662.5770751     8095.1290869
     13500.0000000      730.9161321        1.9701303        1.9701387      730.9130017    45660.3338989     8096.5513637
     16200.0000000      730.9101694        1.9701463        1.9701752      730.8994573    45658.9850931     8097.2360591
     18900.0000000      730.9083841        1.9701512        1.9701975      730.8912101    45658.1744417     8097.6423318
     21600.0000000      730.8956718        1.9701854        1.9702020      730.8895332    45657.2241156     8098.5104379
     24300.0000000      730.8978803        1.9701795        1.9701878      730.8947774    45655.4978237     8100.4938655
     27000.0000000      730.9225276        1.9701130        1.9701569      730.9062722    45653.0281847     8103.5271169
     29700.0000000      730.9324373        1.9700863        1.9701137      730.9222678    45650.7305272     8106.6090659
     32400.0000000      730.9409584        1.9700634        1.9700658      730.9400480    45649.6090426     8108.6023390
     35100.0000000      730.9754903        1.9699703        1.9700219      730.9563248    45649.6238545     8109.3855893
     37800.0000000      730.9797903        1.9699587        1.9699907      730.9679030    45649.5415308     8110.0356021
     40500.0000000      730.9754748        1.9699703        1.9699785      730.9724508    45648.0549712     8111.7451394
     43200.0000000      730.9803169        1.9699573        1.9699875      730.9691016    45644.9108639     8114.7250350


 1 90028U RELEAS14 00051.15714066 -.00000031  00000 0 -13568-4 4 0377                                                                                                                                                                                                                                                                                                                                                                                                                                                           
 2 90028  72.5158 115.6069 0011430 124.7615 235.4297 12.4439648802428                                                                                                                                                                                                                                                                                                                                                                                                                                                           

         0.0000000      115.7527031       12.4403142       12.4439649      115.7187451     7875.1512217     7857.1691795
      2700.0000000      115.7526736       12.4403174       12.4439649      115.7187451     7875.3243761     7856.9960254
      5400.0000000      115.7526917       12.4403155       12.4439649      115.7187451     7875.4925350     7856.8278666
      8100.0000000      115.7526918       12.4403154       12.4439649      115.7187451     7875.6534322     7856.6669698
     10800.0000000      115.7526678       12.4403180       12.4439649      115.7187451     7875.8097406     7856.5106616
     13500.0000000      115.7527131       12.4403132       12.4439649      115.7187451     7875.9640622     7856.3563403
     16200.0000000      115.7526700       12.4403178       12.4439649      115.7187451     7876.1156281     7856.2047747
     18900.0000000      115.7526905       12.4403156       12.4439649      115.7187451     7876.2614418     7856.0589613
     21600.0000000      115.7526868       12.4403160       12.4439649      115.7187451     7876.4004100     7855.9199933
     24300.0000000      115.7526880       12.4403159       12.4439649      115.7187451     7876.5355139     7855.7848897
     27000.0000000      115.7526807       12.4403166       12.4439649      115.7187451     7876.6691381     7855.6512658
     29700.0000000      115.7527050       12.4403140       12.4439649      115.7187451     7876.7980813     7855.5223229
     32400.0000000      115.7526575       12.4403191       12.4439649      115.7187451     7876.9189407     7855.4014637
     35100.0000000      115.7527107       12.4403134       12.4439649      115.7187451     7877.0348765     7855.2855282
     37800.0000000      115.7526755       12.4403172       12.4439649      115.7187451     7877.1496139     7855.1707912
     40500.0000000      115.7526928       12.4403153       12.4439649      115.7187451     7877.2599080     7855.0604973
     43200.0000000      115.7526844       12.4403162       12.4439649      115.7187452     7877.3619188     7854.9584869


 1 90029U RELEAS14 00051.38558242 +.00000961  00000 0  44365-3 4 5319                                                                                                                                                                                                                                                                                                                                                                                                                                                           
 2 90029  98.7064 100.2836 0014146 119.4841 240.7749 14.2193618701011                                                                                                                                                                                                                                                                                                                                                                                                                                                           

         0.0000000      101.3275266       14.2113407       14.2193619      101.2703673     7207.1321566     7186.7705419
      2700.0000000      101.3275178       14.2113419       14.2193621      101.2703654     7207.4906058     7186.4119124
      5400.0000000      101.3275124       14.2113427       14.2193624      101.2703635     7207.8256318     7186.0767037
      8100.0000000      101.3275083       14.2113432       14.2193627      101.2703616     7208.1378161     7185.7643341
     10800.0000000      101.3275254       14.2113408       14.2193630      101.2703596     7208.4282659     7185.4736964
     13500.0000000      101.3275155       14.2113422       14.2193632      101.2703576     7208.6966845     7185.2050873
     16200.0000000      101.3274899       14.2113458       14.2193635      101.2703555     7208.9412611     7184.9603171
     18900.0000000      101.3275080       14.2113433       14.2193638      101.2703534     7209.1596309     7184.7417506
     21600.0000000      101.3275115       14.2113428       14.2193641      101.2703513     7209.3505415     7184.5506403
     24300.0000000      101.3274979       14.2113447       14.2193644      101.2703492     7209.5150811     7184.3858977
     27000.0000000      101.3274969       14.2113448       14.2193647      101.2703470     7209.6552618     7184.2455106
     29700.0000000      101.3274949       14.2113451       14.2193650      101.2703448     7209.7706932     7184.1298698
     32400.0000000      101.3275131       14.2113426       14.2193653      101.2703426     7209.8582864     7184.0420639
     35100.0000000      101.3274856       14.2113464       14.2193657      101.2703403     7209.9162135     7183.9839209
     37800.0000000      101.3274741       14.2113480       14.2193660      101.2703380     7209.9462731     7183.9536426
     40500.0000000      101.3274996       14.2113445       14.2193663      101.2703356     7209.9507358     7183.9489585
     43200.0000000      101.3274846       14.2113466       14.2193667      101.2703333     7209.9287883     7183.9706822


 1 90030U RELEAS14 00051.38558242 +.01672663  94000-5  22520-2 4 0035                                                                                                                                                                                                                                                                                                                                                                                                                                                           
 2 90030  28.5475 124.9280 0081002 156.8669 205.7976 16.0204499601011                                                                                                                                                                                                                                                                                                                                                                                                                                                           

         0.0000000       89.6929482       16.0547739       16.0204500       89.8851158     6700.7363829     6593.0540218
      2700.0000000       89.6559852       16.0613929       16.0270699       89.8479891     6696.6643162     6593.4651981
      5400.0000000       89.6185451       16.0681028       16.0337789       89.8103943     6692.5820819     6593.8398773
      8100.0000000       89.5804297       16.0749396       16.0406149       89.7721196     6688.6852911     6593.9615310
     10800.0000000       89.5414722       16.0819335       16.0476088       89.7329947     6685.1474205     6593.6398571
     13500.0000000       89.5011133       16.0891853       16.0548593       89.6924709     6682.0371788     6592.7519543
     16200.0000000       89.4587314       16.0968077       16.0624800       89.6499170     6679.3162543     6591.2738019
     18900.0000000       89.4136996       16.1049146       16.0705900       89.6046755     6676.8413268     6589.2837192
     21600.0000000       89.3654762       16.1136052       16.0792823       89.5562359     6674.4076025     6586.9359649
     24300.0000000       89.3137887       16.1229304       16.0886020       89.5043584     6671.7980243     6584.4237623
     27000.0000000       89.2587387       16.1328742       16.0985490       89.4490556     6668.8228831     6581.9378506
     29700.0000000       89.2002383       16.1434546       16.1091302       89.3903014     6665.3193002     6579.6383270
     32400.0000000       89.1381778       16.1546941       16.1203668       89.3279923     6661.1627634     6577.6392637
     35100.0000000       89.0721811       16.1666637       16.1323393       89.2616983     6656.2588148     6575.9923583
     37800.0000000       89.0016933       16.1794675       16.1451404       89.1909247     6650.5710949     6574.6847801
     40500.0000000       88.9262134       16.1932005       16.1588764       89.1151071     6644.1351653     6573.6248130
     43200.0000000       88.8451470       16.2079759       16.1736472       89.0337215     6637.0698090     6572.6414141


 1 90031U RELEAS14 00051.38558242 +.00168784  00000 0  70845-3 4 0046                                                                                                                                                                                                                                                                                                                                                                                                                                                           
 2 90031  63.9976   6.4832 7509563 239.3244 315.9903  2.0525984300303                                                                                                                                                                                                                                                                                                                                                                                                                                                           

         0.0000000      701.5576467        2.0525754        2.0525984      701.5497912    45793.9336273     6513.4067984
      2700.0000000      701.4554206        2.0528746        2.0528579      701.4611077    45793.0474529     6509.8847377
      5400.0000000      701.3704318        2.0531233        2.0531278      701.3688946    45792.7990177     6505.5492890
      8100.0000000      701.2787640        2.0533917        2.0534184      701.2696625    45791.0758340     6502.3394555
     10800.0000000      701.1709294        2.0537075        2.0537257      701.1647317    45787.1257352     6501.0729927
     13500.0000000      701.0641669        2.0540203        2.0540329      701.0598508    45781.4093653     6501.5750202
     16200.0000000      700.9654696        2.0543095        2.0543328      700.9575020    45775.0190427     6502.8766375
     18900.0000000      700.8578448        2.0546249        2.0546421      700.8519804    45769.2739369     6503.3750272
     21600.0000000      700.7216308        2.0550243        2.0550025      700.7290752    45765.1462686     6501.3913056
     24300.0000000      700.5626215        2.0554908        2.0554839      700.5649753    45761.9207310     6496.4565154
     27000.0000000      700.3334321        2.0561634        2.0562052      700.3192122    45755.7466261     6490.4081728
     29700.0000000      699.9630925        2.0572513        2.0572820      699.9526722    45741.5500532     6486.3730794
     32400.0000000      699.5192505        2.0585566        2.0585692      699.5149900    45720.3283493     6485.8203451
     35100.0000000      699.1197122        2.0597331        2.0597589      699.1109618    45699.1182519     6486.9262376
     37800.0000000      698.7433603        2.0608425        2.0608532      698.7397211    45681.1747385     6486.3936229
     40500.0000000      698.2768912        2.0622192        2.0621959      698.2847777    45662.1927937     6482.7292040
     43200.0000000      697.4809172        2.0645726        2.0645761      697.4797485    45627.6348023     6477.2020652


 1 90032U RELEAS14 00051.38558242 +.00332394  00000 0  96401-4 4 0062                                                                                                                                                                                                                                                                                                                                                                                                                                                           
 2 90032  63.8221 352.9474 7190794 239.0801 307.3271  2.4861841700210                                                                                                                                                                                                                                                                                                                                                                                                                                                           

         0.0000000      579.2036588        2.4861721        2.4861842      579.2008562    39567.8430444     6465.9155410
      2700.0000000      578.2034527        2.4904728        2.4904749      578.2029812    39518.3137932     6462.5568195
      5400.0000000      576.3280896        2.4985768        2.4986095      576.3205528    39421.7439907     6459.2738781
      8100.0000000      573.2334737        2.5120654        2.5120739      573.2315450    39259.6684935     6457.2581345
     10800.0000000      569.3537808        2.5291832        2.5291971      569.3506511    39053.6247873     6456.7263972
     13500.0000000      565.4848825        2.5464872        2.5464895      565.4843592    38846.9262971     6457.1594393
     16200.0000000      561.9826928        2.5623565        2.5623772      561.9781435    38659.0230481     6457.6003844
     18900.0000000      558.4487533        2.5785714        2.5785930      558.4440774    38470.3594307     6456.9177107
     21600.0000000      553.6769364        2.6007946        2.6007979      553.6762344    38216.7996973     6454.3943045
     24300.0000000      545.0029421        2.6421876        2.6421762      545.0052929    37753.0530149     6450.5278554
     27000.0000000      528.5002200        2.7246914        2.7246894      528.5006058    36859.4485496     6447.1391535
     29700.0000000      503.9382501        2.8574930        2.8575062      503.9359170    35508.5541306     6445.4916375
     32400.0000000      477.8614503        3.0134258        3.0134322      477.8604207    34048.2716096     6445.7595874
     35100.0000000      454.6979555        3.1669375        3.1669464      454.6966769    32728.4882837     6446.1347264
     37800.0000000      431.1204037        3.3401342        3.3401432      431.1192345    31363.3972532     6445.0265098
     40500.0000000      401.8102006        3.5837816        3.5837889      401.8093763    29631.7622605     6443.0171034
     43200.0000000      362.6159229        3.9711439        3.9711543      362.6149682    27248.0603839     6440.8882058


 1 90033U RELEAS14 00051.92409179 +.00000011  00000 0  00000 0 4 0041                                                                                                                                                                                                                                                                                                                                                                                                                                                           
 2 90033  52.6683  23.9378 0137366 276.7208  81.7737  6.4729361700921                                                                                                                                                                                                                                                                                                                                                                                                                                                           

         0.0000000      222.4231696        6.4741457        6.4729362      222.4647304    12328.9535122    11994.8274625
      2700.0000000      222.4229360        6.4741525        6.4729362      222.4647304    12328.9379388    11994.8430359
      5400.0000000      222.4228992        6.4741535        6.4729362      222.4647304    12328.9321008    11994.8488739
      8100.0000000      222.4230220        6.4741500        6.4729362      222.4647304    12328.9412098    11994.8397649
     10800.0000000      222.4230586        6.4741489        6.4729362      222.4647304    12328.9602900    11994.8206847
     13500.0000000      222.4230867        6.4741481        6.4729362      222.4647304    12328.9789347    11994.8020401
     16200.0000000      222.4232266        6.4741440        6.4729362      222.4647304    12328.9886671    11994.7923076
     18900.0000000      222.4232191        6.4741442        6.4729362      222.4647304    12328.9893566    11994.7916181
     21600.0000000      222.4229450        6.4741522        6.4729362      222.4647304    12328.9905863    11994.7903884
     24300.0000000      222.4227980        6.4741565        6.4729362      222.4647304    12329.0036311    11994.7773436
     27000.0000000      222.4229725        6.4741514        6.4729362      222.4647304    12329.0303318    11994.7506429
     29700.0000000      222.4231066        6.4741475        6.4729362      222.4647304    12329.0630278    11994.7179469
     32400.0000000      222.4230763        6.4741484        6.4729362      222.4647304    12329.0928781    11994.6880966
     35100.0000000      222.4231746        6.4741455        6.4729362      222.4647304    12329.1125810    11994.6683937
     37800.0000000      222.4233153        6.4741414        6.4729362      222.4647304    12329.1175434    11994.6634313
     40500.0000000      222.4231323        6.4741468        6.4729362      222.4647304    12329.1138360    11994.6671387
     43200.0000000      222.4228535        6.4741549        6.4729362      222.4647304    12329.1179822    11994.6629925


 1 90034U RELEAS14 00051.38558242 +.00711372  97635-5  13083-2 4 0021                                                                                                                                                                                                                                                                                                                                                                                                                                                           
 2 90034  62.8218  97.3466 0233042 119.4400 242.9881 17.6709972501011                                                                                                                                                                                                                                                                                                                                                                                                                                                           

         0.0000000       81.4866277       17.6716112       17.6709972       81.4894587     6371.3679788     6081.1715081
Warning: Decay condition. Distance from the Geoid (Km) =    -79.927

