 HQ AFSPC Sgp4Prop DLL - Version: v8.0 - Build: Nov 05 2020 - Platform: Linux 32-bit                                           


EPHEMERIS GENERATED BY SGP4 USING THE WGS-72 EARTH MODEL
COORDINATE FRAME=TRUE EQUATOR AND MEAN EQUINOX OF EPOCH
USING THE FK5 MEAN OF J2000 TIME AND REFERENCE FRAME

INPUT FILE = input/rel14.inp
Start Time =         0.0000 min from epoch
Stop Time  =     43200.0000 min from epoch
Step size  =      2700.0000 min


     TSINCE (MIN)           X (KM)           Y (KM)           Z (KM)      XDOT (KM/S)       YDOT(KM/S)    ZDOT (KM/SEC)


 1 90021U RELEAS14 00051.47568104 +.00000184  00000 0  00000 0 0 0814                                                                                                                                                                                                                                                                                                                                                                                                                                                           
 2 90021   0.0222 182.4923 0000720  45.6036 131.8822  1.0027132801199                                                                                                                                                                                                                                                                                                                                                                                                                                                           

         0.0000000    42166.3730064       16.3347584       -9.5800353       -0.0010277        3.0745636       -0.0017377
      2700.0000000    30771.3542500   -28825.8494532       12.3717871        2.1022270        2.2437861       -0.0018154
      5400.0000000     2733.4490156   -42073.0138771       26.9032341        3.0684261        0.1991943       -0.0006106
      8100.0000000   -26779.0164289   -32563.7268435       24.5851869        2.3750149       -1.9531224        0.0009049
     10800.0000000   -41807.5450284    -5448.1049117        9.6332247        0.3974881       -3.0491167        0.0018416
     13500.0000000   -34235.9840996    24608.8399550       -9.9448855       -1.7944583       -2.4968381        0.0018724
     16200.0000000    -8167.4501389    41366.0407958      -26.5261442       -3.0163672       -0.5957409        0.0009207
     18900.0000000    22309.4005442    35780.2117161      -30.2937968       -2.6089844        1.6266883       -0.0007916
     21600.0000000    40737.7652092    10876.9850290      -14.1833037       -0.7930179        2.9705707       -0.0023269
     24300.0000000    37174.2865029   -19894.0118457       13.9273563        1.4509717        2.7108526       -0.0024492
     27000.0000000    13549.6357298   -39923.6486651       33.3419520        2.9118489        0.9880443       -0.0009741
     29700.0000000   -17381.0481129   -38408.9808844       31.9130222        2.8015010       -1.2678226        0.0009412
     32400.0000000   -38931.1175217   -16177.5178672       14.7461222        1.1800690       -2.8395770        0.0022086
     35100.0000000   -39486.5755544    14774.0109335       -9.6937335       -1.0773410       -2.8800029        0.0024452
     37800.0000000   -18757.3950134    37759.5923349      -32.5224381       -2.7536182       -1.3681113        0.0013652
     40500.0000000    12078.8020532    40396.0896480      -38.3726209       -2.9458098        0.8807258       -0.0007797
     43200.0000000    36405.4511715    21269.1282719      -19.3508594       -1.5509418        2.6548149       -0.0025963


 1 90022U RELEAS14 00051.59174492 +.00000136  00000 0  00000 0 0 0733                                                                                                                                                                                                                                                                                                                                                                                                                                                           
 2 90022   4.5701  71.6069 0014162  60.8451 299.2453  0.9654587100306                                                                                                                                                                                                                                                                                                                                                                                                                                                           

         0.0000000    13649.6413014    40999.9439504      -18.6354011       -2.8746502        0.9531080        0.2426735
      2700.0000000    43087.5534401     2528.9284159    -3218.4410877       -0.1744062        3.0270637        0.0886945
      5400.0000000    18326.1828124   -39159.5985710    -2373.2812780        2.7379808        1.2905570       -0.1763426
      8100.0000000   -29446.3811353   -31638.7364508     1452.4775148        2.2084340       -2.0714378       -0.2201410
     10800.0000000   -40075.7555729    15717.6260599     3450.9292344       -1.1107125       -2.8298877        0.0137793
     13500.0000000      -43.6667088    43182.8345265     1086.8180252       -3.0305226       -0.0118452        0.2311093
     16200.0000000    40078.1847031    16077.5887500    -2659.5839161       -1.1231365        2.8147327        0.1564423
     18900.0000000    29753.0984029   -31315.0538495    -3059.8057717        2.1906975        2.0927124       -0.1150539
     21600.0000000   -17955.9830428   -39361.4267071      386.7587393        2.7494642       -1.2610546       -0.2418478
     24300.0000000   -43014.9369976     2131.1367158     3342.2782891       -0.1583322       -3.0344937       -0.0640206
     27000.0000000   -13723.0453947    40894.3649848     2078.0359656       -2.8726300       -0.9758044        0.1951189
     29700.0000000    32934.8793704    27966.3913076    -1814.3040629       -1.9570893        2.3115886        0.2080848
     32400.0000000    38126.8674840   -20235.6335005    -3431.9853573        1.4172197        2.6801467       -0.0407902
     35100.0000000    -4586.1831905   -43032.2399825     -736.6026144        3.0069863       -0.3197014       -0.2386391
     37800.0000000   -41496.2211275   -11709.8459929     2887.0564222        0.8118073       -2.9245387       -0.1361896
     40500.0000000   -25999.4439753    34357.1314883     2862.8403565       -2.4161059       -1.8405321        0.1388043
     43200.0000000    22388.2620122    36967.6983798     -780.8074155       -2.5899222        1.5686521        0.2383779


 1 90023U RELEAS14 00051.45013393 +.00000064  00000 0  00000 0 0 0221                                                                                                                                                                                                                                                                                                                                                                                                                                                           
 2 90023  54.9132 182.6983 0017768 176.8444 183.1487  2.0055852401395                                                                                                                                                                                                                                                                                                                                                                                                                                                           

         0.0000000   -26578.5447195    -1256.1656033        9.9393808        0.1073679       -2.2193812        3.1650246
      2700.0000000    -2579.9965255    15127.4303285   -21693.4151352       -3.8517083       -0.3303069        0.2194482
      5400.0000000    26156.8339755     3216.6778698    -2923.4549883       -0.6181892        2.1841540       -3.1474700
      8100.0000000     5838.9952427   -14718.2755685    21302.5016526        3.7775630        0.6032839       -0.6266597
     10800.0000000   -25481.6016514    -5081.3924927     5714.3422391        1.1067084       -2.0995561        3.0538427
     13500.0000000    -9363.9609759    14049.4988984   -20534.0553379       -3.6222285       -0.8791179        1.0423854
     16200.0000000    24150.3854919     6918.5065504    -8500.2086519       -1.5950668        1.9909550       -2.9231365
     18900.0000000    12382.7669647   -13171.1453058    19419.8253853        3.4250892        1.1304848       -1.4247823
     21600.0000000   -22635.6006420    -8571.8329750    11025.8456034        2.0319827       -1.8416471        2.7286931
     24300.0000000   -15503.3399189    12047.4930769   -17937.6667913       -3.1445073       -1.3686549        1.7910465
     27000.0000000    20477.7307796    10153.6947759   -13466.7212712       -2.4594376        1.6667972       -2.4932431
     29700.0000000    18061.0916746   -10762.8554580    16168.9377380        2.8361810        1.5826225       -2.1215583
     32400.0000000   -18237.3062556   -11499.5548490    15558.7038990        2.8182905       -1.4641568        2.2113489
     35100.0000000   -20587.3436417     9261.4452005   -14073.3318969       -2.4505176       -1.7686941        2.4139901
     37800.0000000    15377.0670026    12723.5422494   -17492.5537180       -3.1550040        1.2329137       -1.8860179
     40500.0000000    22501.2254033    -7639.5905649    11767.6601328        2.0489617        1.9306960       -2.6704583
     43200.0000000   -12585.4987292   -13668.1656726    19002.5999302        3.4120353       -0.9899838        1.5384365


 1 90024U RELEAS14 00051.03935584 +.00001327  00000 0  00000 0 0 0882                                                                                                                                                                                                                                                                                                                                                                                                                                                           
 2 90024  64.7717 195.4038 6033327 269.3020  18.6110  2.0061535803847                                                                                                                                                                                                                                                                                                                                                                                                                                                           

         0.0000000   -13966.4793583    -2072.0300196    -3630.7391801       -3.5883165       -3.0368624        4.1926421
      2700.0000000    22201.5071678    -3379.9847522    19327.1183784        0.1718139        1.5491738       -3.0766864
      5400.0000000    10068.7780400   -15593.3891786    37531.8835202        1.7412711        0.7766662       -0.6269037
      8100.0000000    -8903.4422958   -18651.4786526    33353.8403900        1.7582272       -0.2448424        1.4677496
     10800.0000000   -18379.5360716    -7326.9324843     5027.9662064       -1.0460431       -2.3199406        4.1910095
     13500.0000000    21702.8954592     -379.3123544    12485.4306274       -0.6864604        1.6235846       -3.7037872
     16200.0000000    13292.4271950   -13985.8960644    35835.8032285        1.6163926        0.9304181       -1.0473287
     18900.0000000    -5443.3133056   -18862.0737411    35893.0631397        1.8465648       -0.0257835        1.0313413
     21600.0000000   -19205.6064896   -11241.9832826    13046.9204674        0.2132067       -1.6958094        3.6015275
     24300.0000000    18852.8882233     2732.4661485     4181.8701555       -2.2196448        1.5327533       -4.3115258
     27000.0000000    16282.8416946   -12045.5827541    33209.9078305        1.4344190        1.0859848       -1.4982325
     29700.0000000    -1792.3513869   -18678.1049825    37586.4489878        1.8885793        0.1739436        0.6057210
     32400.0000000   -18122.4543477   -14101.7144559    19919.1570740        0.9075339       -1.2232739        2.9820584
     35100.0000000    11346.6103284     5176.3195747    -4999.9793566       -5.2359252        0.6930502       -4.0531117
     37800.0000000    18900.3156212    -9761.0869714    29529.7206140        1.1695373        1.2458412       -1.9929298
     40500.0000000     1993.5980540   -18115.7966442    38416.8716006        1.8899114        0.3613699        0.1814045
     43200.0000000   -15888.9870156   -16139.8397910    25649.2783025        1.3268491       -0.8521904        2.4078794


 1 90025U RELEAS14 00051.03935584 +.00001327  00000 0  00000 0 0 0882                                                                                                                                                                                                                                                                                                                                                                                                                                                           
 2 90025  64.7717 195.4038 6833327 269.3020  18.6110  2.0061535803847                                                                                                                                                                                                                                                                                                                                                                                                                                                           

         0.0000000   -13787.6218629    -3809.2456626       25.2720880       -2.8870014       -3.1206461        4.7596456
      2700.0000000    20602.7953964    -5539.9342064    22815.3113237        0.2825399        1.4784978       -2.8713456
      5400.0000000     9493.9379527   -16739.2908189    39538.0604317        1.5236512        0.6866983       -0.5701129
      8100.0000000    -7179.8025949   -19321.8628776    35748.3765473        1.5697285       -0.2361120        1.3369499
     10800.0000000   -17003.8886005    -8898.3040639     9158.8034525       -0.5644263       -2.1788599        4.1728913
     13500.0000000    20445.4846408    -2679.3459563    16324.8142407       -0.3984848        1.6187155       -3.5384998
     16200.0000000    12229.7923695   -15357.4361779    37980.3299567        1.4268998        0.8268745       -0.9560785
     18900.0000000    -4208.8510423   -19541.8236349    38073.3271110        1.6288953       -0.0454927        0.9331793
     21600.0000000   -17201.5764431   -12497.7903211    17015.9581443        0.4260302       -1.5519187        3.4163034
     24300.0000000    18359.8099031      541.9704101     8092.0039226       -1.7056741        1.6934892       -4.3509133
     27000.0000000    14819.9135370   -13658.7995160    35539.1684525        1.2865261        0.9746288       -1.3762725
     29700.0000000    -1075.4212608   -19425.4840609    39619.4025307        1.6554334        0.1299213        0.5391784
     32400.0000000   -15920.7040809   -15096.9821945    23565.1505983        0.9466607       -1.1135883        2.7585438
     35100.0000000    11783.6243181     3664.8520957    -2000.8853118       -4.9465750        1.1789011       -4.7857870
     37800.0000000    17153.8172679   -11614.0888619    32068.9518155        1.0803539        1.1350635       -1.8470264
     40500.0000000     2188.0422033   -18978.1163312    40356.3000649        1.6526707        0.2967565        0.1451080
     43200.0000000   -13759.5104708   -16955.0150152    28948.2383159        1.2549734       -0.7801554        2.1880290


 1 90026U RELEAS14 00051.03935584 +.00001327  00000 0  00000 0 0 0882                                                                                                                                                                                                                                                                                                                                                                                                                                                           
 2 90026  64.7717 195.4038 7233327 269.3020  18.6110  2.0061535803847                                                                                                                                                                                                                                                                                                                                                                                                                                                           

         0.0000000   -13466.6178558    -4685.8313356     2000.0177367       -2.4562272       -3.1043885        4.9692422
      2700.0000000    19647.3910560    -6640.9226666    24506.0844129        0.3138000        1.4358546       -2.7677043
      5400.0000000     9174.1860542   -17320.2449575    40535.3197587        1.4094183        0.6410570       -0.5447801
      8100.0000000    -6303.0454370   -19634.9346009    36924.0602204        1.4665145       -0.2377728        1.2770012
     10800.0000000   -16083.3094312    -9612.4664662    11246.2070629       -0.3518554       -2.0939123        4.1184059
     13500.0000000    19592.6720845    -3888.3775145    18197.4370063       -0.2797434        1.6018091       -3.4418944
     16200.0000000    11624.5930528   -16063.4998819    39036.1934078        1.3258297        0.7739465       -0.9156526
     18900.0000000    -3622.7526514   -19871.3010152    39154.5127515        1.5132448       -0.0611748        0.8877248
     21600.0000000   -16052.8840656   -13040.0508545    18982.1287689        0.4978400       -1.4824432        3.3074960
     24300.0000000    17836.2679743     -657.8254275    10029.1928854       -1.4553183        1.7516986       -4.3290498
     27000.0000000    13974.9842428   -14497.2414020    36666.9198505        1.2047530        0.9174022       -1.3230095
     29700.0000000     -787.3409705   -19801.3317268    40635.5707429        1.5336490        0.1025170        0.5067371
     32400.0000000   -14755.5220393   -15517.7466578    25373.3936794        0.9380999       -1.0662603        2.6419261
     35100.0000000    11776.4027512     2797.9527527     -489.3663842       -4.7178213        1.4511160       -5.1418598
     37800.0000000    16128.0904985   -12581.5446985    33266.7775351        1.0256013        1.0778977       -1.7846764
     40500.0000000     2181.6906484   -19423.6982100    41325.5796086        1.5299802        0.2597024        0.1241906
     43200.0000000   -12698.5976651   -17302.5217835    30601.7050092        1.1976942       -0.7528837        2.0764293


 1 90027U RELEAS14 00051.03935584 +.00000209  00000 0  99999-4 0 1844                                                                                                                                                                                                                                                                                                                                                                                                                                                           
 2 90027  64.3871 233.3669 6991935 271.4388  16.5332  1.9699794003847                                                                                                                                                                                                                                                                                                                                                                                                                                                           

         0.0000000    -8059.0086061   -10900.7992399       59.8289731       -0.3256783       -4.4135829        4.9393330
      2700.0000000    21666.2323933     4245.7156142    30845.3905259       -0.1184328        1.4546016       -2.0140065
      5400.0000000    13354.7294772   -14591.3026433    40531.8691798        1.1460636        1.1453283        0.4697648
      8100.0000000    -5402.4433043   -19472.7276996    15589.6964448        1.3252983       -1.1502150        3.6504233
     10800.0000000    20138.9505867     8875.0256578    22085.5727410       -0.8289455        1.2248961       -2.9241513
     13500.0000000    16920.8522751   -10346.0186456    41092.2073819        0.9299369        1.3242199       -0.1506261
     16200.0000000     -441.9904407   -21331.0015945    26544.4201762        1.5009315       -0.0346554        2.5146410
     18900.0000000    15035.5178333    11866.2386166     9430.2654827       -2.2621665        0.3450705       -4.1562691
     21600.0000000    19698.4101250    -5564.8054294    39414.7828158        0.6580989        1.4401453       -0.7820320
     24300.0000000     4667.2860300   -20357.7540839    34019.8374461        1.4483915        0.5451158        1.6565387
     27000.0000000      760.6122498     5925.7965032    -6485.0537312       -6.1166766       -5.5392906       -2.7354545
     29700.0000000    21403.4226508     -506.4378182    35391.8154337        0.3019939        1.4895566       -1.4602725
     32400.0000000     9417.7797332   -17815.0615057    38660.9999200        1.3199058        0.9052461        0.9452375
     35100.0000000    -8634.7624788   -14081.0449865     4666.1256927        0.3895158       -3.0757735        4.6911800
     37800.0000000    21640.7347813     4512.3434750    28816.9164073       -0.2056469        1.4379168       -2.2382404
     40500.0000000    13631.4279278   -14277.1493238    40880.9662619        1.1466413        1.1497806        0.3064487
     43200.0000000    -5149.2320825   -20231.5516595    18852.4607515        1.3723444       -0.8310808        3.3070977


 1 90028U RELEAS14 00051.15714066 -.00000031  00000 0 -13568-4 0 0377                                                                                                                                                                                                                                                                                                                                                                                                                                                           
 2 90028  72.5158 115.6069 0011430 124.7615 235.4297 12.4439648802428                                                                                                                                                                                                                                                                                                                                                                                                                                                           

         0.0000000    -3402.1455358     7100.5889730       -2.6843007       -1.9219902       -0.9328986        6.7859619
      2700.0000000     -520.6271276    -4147.6659958     6645.7851673        3.3719662       -5.4460246       -3.1298018
      5400.0000000     3384.8216353    -3591.4656520    -6138.5193725       -0.8493658        5.8707913       -3.9146271
      8100.0000000    -2017.8525817     7532.6318641    -1094.6003538       -2.3242215        0.3401570        6.7141303
     10800.0000000    -1499.3491293    -3049.5027098     7076.9118168        2.4011050       -6.3353896       -2.2182653
     13500.0000000     2819.3968772    -4943.5682760    -5444.4762393        0.3569197        5.3403825       -4.6780811
     16200.0000000     -566.6538357     7551.4885898    -2163.2870915       -2.3530912        1.6733759        6.4993324
     18900.0000000    -2131.1548292    -1718.3250631     7357.2355807        1.2190558       -6.9100576       -1.2596228
     21600.0000000     1897.2675227    -6077.8616159    -4634.8275079        1.3667550        4.4875948       -5.3428618
     24300.0000000      831.8104944     7155.1885389    -3186.0006078       -2.0069611        2.9585231        6.1463293
     27000.0000000    -2364.2773370     -261.8624840     7480.7852675       -0.0765209       -7.1231805       -0.2742255
     29700.0000000      694.5404634    -6902.2309632    -3726.6668122        2.0968482        3.3809209       -5.8946628
     32400.0000000     2062.2622091     6375.7044084    -4141.0052898       -1.3149127        4.0914391        5.6628526
     35100.0000000    -2179.5504938     1201.9102743     7444.9156257       -1.3787149       -6.9574182        0.7170313
     37800.0000000     -689.6838350    -7349.8139930    -2739.2167032        2.4866170        2.1097429       -6.3215112
     40500.0000000     3023.2114982     5276.3077263    -5008.0383723       -0.3342831        4.9805754        5.0594035
     43200.0000000    -1591.9765785     2554.4094367     7250.3618144       -2.5800682       -6.4263416        1.6931290


 1 90029U RELEAS14 00051.38558242 +.00000961  00000 0  44365-3 0 5319                                                                                                                                                                                                                                                                                                                                                                                                                                                           
 2 90029  98.7064 100.2836 0014146 119.4841 240.7749 14.2193618701011                                                                                                                                                                                                                                                                                                                                                                                                                                                           

         0.0000000    -1286.2147750     7089.1115039       -0.0059083        1.1099844        0.1843071        7.3514799
      2700.0000000       54.8333736    -4411.2690714    -5701.2551673       -1.9079052        5.6613993       -4.4124641
      5400.0000000     1483.6925642    -1623.9958083     6834.5144780        1.4405906       -7.0401216       -1.9823173
      8100.0000000    -2216.6941098     6321.7944473    -2660.1939580        0.2504491        2.9424675        6.8206506
     10800.0000000     1329.8312124    -6038.3999755    -3702.4933129       -2.0861656        3.3773239       -6.2835419
     13500.0000000      758.9947542     1093.7929297     7054.9154267        2.5925983       -6.9434942        0.7944692
     16200.0000000    -2605.0643608     4586.7906983    -4915.3073298       -1.1064886        5.0597775        5.3233525
     18900.0000000     2632.6920171    -6597.7242683    -1199.0148580       -1.5071315        0.6980786       -7.2497481
     21600.0000000     -550.2819958     3444.1466515     6277.0981748        3.2724088       -5.7512978        3.4325999
     24300.0000000    -2260.9642486     2263.4980514    -6462.7694316       -2.6237620        6.2118049        3.1026607
     27000.0000000     3589.2082958    -6072.1935432     1446.1292978       -0.2284549       -1.8718811       -7.1983703
     29700.0000000    -2160.6019551     5042.6945248     4638.2013390        3.2197029       -3.7629237        5.5718492
     32400.0000000    -1172.2486348     -188.4875584    -7113.6041743       -3.9141976        6.2853454        0.4853275
     35100.0000000     3896.1859634    -4653.0068855     3867.0854253        1.5128118       -3.8871095       -6.1646910
     37800.0000000    -3702.1460757     5679.8530661     2386.3093041        2.3423366       -1.4041458        6.9355264
     40500.0000000      495.7416629    -2326.8321204    -6808.7456003       -4.6295156        5.3785224       -2.1693683
     43200.0000000     3391.3054049    -2684.4856257     5746.4416185        3.3583880       -5.0485885       -4.3179757


 1 90030U RELEAS14 00051.38558242 +.01672663  94000-5  22520-2 0 0035                                                                                                                                                                                                                                                                                                                                                                                                                                                           
 2 90030  28.5475 124.9280 0081002 156.8669 205.7976 16.0204499601011                                                                                                                                                                                                                                                                                                                                                                                                                                                           

         0.0000000    -4014.8392164     5354.3383411      122.8841923       -5.3478819       -4.1331795        3.6754974
      2700.0000000    -5934.6650138      717.6480434     2882.4860995       -0.1277437       -7.5932322        1.5201039
      5400.0000000      937.0225608    -6505.9847086     -129.2250605        6.7767718        1.0583544       -3.7299672
      8100.0000000     1766.3029537     6334.1944415     -439.2947270       -6.5234516        2.0874947        3.6808659
     10800.0000000      810.6779688    -6264.8655404    -1753.3906636        6.9440519        1.7646331       -3.0910765
Sgp4Update: Eccentricity is negative, e = -0.1037E-02. SatNum:     90030-Mse:    13500.00                                      


 1 90031U RELEAS14 00051.38558242 +.00168784  00000 0  70845-3 0 0046                                                                                                                                                                                                                                                                                                                                                                                                                                                           
 2 90031  63.9976   6.4832 7509563 239.3244 315.9903  2.0525984300303                                                                                                                                                                                                                                                                                                                                                                                                                                                           

         0.0000000    -6774.6517317    10024.6052017    21955.5205471       -1.7585920       -1.7759580       -3.2111290
      2700.0000000     5140.1166688    17263.9167547    34035.4658488       -1.9357980       -0.7330115       -1.0696969
      5400.0000000    15280.8448662    19557.0587121    36680.2805135       -1.6345474       -0.1519367        0.0295861
      8100.0000000    22640.8946600    19049.3295508    34391.4756618       -1.2172829        0.2851995        0.8200428
     10800.0000000    27129.4744889    16699.9783731    29048.3346628       -0.6972069        0.6638166        1.4820627
     13500.0000000    28723.0786296    13088.6075574    21736.0807761       -0.0246249        1.0214606        2.0875651
     16200.0000000    27292.1097172     8636.7276213    13228.3507968        0.9213125        1.3786505        2.6646107
     18900.0000000    22413.1794915     3719.0355014     4241.5421750        2.4517685        1.7306166        3.1664081
     21600.0000000    12777.3015403    -1100.3479996    -4011.1060923        5.6212422        1.8376842        2.9773847
     24300.0000000    -3898.6929533    -2528.2488601    -4668.9555340        8.5683101       -2.0511343       -5.2794066
     27000.0000000   -10042.3918256     2367.7832113     5996.1793956        0.6440849       -3.1043567       -6.4182333
     29700.0000000    -9723.9434214     5403.9543988    12046.3622418       -0.9333748       -2.5306915       -5.0741424
     32400.0000000    -9031.9030469     6806.6194683    14729.4466315       -1.3482037       -2.2679212       -4.5098469
     35100.0000000    -8887.5997754     7016.4038282    15038.6454103       -1.4041280       -2.2296416       -4.4433773
     37800.0000000    -9373.3415986     6110.3394964    13120.0848973       -1.1651521       -2.4056204       -4.8367025
     40500.0000000   -10003.6035153     3827.6656834     8387.1146338       -0.2202551       -2.8805827       -5.8762083
     43200.0000000    -7850.0471251     -541.5774493     -754.2761591        4.4552667       -3.4693229       -7.2955498


 1 90032U RELEAS14 00051.38558242 +.00332394  00000 0  96401-4 0 0062                                                                                                                                                                                                                                                                                                                                                                                                                                                           
 2 90032  63.8221 352.9474 7190794 239.0801 307.3271  2.4861841700210                                                                                                                                                                                                                                                                                                                                                                                                                                                           

         0.0000000    -3150.5024043    10900.2461396    21218.2697243       -2.3574172       -1.1818676       -2.9760980
      2700.0000000    20665.5005218    12635.6672960    30946.6796006       -1.5210212        0.4932180        0.5934316
      5400.0000000    26677.2119120     3277.8411121    14030.6288554        0.7551225        1.1952053        2.6192515
      8100.0000000    -8939.0272614     5175.8091761     7797.8797453       -0.7701278       -2.8446214       -5.9513712
     10800.0000000    10480.7733424    13572.1196226    30494.2489143       -2.1786542       -0.0143803       -0.6981706
     13500.0000000    24020.1513834    10260.6171498    28322.4275318       -1.1465686        0.7351035        1.1067232
     16200.0000000    26872.9420987     3185.1347604    15422.6120555        0.5429462        1.1592561        2.5070498
     18900.0000000    11752.3477146    -4000.1614277    -3885.8790195        5.8059560        0.5271877        3.0942775
     21600.0000000    -6011.5448845     8912.5708830    15625.4366048       -2.1908823       -1.6452542       -4.0904215
     24300.0000000     5415.0342791    12746.2585114    27506.2612132       -2.4203803       -0.2664483       -1.4508618
     27000.0000000    14097.3742142    12534.8217148    30545.9517632       -2.0375476        0.2739960       -0.2570438
     29700.0000000    19746.2205933    11039.8652794    30046.6617150       -1.6287039        0.5785071        0.4849175
     32400.0000000    23049.6467811     9298.0217761    28243.4147444       -1.2651099        0.7655133        0.9840710
     35100.0000000    24729.6808078     7837.9334780    26398.2906538       -0.9878344        0.8761158        1.3036192
     37800.0000000    25375.9071859     6940.5093570    25256.1657346       -0.8357260        0.9301342        1.4621176
     40500.0000000    25327.3760198     6729.1362255    25167.2966151       -0.8356544        0.9385430        1.4632565
     43200.0000000    24592.3971523     7213.3496768    26117.7285557       -0.9896077        0.9046320        1.3058880


 1 90033U RELEAS14 00051.92409179 +.00000011  00000 0  00000 0 0 0041                                                                                                                                                                                                                                                                                                                                                                                                                                                           
 2 90033  52.6683  23.9378 0137366 276.7208  81.7737  6.4729361700921                                                                                                                                                                                                                                                                                                                                                                                                                                                           

         0.0000000    11096.4529364     4926.0275264       -0.0053085       -1.3421540        3.2089652        4.5606841
      2700.0000000     5125.3189621     8301.9558530     7437.3535336       -4.8278845        0.4172905        2.9535732
      5400.0000000    -4429.5820165     6195.1426391     9687.1711239       -5.0063505       -2.5294840       -0.6712442
      8100.0000000   -11092.4801516      142.2339589     5240.0412185       -1.7960467       -3.7831197       -3.8301921
     10800.0000000   -10237.6569889    -5869.9366887    -2852.7312352        2.7569714       -2.5431961       -4.3389905
     13500.0000000    -2208.4147512    -7825.8329088    -8860.2189138        5.5167638        0.4318229       -1.6994133
     16200.0000000     7453.9162406    -4383.9220805    -8330.3603628        4.3592075        3.1002759        2.2360383
     18900.0000000    11816.8128271     2018.8570619    -1630.4331403        0.0801783        3.5865401        4.5009122
     21600.0000000     7840.5442170     6974.5855028     6285.4351842       -4.1765223        1.6695417        3.4884479
     24300.0000000    -1579.9436019     7302.1083280     9792.0362536       -5.5116667       -1.2486638        0.0669515
     27000.0000000   -10001.2392917     2943.7379362     6521.0860887       -3.1233230       -3.3021295       -3.3759304
     29700.0000000   -11677.2768799    -3239.4892536    -1271.3540488        1.4588320       -3.2108299       -4.4970141
     32400.0000000    -5256.9738790    -7189.2411882    -8123.9593639        5.1637988       -0.9693448       -2.3976188
     35100.0000000     4919.4788108    -6212.2035597    -9011.4897861        5.2474027        1.9558349        1.5137874
     37800.0000000    11581.3229786     -980.3110231    -3220.0747999        1.5576188        3.5136435        4.3082796
     40500.0000000    10010.1413415     4885.4707766     4954.7159062       -3.1619644        2.6744809        3.9334646
     43200.0000000     1472.3909028     7505.0933571     9632.9276852       -5.6004855        0.1272991        0.8058140


 1 90034U RELEAS14 00051.38558242 +.00711372  97635-5  13083-2 0 0021                                                                                                                                                                                                                                                                                                                                                                                                                                                           
 2 90034  62.8218  97.3466 0233042 119.4400 242.9881 17.6709972501011                                                                                                                                                                                                                                                                                                                                                                                                                                                           

         0.0000000     -803.1264540     6245.4533903       -4.0491821       -3.5614651       -0.6257614        7.0412596
Warning: Decay condition. Distance from the Geoid (Km) =    -81.253

