 HQ AFSPC Sgp4Prop DLL - Version: v8.0 - Build: Nov 05 2020 - Platform: Linux 32-bit                                           


EPHEMERIS GENERATED BY SGP4 USING THE WGS-72 EARTH MODEL
COORDINATE FRAME=TRUE EQUATOR AND MEAN EQUINOX OF EPOCH
USING THE FK5 MEAN OF J2000 TIME AND REFERENCE FRAME

INPUT FILE = input/rel14.inp
Start Time =         0.0000 min from epoch
Stop Time  =     43200.0000 min from epoch
Step size  =      2700.0000 min


     TSINCE (MIN)   NODAL PER(MIN)1/NODAL(REVS/DAY)       N(REVS/DY)    ANOM PER(MIN)      APOGEE (KM)      PERIGEE(KM)


 1 90021U RELEAS14 00051.47568104 +.00000184  00000 0  00000 0 0 0814                                                                                                                                                                                                                                                                                                                                                                                                                                                           
 2 90021   0.0222 182.4923 0000720  45.6036 131.8822  1.0027132801199                                                                                                                                                                                                                                                                                                                                                                                                                                                           

         0.0000000     1436.0288272        1.0027654        1.0026760     1436.1568132    42168.9531773    42162.8812852
      2700.0000000     1436.0158099        1.0027745        1.0026851     1436.1437935    42168.6985297    42162.6262523
      5400.0000000     1436.0027930        1.0027836        1.0026942     1436.1307743    42168.4438895    42162.3712270
      8100.0000000     1435.9897770        1.0027927        1.0027033     1436.1177560    42168.1892671    42162.1162193
     10800.0000000     1435.9767625        1.0028017        1.0027124     1436.1047392    42167.9346724    42161.8612394
     13500.0000000     1435.9637500        1.0028108        1.0027215     1436.0917244    42167.6801158    42161.6062975
     16200.0000000     1435.9507400        1.0028199        1.0027306     1436.0787121    42167.4256076    42161.3514041
     18900.0000000     1435.9377331        1.0028290        1.0027396     1436.0657028    42167.1711584    42161.0965697
     21600.0000000     1435.9247297        1.0028381        1.0027487     1436.0526972    42166.9167791    42160.8418051
     24300.0000000     1435.9117306        1.0028472        1.0027578     1436.0396957    42166.6624806    42160.5871213
     27000.0000000     1435.8987361        1.0028562        1.0027669     1436.0266989    42166.4082742    42160.3325297
     29700.0000000     1435.8857470        1.0028653        1.0027759     1436.0137075    42166.1541716    42160.0780419
     32400.0000000     1435.8727639        1.0028744        1.0027850     1436.0007221    42165.9001849    42159.8236699
     35100.0000000     1435.8597874        1.0028834        1.0027941     1435.9877432    42165.6463265    42159.5694261
     37800.0000000     1435.8468181        1.0028925        1.0028031     1435.9747716    42165.3926092    42159.3153236
     40500.0000000     1435.8338567        1.0029015        1.0028122     1435.9618080    42165.1390465    42159.0613755
     43200.0000000     1435.8209040        1.0029106        1.0028212     1435.9488529    42164.8856522    42158.8075959


 1 90022U RELEAS14 00051.59174492 +.00000136  00000 0  00000 0 0 0733                                                                                                                                                                                                                                                                                                                                                                                                                                                           
 2 90022   4.5701  71.6069 0014162  60.8451 299.2453  0.9654587100306                                                                                                                                                                                                                                                                                                                                                                                                                                                           

         0.0000000     1491.4731180        0.9654884        0.9654249     1491.5711829    43304.9537306    43182.4702408
      2700.0000000     1491.4649084        0.9654937        0.9654302     1491.5629723    43304.7909465    43182.3156342
      5400.0000000     1491.4528004        0.9655016        0.9654381     1491.5508627    43304.5526947    43182.0857732
      8100.0000000     1491.4462274        0.9655058        0.9654423     1491.5442889    43304.4215912    43181.9627575
     10800.0000000     1491.4490800        0.9655040        0.9654405     1491.5471419    43304.4729485    43182.0216866
     13500.0000000     1491.4581490        0.9654981        0.9654346     1491.5562121    43304.6446426    43182.2006122
     16200.0000000     1491.4670324        0.9654923        0.9654289     1491.5650966    43304.8127425    43182.3759539
     18900.0000000     1491.4702292        0.9654903        0.9654268     1491.5682938    43304.8707619    43182.4415263
     21600.0000000     1491.4654020        0.9654934        0.9654299     1491.5634660    43304.7734541    43182.3522106
     24300.0000000     1491.4547693        0.9655003        0.9654368     1491.5528318    43304.5637607    43182.1508271
     27000.0000000     1491.4450956        0.9655065        0.9654431     1491.5431569    43304.3726332    43181.9679568
     29700.0000000     1491.4440265        0.9655072        0.9654438     1491.5420877    43304.3480740    43181.9511841
     32400.0000000     1491.4535705        0.9655011        0.9654376     1491.5516329    43304.5289623    43182.1392782
     35100.0000000     1491.4669063        0.9654924        0.9654289     1491.5649704    43304.7832527    43182.4005669
     37800.0000000     1491.4735133        0.9654881        0.9654247     1491.5715784    43304.9072878    43182.5319686
     40500.0000000     1491.4683929        0.9654915        0.9654280     1491.5664573    43304.8043038    43182.4369927
     43200.0000000     1491.4563998        0.9654992        0.9654357     1491.5544625    43304.5682759    43182.2093488


 1 90023U RELEAS14 00051.45013393 +.00000064  00000 0  00000 0 0 0221                                                                                                                                                                                                                                                                                                                                                                                                                                                           
 2 90023  54.9132 182.6983 0017768 176.8444 183.1487  2.0055852401395                                                                                                                                                                                                                                                                                                                                                                                                                                                           

         0.0000000      717.9662395        2.0056653        2.0055861      717.9946187    26607.9902385    26513.6037902
      2700.0000000      717.9662395        2.0056653        2.0055861      717.9946187    26607.9881771    26513.6058516
      5400.0000000      717.9662395        2.0056653        2.0055861      717.9946187    26607.9861157    26513.6079130
      8100.0000000      717.9662395        2.0056653        2.0055861      717.9946187    26607.9840543    26513.6099743
     10800.0000000      717.9662395        2.0056653        2.0055861      717.9946187    26607.9819929    26513.6120357
     13500.0000000      717.9662395        2.0056653        2.0055861      717.9946187    26607.9799316    26513.6140971
     16200.0000000      717.9662395        2.0056653        2.0055861      717.9946187    26607.9778702    26513.6161585
     18900.0000000      717.9662395        2.0056653        2.0055861      717.9946187    26607.9758088    26513.6182199
     21600.0000000      717.9662395        2.0056653        2.0055861      717.9946187    26607.9737474    26513.6202812
     24300.0000000      717.9662395        2.0056653        2.0055861      717.9946187    26607.9716860    26513.6223426
     27000.0000000      717.9662395        2.0056653        2.0055861      717.9946187    26607.9696246    26513.6244040
     29700.0000000      717.9662395        2.0056653        2.0055861      717.9946187    26607.9675633    26513.6264654
     32400.0000000      717.9662395        2.0056653        2.0055861      717.9946187    26607.9655019    26513.6285268
     35100.0000000      717.9662395        2.0056653        2.0055861      717.9946187    26607.9634405    26513.6305882
     37800.0000000      717.9662395        2.0056653        2.0055861      717.9946187    26607.9613791    26513.6326495
     40500.0000000      717.9662395        2.0056653        2.0055861      717.9946187    26607.9593177    26513.6347109
     43200.0000000      717.9662395        2.0056653        2.0055861      717.9946187    26607.9572563    26513.6367723


 1 90024U RELEAS14 00051.03935584 +.00001327  00000 0  00000 0 0 0882                                                                                                                                                                                                                                                                                                                                                                                                                                                           
 2 90024  64.7717 195.4038 6033327 269.3020  18.6110  2.0061535803847                                                                                                                                                                                                                                                                                                                                                                                                                                                           

         0.0000000      717.7761289        2.0061966        2.0062379      717.7613470    42576.5699970    10533.5175064
      2700.0000000      717.7646161        2.0062287        2.0062701      717.7498346    42575.8808514    10533.6387542
      5400.0000000      717.7531208        2.0062609        2.0063022      717.7383398    42575.1924015    10533.7601678
      8100.0000000      717.7416449        2.0062929        2.0063343      717.7268644    42574.5047201    10533.8817654
     10800.0000000      717.7301902        2.0063250        2.0063663      717.7154102    42573.8178822    10534.0035655
     13500.0000000      717.7187588        2.0063569        2.0063982      717.7039793    42573.1319650    10534.1255872
     16200.0000000      717.7073526        2.0063888        2.0064301      717.6925736    42572.4470488    10534.2478504
     18900.0000000      717.6959738        2.0064206        2.0064619      717.6811952    42571.7632162    10534.3703755
     21600.0000000      717.6846245        2.0064523        2.0064937      717.6698463    42571.0805531    10534.4931838
     24300.0000000      717.6733069        2.0064840        2.0065253      717.6585292    42570.3991477    10534.6162973
     27000.0000000      717.6620234        2.0065155        2.0065569      717.6472461    42569.7190922    10534.7397387
     29700.0000000      717.6507763        2.0065470        2.0065883      717.6359996    42569.0404819    10534.8635316
     32400.0000000      717.6395683        2.0065783        2.0066196      717.6247920    42568.3634156    10534.9877005
     35100.0000000      717.6284018        2.0066095        2.0066509      717.6136259    42567.6879954    10535.1122708
     37800.0000000      717.6172795        2.0066406        2.0066820      717.6025042    42567.0143277    10535.2372687
     40500.0000000      717.6062043        2.0066716        2.0067129      717.5914294    42566.3425224    10535.3627216
     43200.0000000      717.5951790        2.0067024        2.0067438      717.5804046    42565.6726936    10535.4886577


 1 90025U RELEAS14 00051.03935584 +.00001327  00000 0  00000 0 0 0882                                                                                                                                                                                                                                                                                                                                                                                                                                                           
 2 90025  64.7717 195.4038 6833327 269.3020  18.6110  2.0061535803847                                                                                                                                                                                                                                                                                                                                                                                                                                                           

         0.0000000      717.7695272        2.0062150        2.0062634      717.7522026    44700.5938331     8409.0425841
      2700.0000000      717.7537392        2.0062591        2.0063076      717.7364154    44699.6958532     8409.1617818
      5400.0000000      717.7379636        2.0063032        2.0063517      717.7206406    44698.7983940     8409.2810691
      8100.0000000      717.7222035        2.0063473        2.0063957      717.7048813    44697.9015788     8409.4004690
     10800.0000000      717.7064619        2.0063913        2.0064397      717.6891404    44697.0055337     8409.5200054
     13500.0000000      717.6907420        2.0064352        2.0064837      717.6734212    44696.1103879     8409.6397026
     16200.0000000      717.6750468        2.0064791        2.0065275      717.6577268    44695.2162750     8409.7595857
     18900.0000000      717.6593798        2.0065229        2.0065714      717.6420605    44694.3233329     8409.8796807
     21600.0000000      717.6437443        2.0065666        2.0066151      717.6264258    44693.4317043     8410.0000146
     24300.0000000      717.6281440        2.0066103        2.0066587      717.6108263    44692.5415370     8410.1206150
     27000.0000000      717.6125826        2.0066538        2.0067022      717.5952656    44691.6529852     8410.2415110
     29700.0000000      717.5970639        2.0066972        2.0067456      717.5797476    44690.7662095     8410.3627330
     32400.0000000      717.5815919        2.0067404        2.0067889      717.5642764    44689.8813772     8410.4843125
     35100.0000000      717.5661709        2.0067836        2.0068320      717.5488561    44688.9986624     8410.6062821
     37800.0000000      717.5508052        2.0068265        2.0068750      717.5334912    44688.1182475     8410.7286764
     40500.0000000      717.5354995        2.0068693        2.0069178      717.5181862    44687.2403232     8410.8515312
     43200.0000000      717.5202584        2.0069120        2.0069604      717.5029459    44686.3650882     8410.9748840


 1 90026U RELEAS14 00051.03935584 +.00001327  00000 0  00000 0 0 0882                                                                                                                                                                                                                                                                                                                                                                                                                                                           
 2 90026  64.7717 195.4038 7233327 269.3020  18.6110  2.0061535803847                                                                                                                                                                                                                                                                                                                                                                                                                                                           

         0.0000000      717.7646847        2.0062285        2.0062834      717.7450441    45762.4822842     7346.8010065
      2700.0000000      717.7455752        2.0062820        2.0063369      717.7259357    45761.4272907     7346.9133806
      5400.0000000      717.7264703        2.0063354        2.0063903      717.7068318    45760.3724945     7347.0257764
      8100.0000000      717.7073740        2.0063887        2.0064436      717.6877366    45759.3180656     7347.1382212
     10800.0000000      717.6882904        2.0064421        2.0064970      717.6686540    45758.2641759     7347.2507425
     13500.0000000      717.6692235        2.0064954        2.0065503      717.6495882    45757.2109997     7347.3633684
     16200.0000000      717.6501776        2.0065487        2.0066036      717.6305433    45756.1587165     7347.4761278
     18900.0000000      717.6311570        2.0066018        2.0066567      717.6115238    45755.1075106     7347.5890502
     21600.0000000      717.6121662        2.0066549        2.0067098      717.5925340    45754.0575721     7347.7021661
     24300.0000000      717.5932098        2.0067080        2.0067629      717.5735787    45753.0090976     7347.8155072
     27000.0000000      717.5742927        2.0067609        2.0068158      717.5546626    45751.9622929     7347.9291066
     29700.0000000      717.5554198        2.0068136        2.0068685      717.5357907    45750.9173721     7348.0429987
     32400.0000000      717.5365965        2.0068663        2.0069212      717.5169685    45749.8745594     7348.1572194
     35100.0000000      717.5178283        2.0069188        2.0069737      717.4982013    45748.8340889     7348.2718066
     37800.0000000      717.4991210        2.0069711        2.0070260      717.4794950    45747.7962074     7348.3867997
     40500.0000000      717.4804806        2.0070232        2.0070781      717.4608556    45746.7611740     7348.5022406
     43200.0000000      717.4619136        2.0070752        2.0071301      717.4422896    45745.7292608     7348.6181730


 1 90027U RELEAS14 00051.03935584 +.00000209  00000 0  99999-4 0 1844                                                                                                                                                                                                                                                                                                                                                                                                                                                           
 2 90027  64.3871 233.3669 6991935 271.4388  16.5332  1.9699794003847                                                                                                                                                                                                                                                                                                                                                                                                                                                           

         0.0000000      730.9451981        1.9700519        1.9700877      730.9319318    45672.4635803     8085.3498533
      2700.0000000      730.9433376        1.9700569        1.9700927      730.9300713    45670.4765320     8087.2456795
      5400.0000000      730.9342017        1.9700816        1.9701173      730.9209358    45668.1864575     8089.0878237
      8100.0000000      730.9196416        1.9701208        1.9701566      730.9063763    45665.6704954     8090.8899085
     10800.0000000      730.9025043        1.9701670        1.9702028      730.8892396    45663.0472384     8092.6729182
     13500.0000000      730.8859476        1.9702116        1.9702474      730.8726834    45660.4482149     8094.4601536
     16200.0000000      730.8727812        1.9702471        1.9702829      730.8595175    45657.9904389     8096.2723677
     18900.0000000      730.8650709        1.9702679        1.9703037      730.8518075    45655.7599229     8098.1248378
     21600.0000000      730.8639403        1.9702710        1.9703067      730.8506770    45653.8034330     8100.0258947
     24300.0000000      730.8695313        1.9702559        1.9702916      730.8562677    45652.1268385     8101.9766205
     27000.0000000      730.8810211        1.9702249        1.9702607      730.8677571    45650.6958481     8103.9709693
     29700.0000000      730.8966566        1.9701828        1.9702185      730.8833921    45649.4374313     8105.9960091
     32400.0000000      730.9138753        1.9701364        1.9701721      730.9006102    45648.2448709     8108.0328106
     35100.0000000      730.9296157        1.9700939        1.9701297      730.9163499    45646.9906945     8110.0587353
     37800.0000000      730.9408850        1.9700636        1.9700993      730.9276189    45645.5503276     8112.0516352
     40500.0000000      730.9454094        1.9700514        1.9700871      730.9321431    45643.8291347     8113.9946596
     43200.0000000      730.9422357        1.9700599        1.9700957      730.9289695    45641.7874702     8115.8807173


 1 90028U RELEAS14 00051.15714066 -.00000031  00000 0 -13568-4 0 0377                                                                                                                                                                                                                                                                                                                                                                                                                                                           
 2 90028  72.5158 115.6069 0011430 124.7615 235.4297 12.4439648802428                                                                                                                                                                                                                                                                                                                                                                                                                                                           

         0.0000000      115.7076234       12.4451610       12.4488095      115.6737114     7873.1079330     7855.1305564
      2700.0000000      115.7076240       12.4451609       12.4488095      115.6737121     7873.1079636     7855.1305864
      5400.0000000      115.7076247       12.4451608       12.4488094      115.6737127     7873.1079943     7855.1306163
      8100.0000000      115.7076254       12.4451608       12.4488093      115.6737134     7873.1080244     7855.1306468
     10800.0000000      115.7076261       12.4451607       12.4488092      115.6737141     7873.1080550     7855.1306767
     13500.0000000      115.7076267       12.4451606       12.4488092      115.6737147     7873.1080857     7855.1307066
     16200.0000000      115.7076274       12.4451606       12.4488091      115.6737154     7873.1081158     7855.1307371
     18900.0000000      115.7076281       12.4451605       12.4488090      115.6737161     7873.1081464     7855.1307671
     21600.0000000      115.7076287       12.4451604       12.4488089      115.6737167     7873.1081771     7855.1307970
     24300.0000000      115.7076294       12.4451603       12.4488089      115.6737174     7873.1082073     7855.1308275
     27000.0000000      115.7076301       12.4451603       12.4488088      115.6737181     7873.1082379     7855.1308575
     29700.0000000      115.7076307       12.4451602       12.4488087      115.6737188     7873.1082686     7855.1308873
     32400.0000000      115.7076314       12.4451601       12.4488087      115.6737194     7873.1082987     7855.1309178
     35100.0000000      115.7076321       12.4451600       12.4488086      115.6737201     7873.1083293     7855.1309478
     37800.0000000      115.7076327       12.4451600       12.4488085      115.6737208     7873.1083600     7855.1309777
     40500.0000000      115.7076334       12.4451599       12.4488084      115.6737214     7873.1083901     7855.1310082
     43200.0000000      115.7076341       12.4451598       12.4488084      115.6737221     7873.1084207     7855.1310382


 1 90029U RELEAS14 00051.38558242 +.00000961  00000 0  44365-3 0 5319                                                                                                                                                                                                                                                                                                                                                                                                                                                           
 2 90029  98.7064 100.2836 0014146 119.4841 240.7749 14.2193618701011                                                                                                                                                                                                                                                                                                                                                                                                                                                           

         0.0000000      101.2673848       14.2197807       14.2278081      101.2102487     7204.2795563     7183.9260007
      2700.0000000      101.2671232       14.2198174       14.2278449      101.2099874     7204.2669604     7183.9138337
      5400.0000000      101.2668616       14.2198541       14.2278816      101.2097261     7204.2545663     7183.9014633
      8100.0000000      101.2666000       14.2198909       14.2279183      101.2094648     7204.2421589     7183.8891046
     10800.0000000      101.2663384       14.2199276       14.2279551      101.2092035     7204.2295613     7183.8769345
     13500.0000000      101.2660767       14.2199643       14.2279918      101.2089421     7204.2171757     7183.8645507
     16200.0000000      101.2658151       14.2200011       14.2280286      101.2086808     7204.2047535     7183.8522018
     18900.0000000      101.2655534       14.2200378       14.2280653      101.2084194     7204.1921555     7183.8400272
     21600.0000000      101.2652917       14.2200746       14.2281021      101.2081580     7204.1797776     7183.8276308
     24300.0000000      101.2650300       14.2201113       14.2281388      101.2078966     7204.1673402     7183.8152923
     27000.0000000      101.2647682       14.2201481       14.2281756      101.2076351     7204.1547431     7183.8031117
     29700.0000000      101.2645065       14.2201848       14.2282123      101.2073737     7204.1423719     7183.7907037
     32400.0000000      101.2642447       14.2202216       14.2282491      101.2071122     7204.1299189     7183.7783758
     35100.0000000      101.2639829       14.2202584       14.2282858      101.2068507     7204.1173241     7183.7661881
     37800.0000000      101.2637211       14.2202951       14.2283226      101.2065892     7204.1049586     7183.7537695
     40500.0000000      101.2634593       14.2203319       14.2283594      101.2063277     7204.0924897     7183.7414525
     43200.0000000      101.2631975       14.2203687       14.2283961      101.2060662     7204.0798984     7183.7292564


 1 90030U RELEAS14 00051.38558242 +.01672663  94000-5  22520-2 0 0035                                                                                                                                                                                                                                                                                                                                                                                                                                                           
 2 90030  28.5475 124.9280 0081002 156.8669 205.7976 16.0204499601011                                                                                                                                                                                                                                                                                                                                                                                                                                                           

         0.0000000       89.7814317       16.0389512       16.0047049       89.9735428     6705.1303536     6597.3773805
      2700.0000000       89.3431087       16.1176393       16.0833926       89.5333486     6671.1281260     6587.9559373
      5400.0000000       88.9062087       16.1968441       16.1625971       89.0945925     6637.2409018     6578.4904812
      8100.0000000       88.4707293       16.2765698       16.2423224       88.6572721     6603.4684863     6568.9812065
     10800.0000000       88.0366683       16.3568207       16.3225730       88.2213852     6569.8106851     6559.4283080
Sgp4Update: Eccentricity is negative, e = -0.1037E-02. SatNum:     90030-Mse:    13500.00                                      


 1 90031U RELEAS14 00051.38558242 +.00168784  00000 0  70845-3 0 0046                                                                                                                                                                                                                                                                                                                                                                                                                                                           
 2 90031  63.9976   6.4832 7509563 239.3244 315.9903  2.0525984300303                                                                                                                                                                                                                                                                                                                                                                                                                                                           

         0.0000000      701.5047973        2.0527301        2.0527442      701.4999816    45791.7660396     6513.0984960
      2700.0000000      699.3174872        2.0591506        2.0591647      699.3127014    45681.2091736     6514.8742464
      5400.0000000      697.1468871        2.0655618        2.0655759      697.1421310    45571.3450923     6516.6760702
      8100.0000000      694.9930151        2.0719633        2.0719774      694.9882884    45462.1758038     6518.5049792
     10800.0000000      692.8522887        2.0783651        2.0783792      692.8475911    45353.5461956     6520.3394004
     13500.0000000      690.7190796        2.0847839        2.0847980      690.7144108    45245.2113735     6522.1445813
     16200.0000000      688.5874301        2.0912377        2.0912518      688.5827901    45136.9113750     6523.8832159
     18900.0000000      686.4522543        2.0977424        2.0977565      686.4476431    45028.4236379     6525.5230183
     21600.0000000      684.3103360        2.1043084        2.1043225      684.3057534    44919.6067813     6527.0431562
     24300.0000000      682.1612613        2.1109378        2.1109519      682.1567075    44810.4417596     6528.4404021
     27000.0000000      680.0079824        2.1176222        2.1176363      680.0034573    44701.0569582     6529.7330345
     29700.0000000      677.8563867        2.1243438        2.1243579      677.8518902    44591.7098603     6530.9584373
     32400.0000000      675.7135348        2.1310806        2.1310947      675.7090667    44482.7101688     6532.1620596
     35100.0000000      673.5851193        2.1378144        2.1378285      673.5806793    44374.3084024     6533.3811151
     37800.0000000      671.4734134        2.1445376        2.1445517      671.4690012    44266.6055170     6534.6311269
     40500.0000000      669.3768128        2.1512547        2.1512688      669.3724281    44159.5322039     6535.9025744
     43200.0000000      667.2908150        2.1579797        2.1579937      667.2864576    44052.8914060     6537.1668742


 1 90032U RELEAS14 00051.38558242 +.00332394  00000 0  96401-4 0 0062                                                                                                                                                                                                                                                                                                                                                                                                                                                           
 2 90032  63.8221 352.9474 7190794 239.0801 307.3271  2.4861841700210                                                                                                                                                                                                                                                                                                                                                                                                                                                           

         0.0000000      579.1594751        2.4863618        2.4863764      579.1560796    39565.8037554     6465.5822939
      2700.0000000      576.2601424        2.4988714        2.4988860      576.2567808    39408.0716698     6469.5615365
      5400.0000000      573.3705022        2.5114651        2.5114797      573.3671743    39250.7318053     6473.4057685
      8100.0000000      570.4905384        2.5241435        2.5241581      570.4872438    39093.7837315     6477.1154201
     10800.0000000      567.6202346        2.5369074        2.5369220      567.6169731    38937.2270185     6480.6909213
     13500.0000000      564.7595747        2.5497576        2.5497721      564.7563460    38781.0612360     6484.1327024
     16200.0000000      561.9085424        2.5626946        2.5627092      561.9053462    38625.2859538     6487.4411934
     18900.0000000      559.0671215        2.5757193        2.5757339      559.0639575    38469.9007418     6490.6168247
     21600.0000000      556.2352957        2.5888325        2.5888471      556.2321637    38314.9051699     6493.6600263
     24300.0000000      553.4130489        2.6020348        2.6020494      553.4099486    38160.2988079     6496.5712284
     27000.0000000      550.6003648        2.6153270        2.6153416      550.5972959    38006.0812256     6499.3508611
     29700.0000000      547.7972271        2.6287099        2.6287245      547.7941894    37852.2519928     6501.9993547
     32400.0000000      545.0036197        2.6421843        2.6421989      545.0006129    37698.8106794     6504.5171392
     35100.0000000      542.2195263        2.6557509        2.6557655      542.2165502    37545.7568553     6506.9046449
     37800.0000000      539.4449307        2.6694106        2.6694251      539.4419850    37393.0900902     6509.1623019
     40500.0000000      536.6798167        2.6831641        2.6831786      536.6769010    37240.8099541     6511.2905403
     43200.0000000      533.9241679        2.6970122        2.6970268      533.9212822    37088.9160167     6513.2897904


 1 90033U RELEAS14 00051.92409179 +.00000011  00000 0  00000 0 0 0041                                                                                                                                                                                                                                                                                                                                                                                                                                                           
 2 90033  52.6683  23.9378 0137366 276.7208  81.7737  6.4729361700921                                                                                                                                                                                                                                                                                                                                                                                                                                                           

         0.0000000      222.4282220        6.4739986        6.4727869      222.4698622    12329.1431140    11995.0119259
      2700.0000000      222.4282220        6.4739986        6.4727869      222.4698622    12329.1431140    11995.0119259
      5400.0000000      222.4282220        6.4739986        6.4727869      222.4698622    12329.1431140    11995.0119259
      8100.0000000      222.4282220        6.4739986        6.4727869      222.4698622    12329.1431140    11995.0119259
     10800.0000000      222.4282220        6.4739986        6.4727869      222.4698622    12329.1431140    11995.0119259
     13500.0000000      222.4282220        6.4739986        6.4727869      222.4698622    12329.1431140    11995.0119259
     16200.0000000      222.4282220        6.4739986        6.4727869      222.4698622    12329.1431140    11995.0119259
     18900.0000000      222.4282220        6.4739986        6.4727869      222.4698622    12329.1431140    11995.0119259
     21600.0000000      222.4282220        6.4739986        6.4727869      222.4698622    12329.1431140    11995.0119259
     24300.0000000      222.4282220        6.4739986        6.4727869      222.4698622    12329.1431140    11995.0119259
     27000.0000000      222.4282220        6.4739986        6.4727869      222.4698622    12329.1431140    11995.0119259
     29700.0000000      222.4282220        6.4739986        6.4727869      222.4698622    12329.1431140    11995.0119259
     32400.0000000      222.4282220        6.4739986        6.4727869      222.4698622    12329.1431140    11995.0119259
     35100.0000000      222.4282220        6.4739986        6.4727869      222.4698622    12329.1431140    11995.0119259
     37800.0000000      222.4282220        6.4739986        6.4727869      222.4698622    12329.1431140    11995.0119259
     40500.0000000      222.4282220        6.4739986        6.4727869      222.4698622    12329.1431140    11995.0119259
     43200.0000000      222.4282220        6.4739986        6.4727869      222.4698622    12329.1431140    11995.0119259


 1 90034U RELEAS14 00051.38558242 +.00711372  97635-5  13083-2 0 0021                                                                                                                                                                                                                                                                                                                                                                                                                                                           
 2 90034  62.8218  97.3466 0233042 119.4400 242.9881 17.6709972501011                                                                                                                                                                                                                                                                                                                                                                                                                                                           

         0.0000000       81.4606320       17.6772505       17.6766353       81.4634671     6370.0131158     6079.8783550
Warning: Decay condition. Distance from the Geoid (Km) =    -81.253

