 HQ AFSPC Sgp4Prop DLL - Version: v8.0 - Build: Nov 05 2020 - Platform: Linux 32-bit                                           


EPHEMERIS GENERATED BY SGP4 USING THE WGS-72 EARTH MODEL
COORDINATE FRAME=TRUE EQUATOR AND MEAN EQUINOX OF EPOCH
USING THE FK5 MEAN OF J2000 TIME AND REFERENCE FRAME

INPUT FILE = input/rel14.inp
Start Time =         0.0000 min from epoch
Stop Time  =     43200.0000 min from epoch
Step size  =      2700.0000 min


     TSINCE (MIN)           A (KM)          ECC (-)        INC (DEG)       NODE (DEG)      OMEGA (DEG)   TRUE ANOM(DEG)


 1 90021U RELEAS14 00051.47568104 +.00000184  00000 0  00000 0 0 0814                                                                                                                                                                                                                                                                                                                                                                                                                                                           
 2 90021   0.0222 182.4923 0000720  45.6036 131.8822  1.0027132801199                                                                                                                                                                                                                                                                                                                                                                                                                                                           

         0.0000000    42165.9171734        0.0000544        0.0349004      158.1222764      100.3213143      101.5786086
      2700.0000000    42165.6623332        0.0000815        0.0377770      163.2946949       91.8042480       61.7707648
      5400.0000000    42165.4074994        0.0001014        0.0382901      166.4288261       76.8039085       30.4844970
      8100.0000000    42165.1526845        0.0001090        0.0374244      167.3454257       61.5854938        1.6366680
     10800.0000000    42164.8978981        0.0001029        0.0367279      166.5428499       47.9743257      332.9074269
     13500.0000000    42164.6431489        0.0000844        0.0374150      165.4652806       36.7204481      302.1056708
     16200.0000000    42164.3884471        0.0000577        0.0399194      165.7179179       31.5035968      263.9474929
     18900.0000000    42164.1338051        0.0000358        0.0437277      167.7722758       50.1407366      200.1429479
     21600.0000000    42163.8792346        0.0000456        0.0474518      170.9854608       83.6880960      120.2756991
     24300.0000000    42163.6247435        0.0000728        0.0494085      174.3693045       83.5666128       73.9103819
     27000.0000000    42163.3703429        0.0000960        0.0488131      176.9129653       71.0407210       40.7929389
     29700.0000000    42163.1160477        0.0001081        0.0467826      177.6669956       56.5347467       11.4502938
     32400.0000000    42162.8618697        0.0001067        0.0457731      176.5994921       43.0524066      342.9130496
     35100.0000000    42162.6078189        0.0000922        0.0474276      175.6135660       30.6737738      313.1991805
     37800.0000000    42162.3539075        0.0000676        0.0509933      176.4945159       21.2274895      278.6942598
     40500.0000000    42162.1001515        0.0000415        0.0541313      178.9235865       27.2544616      227.1748103
     43200.0000000    42161.8465666        0.0000386        0.0550656      181.7698970       64.0762943      144.4485404


 1 90022U RELEAS14 00051.59174492 +.00000136  00000 0  00000 0 0 0733                                                                                                                                                                                                                                                                                                                                                                                                                                                           
 2 90022   4.5701  71.6069 0014162  60.8451 299.2453  0.9654587100306                                                                                                                                                                                                                                                                                                                                                                                                                                                           

         0.0000000    43243.7216811        0.0014516        4.5813038       71.8948063       59.7927084      299.8979404
      2700.0000000    43243.5460859        0.0014110        4.5812504       71.8860660       59.9778987      231.4326451
      5400.0000000    43243.3197448        0.0013987        4.5827583       71.8576847       61.5521876      161.7606775
      8100.0000000    43243.1984417        0.0014298        4.5861243       71.8234958       62.5669951       92.5950135
     10800.0000000    43243.2375160        0.0014634        4.5905449       71.8064517       61.7933307       24.9955241
     13500.0000000    43243.4304547        0.0014583        4.5952830       71.8100399       60.3126451      317.9901834
     16200.0000000    43243.5925557        0.0014201        4.5986754       71.8278780       59.9916264      249.9479992
     18900.0000000    43243.6506679        0.0013971        4.6003422       71.8515753       61.3485317      180.4118792
     21600.0000000    43243.5723530        0.0014179        4.6006658       71.8566671       62.7404163      110.8608412
     24300.0000000    43243.3487628        0.0014547        4.6005664       71.8344790       62.4285068       42.8535885
     27000.0000000    43243.1730054        0.0014602        4.6023296       71.7914114       60.9574987      335.8902127
     29700.0000000    43243.1540364        0.0014267        4.6064086       71.7469027       60.1632043      268.3433670
     32400.0000000    43243.3247591        0.0013957        4.6115439       71.7326106       61.1463321      199.1949420
     35100.0000000    43243.6008451        0.0014063        4.6158043       71.7459620       62.7411813      129.4679076
     37800.0000000    43243.7158354        0.0014450        4.6173781       71.7625438       62.9323603       60.9773776
     40500.0000000    43243.6170532        0.0014616        4.6174472       71.7601256       61.6204259      353.8227897
     43200.0000000    43243.3976594        0.0014351        4.6179530       71.7247877       60.4721827      286.5625510


 1 90023U RELEAS14 00051.45013393 +.00000064  00000 0  00000 0 0 0221                                                                                                                                                                                                                                                                                                                                                                                                                                                           
 2 90023  54.9132 182.6983 0017768 176.8444 183.1487  2.0055852401395                                                                                                                                                                                                                                                                                                                                                                                                                                                           

         0.0000000    26562.4592105        0.0017545       54.9296006      182.6908966      169.0887813      190.9373690
      2700.0000000    26559.1490498        0.0018217       54.9299159      182.6175346      167.9054915      106.1655113
      5400.0000000    26562.4062825        0.0018505       54.9320875      182.5446572      170.1851326       17.5565851
      8100.0000000    26559.2568288        0.0017792       54.9278597      182.4693332      170.9586916      290.3379847
     10800.0000000    26562.2309253        0.0017685       54.9288301      182.3956783      168.7123295      206.5025222
     13500.0000000    26559.4977849        0.0018357       54.9275377      182.3186660      168.7724235      120.5308402
     16200.0000000    26561.9537553        0.0018256       54.9326022      182.2457954      170.7510257       32.3025947
     18900.0000000    26559.7956166        0.0017711       54.9356903      182.1692729      170.2953269      306.2936644
     21600.0000000    26561.6083669        0.0017964       54.9413274      182.0985132      168.9006261      221.5258744
     24300.0000000    26560.2028410        0.0018302       54.9419301      182.0227703      169.9363884      134.5774136
     27000.0000000    26561.1808805        0.0017950       54.9410059      181.9522933      170.7108490       47.6155377
     29700.0000000    26560.6131504        0.0017842       54.9373830      181.8747777      169.6570565      322.2032014
     32400.0000000    26560.7615991        0.0018198       54.9360882      181.8025473      169.7708658      235.8668935
     35100.0000000    26561.0716544        0.0018051       54.9385780      181.7243722      170.8410750      148.8947387
     37800.0000000    26560.3002700        0.0017764       54.9425033      181.6532888      170.0266855       63.6031871
     40500.0000000    26561.4849254        0.0018132       54.9469137      181.5773206      169.4546229      337.7182104
     43200.0000000    26559.9229115        0.0018269       54.9461046      181.5071378      170.9838138      249.8778677


 1 90024U RELEAS14 00051.03935584 +.00001327  00000 0  00000 0 0 0882                                                                                                                                                                                                                                                                                                                                                                                                                                                           
 2 90024  64.7717 195.4038 6033327 269.3020  18.6110  2.0061535803847                                                                                                                                                                                                                                                                                                                                                                                                                                                           

         0.0000000    26562.9780427        0.6031251       64.7747165      195.3967463      269.3309041       74.6893888
      2700.0000000    26554.2614151        0.6030204       64.7764006      195.2603846      269.2990364      224.5589588
      5400.0000000    26553.4740622        0.6031069       64.7755843      195.1278672      269.2663613      188.4892267
      8100.0000000    26553.1446926        0.6030727       64.7754571      194.9956651      269.2269870      160.7636624
     10800.0000000    26557.5786407        0.6030025       64.7782198      194.8599685      269.2115375      106.5861942
     13500.0000000    26554.4186841        0.6029767       64.7765313      194.7199256      269.1817976      237.3720537
     16200.0000000    26552.3018248        0.6030667       64.7746148      194.5849860      269.1622517      194.1076086
     18900.0000000    26552.0497788        0.6030448       64.7779964      194.4514710      269.1270073      166.7560416
     21600.0000000    26553.4766667        0.6029149       64.7854970      194.3172620      269.1032006      124.8853824
     24300.0000000    26556.7007007        0.6029165       64.7901666      194.1786490      269.0670317      257.2240810
     27000.0000000    26551.1391143        0.6029605       64.7866785      194.0439323      269.0469163      200.2787535
     29700.0000000    26550.9673257        0.6029830       64.7844874      193.9119543      269.0057125      172.4651682
     32400.0000000    26551.1819447        0.6028801       64.7847621      193.7784920      268.9753997      137.4342033
     35100.0000000    26559.0777848        0.6029523       64.7868624      193.6416515      268.9499292      295.3368641
     37800.0000000    26550.0295909        0.6028913       64.7867924      193.5013118      268.9345509      207.3199339
     40500.0000000    26549.8834246        0.6029186       64.7899328      193.3687128      268.8965589      178.0714144
     43200.0000000    26549.6660918        0.6028147       64.7940998      193.2367335      268.8585481      147.0843352


 1 90025U RELEAS14 00051.03935584 +.00001327  00000 0  00000 0 0 0882                                                                                                                                                                                                                                                                                                                                                                                                                                                           
 2 90025  64.7717 195.4038 6833327 269.3020  18.6110  2.0061535803847                                                                                                                                                                                                                                                                                                                                                                                                                                                           

         0.0000000    26565.1613517        0.6830418       64.7760897      195.3967310      269.3325893       90.7793083
      2700.0000000    26553.4621804        0.6829645       64.7749652      195.2009064      269.2951027      216.8618102
      5400.0000000    26553.2467112        0.6830431       64.7739327      195.0124377      269.2557827      187.0555397
      8100.0000000    26552.7258033        0.6830129       64.7738643      194.8238613      269.2123163      164.0496028
     10800.0000000    26555.5698660        0.6829134       64.7776210      194.6325872      269.1882337      119.2421627
     13500.0000000    26552.6773716        0.6829095       64.7753659      194.4320232      269.1603165      227.5143405
     16200.0000000    26551.6224094        0.6830037       64.7730246      194.2409674      269.1323258      191.7559382
     18900.0000000    26551.2621492        0.6829810       64.7761262      194.0507125      269.0929495      169.0613721
     21600.0000000    26551.4854988        0.6828470       64.7835431      193.8605492      269.0609955      134.6202555
     24300.0000000    26554.2360593        0.6828209       64.7886380      193.6617830      269.0265786      244.5110009
     27000.0000000    26549.9803599        0.6828966       64.7840708      193.4718637      268.9984108      196.9557746
     29700.0000000    26549.7879895        0.6829147       64.7820346      193.2835654      268.9532438      173.8754906
     32400.0000000    26549.2652073        0.6828198       64.7825556      193.0938448      268.9162928      145.0804123
     35100.0000000    26562.5745992        0.6828928       64.7873332      192.8980191      268.8830485      281.3064456
     37800.0000000    26548.3456527        0.6828279       64.7841958      192.7006570      268.8676677      202.9365040
     40500.0000000    26548.2982002        0.6828468       64.7869795      192.5116702      268.8251757      178.6392174
     43200.0000000    26547.6326938        0.6827528       64.7909327      192.3235975      268.7818740      153.1498926


 1 90026U RELEAS14 00051.03935584 +.00001327  00000 0  00000 0 0 0882                                                                                                                                                                                                                                                                                                                                                                                                                                                           
 2 90026  64.7717 195.4038 7233327 269.3020  18.6110  2.0061535803847                                                                                                                                                                                                                                                                                                                                                                                                                                                           

         0.0000000    26565.1231128        0.7229686       64.7767250      195.3972464      269.3318268       99.5007742
      2700.0000000    26553.0788739        0.7229195       64.7738885      195.1514285      269.2910412      213.1649097
      5400.0000000    26553.0715954        0.7229938       64.7726918      194.9158820      269.2465930      186.3701926
      8100.0000000    26552.4332724        0.7229653       64.7726723      194.6799894      269.1989086      165.6227461
     10800.0000000    26554.2535953        0.7228554       64.7769930      194.4418835      269.1683303      125.5031677
     13500.0000000    26551.6843683        0.7228613       64.7744386      194.1910611      269.1395972      222.7488806
     16200.0000000    26551.1060632        0.7229551       64.7718224      193.9528015      269.1056214      190.6359162
     18900.0000000    26550.6614084        0.7229324       64.7747619      193.7149942      269.0619775      170.1708173
     21600.0000000    26550.2853729        0.7227995       64.7821563      193.4777239      269.0241975      139.3430161
     24300.0000000    26552.4805502        0.7227606       64.7874679      193.2289159      268.9890322      238.2283900
     27000.0000000    26549.1095295        0.7228489       64.7822770      192.9924364      268.9545935      195.3813158
     29700.0000000    26548.8686188        0.7228654       64.7803217      192.7568576      268.9052867      174.5661654
     32400.0000000    26547.9972500        0.7227752       64.7810238      192.5198522      268.8631960      148.7810681
     35100.0000000    26563.8445768        0.7228360       64.7877106      192.2743831      268.8246103      273.7344935
     37800.0000000    26547.0984383        0.7227810       64.7824188      192.0296197      268.8068140      200.8734435
     40500.0000000    26547.0539713        0.7227969       64.7849678      191.7933047      268.7599905      178.9405203
     43200.0000000    26546.1729532        0.7227082       64.7888262      191.5580720      268.7120756      156.0994819


 1 90027U RELEAS14 00051.03935584 +.00000209  00000 0  99999-4 0 1844                                                                                                                                                                                                                                                                                                                                                                                                                                                           
 2 90027  64.3871 233.3669 6991935 271.4388  16.5332  1.9699794003847                                                                                                                                                                                                                                                                                                                                                                                                                                                           

         0.0000000    26890.5571033        0.6991749       64.3688732      233.4029987      271.4213871       88.8590760
      2700.0000000    26877.8316436        0.6991014       64.3654602      233.1858563      271.4013468      204.1848140
      5400.0000000    26877.9010688        0.6990676       64.3671579      232.9783402      271.3716543      174.0389705
      8100.0000000    26878.1707174        0.6988480       64.3729420      232.7743686      271.3476500      131.2976440
     10800.0000000    26877.0130884        0.6987849       64.3713802      232.5613803      271.3320109      216.8873833
     13500.0000000    26876.7539916        0.6988333       64.3668215      232.3614312      271.3019953      181.3867253
     16200.0000000    26875.9854305        0.6987302       64.3671936      232.1599503      271.2713967      148.5559776
     18900.0000000    26879.1743088        0.6986740       64.3709065      231.9432008      271.2578032      239.4076620
     21600.0000000    26876.1443571        0.6987561       64.3670953      231.7324840      271.2460326      188.9093229
     24300.0000000    26876.0256541        0.6986556       64.3712837      231.5224759      271.2178076      159.7266900
     27000.0000000    26877.2652695        0.6984669       64.3766601      231.3122429      271.2072165      323.4481497
     29700.0000000    26876.7916341        0.6984308       64.3763793      231.0989856      271.1847266      197.2012038
     32400.0000000    26877.3082783        0.6983640       64.3748067      230.9000634      271.1460195      168.4331603
     35100.0000000    26884.3649710        0.6982435       64.3797085      230.6967549      271.1310967      106.4164101
     37800.0000000    26877.7451512        0.6982518       64.3741599      230.4814538      271.1114180      207.2475829
     40500.0000000    26878.1937732        0.6982752       64.3748900      230.2719495      271.0848520      176.0516220
     43200.0000000    26878.1722951        0.6980721       64.3823371      230.0618776      271.0634156      136.9479014


 1 90028U RELEAS14 00051.15714066 -.00000031  00000 0 -13568-4 0 0377                                                                                                                                                                                                                                                                                                                                                                                                                                                           
 2 90028  72.5158 115.6069 0011430 124.7615 235.4297 12.4439648802428                                                                                                                                                                                                                                                                                                                                                                                                                                                           

         0.0000000     7871.7575267        0.0018611       72.5245694      115.6068934       97.1572586      262.8222626
      2700.0000000     7859.7171850        0.0012366       72.5107553      112.9077006       89.1535088       28.2859481
      5400.0000000     7861.5551516        0.0022638       72.5128594      110.2322042       88.4285060      146.3693845
      8100.0000000     7871.4288156        0.0017813       72.5241969      107.5292126       95.0836411      256.5368633
     10800.0000000     7858.0993973        0.0010400       72.5089017      104.8345082       87.6527855       21.4098720
     13500.0000000     7863.7253587        0.0020550       72.5153571      102.1576885       87.3549885      139.0944747
     16200.0000000     7870.4824690        0.0017368       72.5231151       99.4517567       95.5747635      247.6885480
     18900.0000000     7856.9929693        0.0008955       72.5076336       96.7617984       91.0430745        9.6417231
     21600.0000000     7865.9311043        0.0018855       72.5178927       94.0823987       88.4270014      129.6718872
     24300.0000000     7868.9994708        0.0017594       72.5214156       91.3747299       97.7893165      237.1185970
     27000.0000000     7856.4918962        0.0008474       72.5070590       88.6893737       98.6212413      353.6849091
     29700.0000000     7867.9864019        0.0017877       72.5202523       86.0063556       91.0507448      118.6952091
     32400.0000000     7867.1060012        0.0018659       72.5192422       83.2983000      100.1344742      226.4197548
     35100.0000000     7856.6387994        0.0009158       72.5072270       80.6170124      105.6795008      338.2474926
     37800.0000000     7869.7173166        0.0017750       72.5222366       77.9296437       93.7511122      107.6393835
     40500.0000000     7864.9625383        0.0020475       72.5167787       75.2225844      101.1141655      217.0879585
     43200.0000000     7857.4213127        0.0010750       72.5081232       72.5444870      108.0561401      327.4914645


 1 90029U RELEAS14 00051.38558242 +.00000961  00000 0  44365-3 0 5319                                                                                                                                                                                                                                                                                                                                                                                                                                                           
 2 90029  98.7064 100.2836 0014146 119.4841 240.7749 14.2193618701011                                                                                                                                                                                                                                                                                                                                                                                                                                                           

         0.0000000     7203.0691670        0.0022744       98.7009285      100.2836000       96.3667801      263.6331724
      2700.0000000     7191.5727324        0.0028023       98.7079329      102.1285353       84.3851930      148.7543232
      5400.0000000     7186.3972152        0.0010106       98.7110769      103.9869819       81.2043936       24.4260150
      8100.0000000     7200.5174980        0.0021006       98.7024534      105.8382142       97.8873430      240.1897326
     10800.0000000     7198.1598900        0.0021774       98.7038836      107.6797475       87.3860339      123.9280651
     13500.0000000     7185.2664998        0.0009103       98.7117434      109.5337649      110.7397851      333.0466832
     16200.0000000     7194.4536699        0.0025874       98.7061326      111.3907899      103.5579063      212.8378026
     18900.0000000     7202.4699966        0.0022323       98.7012385      113.2337400       93.8436484       95.8496196
     21600.0000000     7188.9385652        0.0016032       98.7094856      115.0813329      108.7753923      313.3927904
     24300.0000000     7188.2295597        0.0033936       98.7099235      116.9404776       96.0158761      198.9367586
     27000.0000000     7202.2166605        0.0025638       98.7013799      118.7887942       83.8893765       84.3876630
     29700.0000000     7195.2939193        0.0022778       98.7055959      120.6314773       87.3244453      313.4553885
     32400.0000000     7185.0983961        0.0038543       98.7118251      122.4880457       80.1302373      193.6115196
     35100.0000000     7197.6238587        0.0026504       98.7041617      124.3427589       61.2405146       85.8276384
     37800.0000000     7200.8989226        0.0025859       98.7021624      126.1845999       63.9971127      315.6284447
     40500.0000000     7186.5564261        0.0036722       98.7109097      128.0353723       61.2672317      191.4881471
     43200.0000000     7191.1650297        0.0024180       98.7080771      129.8941930       32.2296868       93.8410989


 1 90030U RELEAS14 00051.38558242 +.01672663  94000-5  22520-2 0 0035                                                                                                                                                                                                                                                                                                                                                                                                                                                           
 2 90030  28.5475 124.9280 0081002 156.8669 205.7976 16.0204499601011                                                                                                                                                                                                                                                                                                                                                                                                                                                           

         0.0000000     6653.4907719        0.0072429       28.5654078      124.9308870      148.5576967      213.6426809
      2700.0000000     6628.0561787        0.0061562       28.5356781      110.6352066      167.7769360      257.6191998
      5400.0000000     6610.1509361        0.0055107       28.5656340       96.1262590      193.3481149      349.0077949
      8100.0000000     6588.4193692        0.0016547       28.5651016       81.4670272      250.8362234      101.1505803
     10800.0000000     6565.4715278        0.0014591       28.5543743       66.7058571      218.5900776      355.4332569
Sgp4Update: Eccentricity is negative, e = -0.1037E-02. SatNum:     90030-Mse:    13500.00                                      


 1 90031U RELEAS14 00051.38558242 +.00168784  00000 0  70845-3 0 0046                                                                                                                                                                                                                                                                                                                                                                                                                                                           
 2 90031  63.9976   6.4832 7509563 239.3244 315.9903  2.0525984300303                                                                                                                                                                                                                                                                                                                                                                                                                                                           

         0.0000000    26150.0839765        0.7493789       63.9753508        6.4288248      239.3277983      223.6027898
      2700.0000000    26097.9021023        0.7489282       63.9774258        6.1259629      239.2965148      200.3010319
      5400.0000000    26044.3435272        0.7484596       63.9771319        5.8147416      239.2737642      187.8963341
      8100.0000000    25990.7045589        0.7479346       63.9729002        5.4943849      239.2620144      178.2610842
     10800.0000000    25937.3071078        0.7473224       63.9668054        5.1674141      239.2564902      169.3215565
     13500.0000000    25884.3089651        0.7466346       63.9617819        4.8383055      239.2510237      159.8894588
     16200.0000000    25832.1077631        0.7459228       63.9601413        4.5112921      239.2411016      148.5907261
     18900.0000000    25782.0951777        0.7452724       63.9624067        4.1882563      239.2255537      132.5600408
     21600.0000000    25736.8491261        0.7447939       63.9644419        3.8664447      239.2027034      101.3937220
     24300.0000000    25669.9752358        0.7442269       63.9605824        3.5615059      239.1706420      352.9094211
     27000.0000000    25620.8716705        0.7438204       63.9616663        3.2279539      239.1489654      266.8488924
     29700.0000000    25559.1316241        0.7433006       63.9501103        2.8963374      239.1533970      245.9889402
     32400.0000000    25504.5055312        0.7427090       63.9399419        2.5594206      239.1527283      238.8495018
     35100.0000000    25450.8797922        0.7420298       63.9346221        2.2245133      239.1415101      238.0711339
     37800.0000000    25397.9958618        0.7413715       63.9358089        1.8971475      239.1171317      242.9939994
     40500.0000000    25348.6171843        0.7408369       63.9415857        1.5754978      239.0834132      257.5798549
     43200.0000000    25324.0990155        0.7406539       63.9478279        1.2606794      239.0494550      307.0475468


 1 90032U RELEAS14 00051.38558242 +.00332394  00000 0  96401-4 0 0062                                                                                                                                                                                                                                                                                                                                                                                                                                                           
 2 90032  63.8221 352.9474 7190794 239.0801 307.3271  2.4861841700210                                                                                                                                                                                                                                                                                                                                                                                                                                                           

         0.0000000    23013.3176519        0.7177319       63.8235212      352.9334502      239.0453124      221.6549885
      2700.0000000    22938.9970369        0.7167747       63.8256340      352.5440735      239.0087670      182.3265160
      5400.0000000    22863.2898741        0.7156449       63.8279243      352.1395628      238.9973410      152.0417803
      8100.0000000    22786.3157342        0.7145871       63.8196225      351.7150719      238.9943829      258.8310833
     10800.0000000    22708.6866334        0.7136142       63.8076047      351.3088546      238.9925981      197.2672913
     13500.0000000    22632.7960804        0.7123973       63.8067621      350.8954500      238.9729149      176.0358666
     16200.0000000    22557.3321299        0.7111292       63.8098487      350.4805775      238.9588624      154.5318106
     18900.0000000    22491.9949948        0.7101060       63.8130658      350.0577874      238.9520489      101.6037775
     21600.0000000    22401.1223490        0.7089651       63.8053547      349.6449813      238.9303990      234.4141457
     24300.0000000    22327.5434685        0.7080981       63.8023307      349.2350391      238.9091124      205.6145607
     27000.0000000    22252.6108359        0.7071323       63.7983709      348.8137853      238.8924919      192.5972018
     29700.0000000    22177.2256756        0.7060615       63.7921002      348.3831705      238.8842442      184.0411582
     32400.0000000    22101.8200358        0.7048898       63.7868087      347.9487502      238.8760745      177.9242414
     35100.0000000    22026.5178089        0.7036905       63.7851668      347.5167591      238.8605451      173.7961629
     37800.0000000    21951.3352847        0.7025597       63.7863672      347.0888148      238.8381243      171.6894083
     40500.0000000    21876.2571665        0.7015361       63.7869444      346.6609032      238.8160727      171.7239744
     43200.0000000    21801.2810998        0.7005796       63.7839803      346.2275382      238.8014058      173.9105631


 1 90033U RELEAS14 00051.92409179 +.00000011  00000 0  00000 0 0 0041                                                                                                                                                                                                                                                                                                                                                                                                                                                           
 2 90033  52.6683  23.9378 0137366 276.7208  81.7737  6.4729361700921                                                                                                                                                                                                                                                                                                                                                                                                                                                           

         0.0000000    12165.5213612        0.0132867       52.6744717       23.9378000      278.0739982       81.9259703
      2700.0000000    12161.5027212        0.0131928       52.6672956       22.7615336      277.4949211      132.1848076
      5400.0000000    12158.8541164        0.0134533       52.6624041       21.5676562      278.7827148      179.8147936
      8100.0000000    12163.4929572        0.0131092       52.6709100       20.3789922      279.3652926      228.1463502
     10800.0000000    12164.9366371        0.0133371       52.6733938       19.2064836      279.4586578      277.7279238
     13500.0000000    12159.5886108        0.0131702       52.6638727       18.0235841      281.7916169      326.1240203
     16200.0000000    12160.2588560        0.0131856       52.6650734       16.8276350      281.5967747       17.6456512
     18900.0000000    12165.3479624        0.0133862       52.6741171       15.6477338      283.8181269       66.4247267
     21600.0000000    12162.6120212        0.0131507       52.6693163       14.4740579      283.8081643      116.4494320
     24300.0000000    12158.7019766        0.0134655       52.6621299       13.2826538      284.3509646      164.9976703
     27000.0000000    12162.4345656        0.0131728       52.6689808       12.0908382      285.6745846      212.4953468
     29700.0000000    12165.3944968        0.0132568       52.6742591       10.9166473      285.2050839      262.3345061
     32400.0000000    12160.5801184        0.0132802       52.6656038        9.7376851      287.6351875      310.3137858
     35100.0000000    12159.3365152        0.0131092       52.6634601        8.5419621      287.7180055        1.4607185
     37800.0000000    12164.7832746        0.0134489       52.6730799        7.3579436      289.3602752       51.0209836
     40500.0000000    12163.6861685        0.0131694       52.6712465        6.1857490      290.1857445      100.5525377
     43200.0000000    12158.8908920        0.0134313       52.6624951        4.9976402      289.9774664      150.0947006


 1 90034U RELEAS14 00051.38558242 +.00711372  97635-5  13083-2 0 0021                                                                                                                                                                                                                                                                                                                                                                                                                                                           
 2 90034  62.8218  97.3466 0233042 119.4400 242.9881 17.6709972501011                                                                                                                                                                                                                                                                                                                                                                                                                                                           

         0.0000000     6233.2354441        0.0238865       62.8416684       97.3465677      116.4967818      243.4618090
Warning: Decay condition. Distance from the Geoid (Km) =    -81.253

